<?xml version="1.0" encoding="UTF-8"?>
<robot generator="Robot 3.1.2 (Python 3.7.2 on win32)" generated="20191011 15:34:02.318" rpa="false">
<suite id="s1" name="Report" source="C:\Users\Tephudsadin\testbot\DailyReportV5\siampiwat_report\report.robot">
<kw name="Open Chrome" library="Common" type="setup">
<kw name="Get Variable Value" library="BuiltIn">
<doc>Returns variable value or ``default`` if the variable does not exist.</doc>
<arguments>
<arg>${openChrome}</arg>
<arg>${false}</arg>
</arguments>
<assign>
<var>${openChrome}</var>
</assign>
<msg timestamp="20191011 15:34:03.473" level="INFO">${openChrome} = False</msg>
<status status="PASS" starttime="20191011 15:34:03.469" endtime="20191011 15:34:03.473"></status>
</kw>
<kw name="Run Keyword If" library="BuiltIn">
<doc>Runs the given keyword with the given arguments, if ``condition`` is true.</doc>
<arguments>
<arg>${openChrome}</arg>
<arg>Go To</arg>
<arg>${url}</arg>
</arguments>
<status status="PASS" starttime="20191011 15:34:03.473" endtime="20191011 15:34:03.473"></status>
</kw>
<kw name="Return From Keyword If" library="BuiltIn">
<doc>Returns from the enclosing user keyword if ``condition`` is true.</doc>
<arguments>
<arg>${openChrome} == ${true}</arg>
</arguments>
<status status="PASS" starttime="20191011 15:34:03.473" endtime="20191011 15:34:03.473"></status>
</kw>
<kw name="Open Browser" library="SeleniumLibrary">
<doc>Opens a new browser instance to the given ``url``.</doc>
<arguments>
<arg>${url}</arg>
<arg>browser=firefox</arg>
</arguments>
<msg timestamp="20191011 15:34:03.473" level="INFO">Opening browser 'firefox' to base url 'about:blank'.</msg>
<status status="PASS" starttime="20191011 15:34:03.473" endtime="20191011 15:34:11.008"></status>
</kw>
<kw name="Set Window Size" library="SeleniumLibrary">
<doc>Sets current windows size to given ``width`` and ``height``.</doc>
<arguments>
<arg>${width}</arg>
<arg>${height}</arg>
</arguments>
<status status="PASS" starttime="20191011 15:34:11.008" endtime="20191011 15:34:11.036"></status>
</kw>
<kw name="Register Keyword To Run On Failure" library="SeleniumLibrary">
<doc>Sets the keyword to execute when a SeleniumLibrary keyword fails.</doc>
<arguments>
<arg>None</arg>
</arguments>
<msg timestamp="20191011 15:34:11.036" level="INFO">No keyword will be run on failure.</msg>
<status status="PASS" starttime="20191011 15:34:11.036" endtime="20191011 15:34:11.036"></status>
</kw>
<kw name="Set Global Variable" library="BuiltIn">
<doc>Makes a variable available globally in all tests and suites.</doc>
<arguments>
<arg>${openChrome}</arg>
<arg>${true}</arg>
</arguments>
<msg timestamp="20191011 15:34:11.036" level="INFO">${openChrome} = True</msg>
<status status="PASS" starttime="20191011 15:34:11.036" endtime="20191011 15:34:11.036"></status>
</kw>
<status status="PASS" starttime="20191011 15:34:03.469" endtime="20191011 15:34:11.036"></status>
</kw>
<test id="s1-t1" name="Report18">
<kw name="Get Active User" library="Firebase">
<assign>
<var>${activeUser}</var>
</assign>
<kw name="Login Firebase" library="Firebase">
<kw name="Get Variable Value" library="BuiltIn">
<doc>Returns variable value or ``default`` if the variable does not exist.</doc>
<arguments>
<arg>${loginFirebase}</arg>
<arg>${false}</arg>
</arguments>
<assign>
<var>${loginFirebase}</var>
</assign>
<msg timestamp="20191011 15:34:11.040" level="INFO">${loginFirebase} = False</msg>
<status status="PASS" starttime="20191011 15:34:11.040" endtime="20191011 15:34:11.040"></status>
</kw>
<kw name="Return From Keyword If" library="BuiltIn">
<doc>Returns from the enclosing user keyword if ``condition`` is true.</doc>
<arguments>
<arg>${loginFirebase} == ${true}</arg>
</arguments>
<status status="PASS" starttime="20191011 15:34:11.040" endtime="20191011 15:34:11.040"></status>
</kw>
<kw name="Open Chrome" library="Common">
<arguments>
<arg>${FIREBASE_URL}</arg>
</arguments>
<kw name="Get Variable Value" library="BuiltIn">
<doc>Returns variable value or ``default`` if the variable does not exist.</doc>
<arguments>
<arg>${openChrome}</arg>
<arg>${false}</arg>
</arguments>
<assign>
<var>${openChrome}</var>
</assign>
<msg timestamp="20191011 15:34:11.044" level="INFO">${openChrome} = True</msg>
<status status="PASS" starttime="20191011 15:34:11.044" endtime="20191011 15:34:11.044"></status>
</kw>
<kw name="Run Keyword If" library="BuiltIn">
<doc>Runs the given keyword with the given arguments, if ``condition`` is true.</doc>
<arguments>
<arg>${openChrome}</arg>
<arg>Go To</arg>
<arg>${url}</arg>
</arguments>
<kw name="Go To" library="SeleniumLibrary">
<doc>Navigates the active browser instance to the provided ``url``.</doc>
<arguments>
<arg>${url}</arg>
</arguments>
<msg timestamp="20191011 15:34:11.044" level="INFO">Opening url 'https://console.firebase.google.com/project/onesiam-mobile'</msg>
<status status="PASS" starttime="20191011 15:34:11.044" endtime="20191011 15:34:14.276"></status>
</kw>
<status status="PASS" starttime="20191011 15:34:11.044" endtime="20191011 15:34:14.276"></status>
</kw>
<kw name="Return From Keyword If" library="BuiltIn">
<doc>Returns from the enclosing user keyword if ``condition`` is true.</doc>
<arguments>
<arg>${openChrome} == ${true}</arg>
</arguments>
<msg timestamp="20191011 15:34:14.280" level="INFO">Returning from the enclosing user keyword.</msg>
<status status="PASS" starttime="20191011 15:34:14.280" endtime="20191011 15:34:14.280"></status>
</kw>
<status status="PASS" starttime="20191011 15:34:11.040" endtime="20191011 15:34:14.280"></status>
</kw>
<kw name="Set Variable" library="BuiltIn">
<doc>Returns the given values which can then be assigned to a variables.</doc>
<arguments>
<arg>xpath=//*[@id="identifierId" or @id="Email"]</arg>
</arguments>
<assign>
<var>${locator_email}</var>
</assign>
<msg timestamp="20191011 15:34:14.284" level="INFO">${locator_email} = xpath=//*[@id="identifierId" or @id="Email"]</msg>
<status status="PASS" starttime="20191011 15:34:14.284" endtime="20191011 15:34:14.284"></status>
</kw>
<kw name="Set Variable" library="BuiltIn">
<doc>Returns the given values which can then be assigned to a variables.</doc>
<arguments>
<arg>xpath=//*[@id="password"]//input|//*[@id="Passwd"]</arg>
</arguments>
<assign>
<var>${locator_password}</var>
</assign>
<msg timestamp="20191011 15:34:14.284" level="INFO">${locator_password} = xpath=//*[@id="password"]//input|//*[@id="Passwd"]</msg>
<status status="PASS" starttime="20191011 15:34:14.284" endtime="20191011 15:34:14.284"></status>
</kw>
<kw name="Set Variable" library="BuiltIn">
<doc>Returns the given values which can then be assigned to a variables.</doc>
<arguments>
<arg>xpath=//*[@id="identifierNext" or @id="next"]</arg>
</arguments>
<assign>
<var>${locator_next}</var>
</assign>
<msg timestamp="20191011 15:34:14.288" level="INFO">${locator_next} = xpath=//*[@id="identifierNext" or @id="next"]</msg>
<status status="PASS" starttime="20191011 15:34:14.284" endtime="20191011 15:34:14.288"></status>
</kw>
<kw name="Set Variable" library="BuiltIn">
<doc>Returns the given values which can then be assigned to a variables.</doc>
<arguments>
<arg>xpath=//*[@id="passwordNext" or @id="signIn"]</arg>
</arguments>
<assign>
<var>${locator_signIn}</var>
</assign>
<msg timestamp="20191011 15:34:14.288" level="INFO">${locator_signIn} = xpath=//*[@id="passwordNext" or @id="signIn"]</msg>
<status status="PASS" starttime="20191011 15:34:14.288" endtime="20191011 15:34:14.288"></status>
</kw>
<kw name="Wait Until Element Is Visible" library="SeleniumLibrary">
<doc>Waits until element ``locator`` is visible.</doc>
<arguments>
<arg>${locator_email}</arg>
</arguments>
<status status="PASS" starttime="20191011 15:34:14.288" endtime="20191011 15:34:14.384"></status>
</kw>
<kw name="Input Text" library="SeleniumLibrary">
<doc>Types the given ``text`` into text field identified by ``locator``.</doc>
<arguments>
<arg>${locator_email}</arg>
<arg>${FIREBASE_USR}</arg>
</arguments>
<msg timestamp="20191011 15:34:14.384" level="INFO">Typing text 'Karthoke.Tester@gmail.com' into text field 'xpath=//*[@id="identifierId" or @id="Email"]'.</msg>
<status status="PASS" starttime="20191011 15:34:14.384" endtime="20191011 15:34:14.779"></status>
</kw>
<kw name="Press Keys" library="SeleniumLibrary">
<doc>Simulates user pressing key(s) to an element or on the active browser.</doc>
<arguments>
<arg>${locator_email}</arg>
<arg>RETURN</arg>
</arguments>
<msg timestamp="20191011 15:34:14.779" level="INFO">Sending key(s) ('RETURN',) to xpath=//*[@id="identifierId" or @id="Email"] element.</msg>
<msg timestamp="20191011 15:34:14.783" level="INFO">Pressing special key RETURN to element.</msg>
<status status="PASS" starttime="20191011 15:34:14.779" endtime="20191011 15:34:15.199"></status>
</kw>
<kw name="Wait Until Element Is Not Visible" library="SeleniumLibrary">
<doc>Waits until element ``locator`` is not visible.</doc>
<arguments>
<arg>${locator_email}</arg>
</arguments>
<status status="PASS" starttime="20191011 15:34:15.199" endtime="20191011 15:34:16.424"></status>
</kw>
<kw name="Wait Until Element Is Visible" library="SeleniumLibrary">
<doc>Waits until element ``locator`` is visible.</doc>
<arguments>
<arg>${locator_password}</arg>
</arguments>
<status status="PASS" starttime="20191011 15:34:16.424" endtime="20191011 15:34:16.560"></status>
</kw>
<kw name="Input Password" library="SeleniumLibrary">
<doc>Types the given password into text field identified by ``locator``.</doc>
<arguments>
<arg>${locator_password}</arg>
<arg>${FIREBASE_PWD}</arg>
</arguments>
<msg timestamp="20191011 15:34:16.560" level="INFO">Typing password into text field 'xpath=//*[@id="password"]//input|//*[@id="Passwd"]'.</msg>
<status status="PASS" starttime="20191011 15:34:16.560" endtime="20191011 15:34:16.660"></status>
</kw>
<kw name="Press Keys" library="SeleniumLibrary">
<doc>Simulates user pressing key(s) to an element or on the active browser.</doc>
<arguments>
<arg>${locator_password}</arg>
<arg>RETURN</arg>
</arguments>
<msg timestamp="20191011 15:34:16.660" level="INFO">Sending key(s) ('RETURN',) to xpath=//*[@id="password"]//input|//*[@id="Passwd"] element.</msg>
<msg timestamp="20191011 15:34:16.676" level="INFO">Pressing special key RETURN to element.</msg>
<status status="PASS" starttime="20191011 15:34:16.660" endtime="20191011 15:34:17.098"></status>
</kw>
<kw name="Wait Until Element Is Not Visible" library="SeleniumLibrary">
<doc>Waits until element ``locator`` is not visible.</doc>
<arguments>
<arg>${locator_password}</arg>
</arguments>
<status status="PASS" starttime="20191011 15:34:17.098" endtime="20191011 15:34:18.812"></status>
</kw>
<kw name="Run Keyword And Return Status" library="BuiltIn">
<doc>Runs the given keyword with given arguments and returns the status as a Boolean value.</doc>
<arguments>
<arg>Wait Until Element Is Visible</arg>
<arg>//*[@id="view_container"]/div/div/div[2]/div/div/div/form/span/section/div/div/div/ul/li[3]/div/div[2]</arg>
</arguments>
<assign>
<var>${isnotPass}</var>
</assign>
<kw name="Wait Until Element Is Visible" library="SeleniumLibrary">
<doc>Waits until element ``locator`` is visible.</doc>
<arguments>
<arg>//*[@id="view_container"]/div/div/div[2]/div/div/div/form/span/section/div/div/div/ul/li[3]/div/div[2]</arg>
</arguments>
<msg timestamp="20191011 15:34:30.300" level="FAIL">WebDriverException: Message: Failed to decode response from marionette
</msg>
<status status="FAIL" starttime="20191011 15:34:18.812" endtime="20191011 15:34:30.300"></status>
</kw>
<msg timestamp="20191011 15:34:30.300" level="INFO">${isnotPass} = False</msg>
<status status="PASS" starttime="20191011 15:34:18.812" endtime="20191011 15:34:30.300"></status>
</kw>
<kw name="Return From Keyword If" library="BuiltIn">
<doc>Returns from the enclosing user keyword if ``condition`` is true.</doc>
<arguments>
<arg>${isnotPass} == ${true}</arg>
<arg>LoginMoblie</arg>
</arguments>
<status status="PASS" starttime="20191011 15:34:30.300" endtime="20191011 15:34:30.300"></status>
</kw>
<kw name="Set Global Variable" library="BuiltIn">
<doc>Makes a variable available globally in all tests and suites.</doc>
<arguments>
<arg>${loginFirebase}</arg>
<arg>${true}</arg>
</arguments>
<msg timestamp="20191011 15:34:30.300" level="INFO">${loginFirebase} = True</msg>
<status status="PASS" starttime="20191011 15:34:30.300" endtime="20191011 15:34:30.300"></status>
</kw>
<status status="PASS" starttime="20191011 15:34:11.040" endtime="20191011 15:34:30.300"></status>
</kw>
<kw name="Get Today Epoch" library="Firebase">
<assign>
<var>${today}</var>
</assign>
<kw name="Get Time" library="BuiltIn">
<doc>Returns the given time in the requested format.</doc>
<arguments>
<arg>year,month,day</arg>
</arguments>
<assign>
<var>${y}</var>
<var>${m}</var>
<var>${d}</var>
</assign>
<msg timestamp="20191011 15:34:30.300" level="INFO">${y} = 2019</msg>
<msg timestamp="20191011 15:34:30.300" level="INFO">${m} = 10</msg>
<msg timestamp="20191011 15:34:30.300" level="INFO">${d} = 11</msg>
<status status="PASS" starttime="20191011 15:34:30.300" endtime="20191011 15:34:30.300"></status>
</kw>
<kw name="Get Time" library="BuiltIn">
<doc>Returns the given time in the requested format.</doc>
<arguments>
<arg>epoch</arg>
<arg>${y}-${m}-${d} 00:00:00</arg>
</arguments>
<assign>
<var>${epoch}</var>
</assign>
<msg timestamp="20191011 15:34:30.300" level="INFO">${epoch} = 1570726800</msg>
<status status="PASS" starttime="20191011 15:34:30.300" endtime="20191011 15:34:30.300"></status>
</kw>
<kw name="Set Variable" library="BuiltIn">
<doc>Returns the given values which can then be assigned to a variables.</doc>
<arguments>
<arg>${epoch}000</arg>
</arguments>
<assign>
<var>${begin}</var>
</assign>
<msg timestamp="20191011 15:34:30.300" level="INFO">${begin} = 1570726800000</msg>
<status status="PASS" starttime="20191011 15:34:30.300" endtime="20191011 15:34:30.300"></status>
</kw>
<kw name="Set Variable" library="BuiltIn">
<doc>Returns the given values which can then be assigned to a variables.</doc>
<arguments>
<arg>${epoch+86399}000</arg>
</arguments>
<assign>
<var>${end}</var>
</assign>
<msg timestamp="20191011 15:34:30.300" level="INFO">${end} = 1570813199000</msg>
<status status="PASS" starttime="20191011 15:34:30.300" endtime="20191011 15:34:30.300"></status>
</kw>
<msg timestamp="20191011 15:34:30.300" level="INFO">${today} = ['1570726800000', '1570813199000']</msg>
<status status="PASS" starttime="20191011 15:34:30.300" endtime="20191011 15:34:30.300"></status>
</kw>
<kw name="Redirect" library="Firebase">
<arguments>
<arg>https://analytics.google.com/analytics/app/mobile/?authuser=0&amp;hl=th&amp;fpn=828751992199#/p182686739/mobile/overview?fpn=828751992199&amp;swu=1&amp;sgu=1&amp;sus=not_upgraded&amp;t=${today[0]}</arg>
</arguments>
<kw name="${interval} IN RANGE [ 5 ]" type="for">
<kw name="${interval} = 0" type="foritem">
<kw name="Go To" library="SeleniumLibrary">
<doc>Navigates the active browser instance to the provided ``url``.</doc>
<arguments>
<arg>${url}</arg>
</arguments>
<msg timestamp="20191011 15:34:30.308" level="INFO">Opening url 'https://analytics.google.com/analytics/app/mobile/?authuser=0&amp;hl=th&amp;fpn=828751992199#/p182686739/mobile/overview?fpn=828751992199&amp;swu=1&amp;sgu=1&amp;sus=not_upgraded&amp;t=1570726800000'</msg>
<msg timestamp="20191011 15:34:30.308" level="FAIL">InvalidSessionIdException: Message: Tried to run command without establishing a connection
</msg>
<status status="FAIL" starttime="20191011 15:34:30.308" endtime="20191011 15:34:30.308"></status>
</kw>
<status status="FAIL" starttime="20191011 15:34:30.308" endtime="20191011 15:34:30.308"></status>
</kw>
<status status="FAIL" starttime="20191011 15:34:30.300" endtime="20191011 15:34:30.308"></status>
</kw>
<status status="FAIL" starttime="20191011 15:34:30.300" endtime="20191011 15:34:30.308"></status>
</kw>
<status status="FAIL" starttime="20191011 15:34:11.040" endtime="20191011 15:34:30.308"></status>
</kw>
<status status="FAIL" starttime="20191011 15:34:11.040" endtime="20191011 15:34:30.311" critical="yes">InvalidSessionIdException: Message: Tried to run command without establishing a connection
</status>
</test>
<kw name="Close Chrome" library="Common" type="teardown">
<kw name="Return From Keyword If" library="BuiltIn">
<doc>Returns from the enclosing user keyword if ``condition`` is true.</doc>
<arguments>
<arg>${openChrome} == ${false}</arg>
</arguments>
<status status="PASS" starttime="20191011 15:34:30.315" endtime="20191011 15:34:30.315"></status>
</kw>
<kw name="Close Browser" library="SeleniumLibrary">
<doc>Closes the current browser.</doc>
<status status="PASS" starttime="20191011 15:34:30.319" endtime="20191011 15:34:30.327"></status>
</kw>
<kw name="Set Global Variable" library="BuiltIn">
<doc>Makes a variable available globally in all tests and suites.</doc>
<arguments>
<arg>${openChrome}</arg>
<arg>${false}</arg>
</arguments>
<msg timestamp="20191011 15:34:30.331" level="INFO">${openChrome} = False</msg>
<status status="PASS" starttime="20191011 15:34:30.327" endtime="20191011 15:34:30.331"></status>
</kw>
<status status="PASS" starttime="20191011 15:34:30.315" endtime="20191011 15:34:30.331"></status>
</kw>
<status status="FAIL" starttime="20191011 15:34:02.318" endtime="20191011 15:34:30.331"></status>
</suite>
<statistics>
<total>
<stat pass="0" fail="1">Critical Tests</stat>
<stat pass="0" fail="1">All Tests</stat>
</total>
<tag>
</tag>
<suite>
<stat pass="0" fail="1" id="s1" name="Report">Report</stat>
</suite>
</statistics>
<errors>
</errors>
</robot>
