<?xml version="1.0" encoding="UTF-8"?>
<robot generator="Robot 3.1.2 (Python 3.7.2 on win32)" generated="20191010 16:48:56.750" rpa="false">
<suite id="s1" name="Report" source="C:\Users\Tephudsadin\testbot\DailyReportV5\siampiwat_report\report.robot">
<kw name="Open Chrome" library="Common" type="setup">
<kw name="Get Variable Value" library="BuiltIn">
<doc>Returns variable value or ``default`` if the variable does not exist.</doc>
<arguments>
<arg>${openChrome}</arg>
<arg>${false}</arg>
</arguments>
<assign>
<var>${openChrome}</var>
</assign>
<msg timestamp="20191010 16:48:57.838" level="INFO">${openChrome} = False</msg>
<status status="PASS" starttime="20191010 16:48:57.834" endtime="20191010 16:48:57.838"></status>
</kw>
<kw name="Run Keyword If" library="BuiltIn">
<doc>Runs the given keyword with the given arguments, if ``condition`` is true.</doc>
<arguments>
<arg>${openChrome}</arg>
<arg>Go To</arg>
<arg>${url}</arg>
</arguments>
<status status="PASS" starttime="20191010 16:48:57.838" endtime="20191010 16:48:57.838"></status>
</kw>
<kw name="Return From Keyword If" library="BuiltIn">
<doc>Returns from the enclosing user keyword if ``condition`` is true.</doc>
<arguments>
<arg>${openChrome} == ${true}</arg>
</arguments>
<status status="PASS" starttime="20191010 16:48:57.839" endtime="20191010 16:48:57.839"></status>
</kw>
<kw name="Get Variable Value" library="BuiltIn">
<doc>Returns variable value or ``default`` if the variable does not exist.</doc>
<arguments>
<arg>${headless}</arg>
<arg>${true}</arg>
</arguments>
<assign>
<var>${headless}</var>
</assign>
<msg timestamp="20191010 16:48:57.841" level="INFO">${headless} = True</msg>
<status status="PASS" starttime="20191010 16:48:57.839" endtime="20191010 16:48:57.842"></status>
</kw>
<kw name="Get Variable Value" library="BuiltIn">
<doc>Returns variable value or ``default`` if the variable does not exist.</doc>
<arguments>
<arg>${proxy}</arg>
<arg>${empty}</arg>
</arguments>
<assign>
<var>${proxy}</var>
</assign>
<msg timestamp="20191010 16:48:57.844" level="INFO">${proxy} = </msg>
<status status="PASS" starttime="20191010 16:48:57.842" endtime="20191010 16:48:57.844"></status>
</kw>
<kw name="Evaluate" library="BuiltIn">
<doc>Evaluates the given expression in Python and returns the results.</doc>
<arguments>
<arg>{'goog:chromeOptions':{'useAutomationExtension':False,'args':['no-sandbox','disable-dev-shm-usage','disable-gpu','disable-extensions','log-level=3','remote-debugging-port=9222']}}</arg>
</arguments>
<assign>
<var>${chromeOptions}</var>
</assign>
<msg timestamp="20191010 16:48:57.844" level="INFO">${chromeOptions} = {'goog:chromeOptions': {'useAutomationExtension': False, 'args': ['no-sandbox', 'disable-dev-shm-usage', 'disable-gpu', 'disable-extensions', 'log-level=3', 'remote-debugging-port=9222']}}</msg>
<status status="PASS" starttime="20191010 16:48:57.844" endtime="20191010 16:48:57.845"></status>
</kw>
<kw name="Run Keyword If" library="BuiltIn">
<doc>Runs the given keyword with the given arguments, if ``condition`` is true.</doc>
<arguments>
<arg>${${headless}}</arg>
<arg>Append To List</arg>
<arg>${chromeOptions['goog:chromeOptions']['args']}</arg>
<arg>headless</arg>
</arguments>
<kw name="Append To List" library="Collections">
<doc>Adds ``values`` to the end of ``list``.</doc>
<arguments>
<arg>${chromeOptions['goog:chromeOptions']['args']}</arg>
<arg>headless</arg>
</arguments>
<status status="PASS" starttime="20191010 16:48:57.845" endtime="20191010 16:48:57.846"></status>
</kw>
<status status="PASS" starttime="20191010 16:48:57.845" endtime="20191010 16:48:57.846"></status>
</kw>
<kw name="Run Keyword If" library="BuiltIn">
<doc>Runs the given keyword with the given arguments, if ``condition`` is true.</doc>
<arguments>
<arg>'${proxy}' != ''</arg>
<arg>Append To List</arg>
<arg>${chromeOptions['goog:chromeOptions']['args']}</arg>
<arg>proxy-server=${proxy}</arg>
</arguments>
<status status="PASS" starttime="20191010 16:48:57.846" endtime="20191010 16:48:57.846"></status>
</kw>
<kw name="Open Browser" library="SeleniumLibrary">
<doc>Opens a new browser instance to the given ``url``.</doc>
<arguments>
<arg>${url}</arg>
<arg>browser=chrome</arg>
<arg>desired_capabilities=${chromeOptions}</arg>
</arguments>
<msg timestamp="20191010 16:48:57.847" level="INFO">Opening browser 'chrome' to base url 'about:blank'.</msg>
<status status="PASS" starttime="20191010 16:48:57.847" endtime="20191010 16:49:03.515"></status>
</kw>
<kw name="Set Window Size" library="SeleniumLibrary">
<doc>Sets current windows size to given ``width`` and ``height``.</doc>
<arguments>
<arg>${width}</arg>
<arg>${height}</arg>
</arguments>
<status status="PASS" starttime="20191010 16:49:03.515" endtime="20191010 16:49:07.624"></status>
</kw>
<kw name="Register Keyword To Run On Failure" library="SeleniumLibrary">
<doc>Sets the keyword to execute when a SeleniumLibrary keyword fails.</doc>
<arguments>
<arg>None</arg>
</arguments>
<msg timestamp="20191010 16:49:07.625" level="INFO">No keyword will be run on failure.</msg>
<status status="PASS" starttime="20191010 16:49:07.624" endtime="20191010 16:49:07.625"></status>
</kw>
<kw name="Set Global Variable" library="BuiltIn">
<doc>Makes a variable available globally in all tests and suites.</doc>
<arguments>
<arg>${openChrome}</arg>
<arg>${true}</arg>
</arguments>
<msg timestamp="20191010 16:49:07.625" level="INFO">${openChrome} = True</msg>
<status status="PASS" starttime="20191010 16:49:07.625" endtime="20191010 16:49:07.625"></status>
</kw>
<status status="PASS" starttime="20191010 16:48:57.833" endtime="20191010 16:49:07.625"></status>
</kw>
<test id="s1-t1" name="Report18">
<kw name="Get Active User" library="Firebase">
<assign>
<var>${activeUser}</var>
</assign>
<kw name="Login Firebase" library="Firebase">
<kw name="Get Variable Value" library="BuiltIn">
<doc>Returns variable value or ``default`` if the variable does not exist.</doc>
<arguments>
<arg>${loginFirebase}</arg>
<arg>${false}</arg>
</arguments>
<assign>
<var>${loginFirebase}</var>
</assign>
<msg timestamp="20191010 16:49:07.628" level="INFO">${loginFirebase} = False</msg>
<status status="PASS" starttime="20191010 16:49:07.626" endtime="20191010 16:49:07.628"></status>
</kw>
<kw name="Return From Keyword If" library="BuiltIn">
<doc>Returns from the enclosing user keyword if ``condition`` is true.</doc>
<arguments>
<arg>${loginFirebase} == ${true}</arg>
</arguments>
<status status="PASS" starttime="20191010 16:49:07.628" endtime="20191010 16:49:07.628"></status>
</kw>
<kw name="Open Chrome" library="Common">
<arguments>
<arg>${FIREBASE_URL}</arg>
</arguments>
<kw name="Get Variable Value" library="BuiltIn">
<doc>Returns variable value or ``default`` if the variable does not exist.</doc>
<arguments>
<arg>${openChrome}</arg>
<arg>${false}</arg>
</arguments>
<assign>
<var>${openChrome}</var>
</assign>
<msg timestamp="20191010 16:49:07.629" level="INFO">${openChrome} = True</msg>
<status status="PASS" starttime="20191010 16:49:07.629" endtime="20191010 16:49:07.629"></status>
</kw>
<kw name="Run Keyword If" library="BuiltIn">
<doc>Runs the given keyword with the given arguments, if ``condition`` is true.</doc>
<arguments>
<arg>${openChrome}</arg>
<arg>Go To</arg>
<arg>${url}</arg>
</arguments>
<kw name="Go To" library="SeleniumLibrary">
<doc>Navigates the active browser instance to the provided ``url``.</doc>
<arguments>
<arg>${url}</arg>
</arguments>
<msg timestamp="20191010 16:49:07.630" level="INFO">Opening url 'https://console.firebase.google.com/project/onesiam-mobile'</msg>
<status status="PASS" starttime="20191010 16:49:07.629" endtime="20191010 16:49:09.068"></status>
</kw>
<status status="PASS" starttime="20191010 16:49:07.629" endtime="20191010 16:49:09.068"></status>
</kw>
<kw name="Return From Keyword If" library="BuiltIn">
<doc>Returns from the enclosing user keyword if ``condition`` is true.</doc>
<arguments>
<arg>${openChrome} == ${true}</arg>
</arguments>
<msg timestamp="20191010 16:49:09.069" level="INFO">Returning from the enclosing user keyword.</msg>
<status status="PASS" starttime="20191010 16:49:09.068" endtime="20191010 16:49:09.069"></status>
</kw>
<status status="PASS" starttime="20191010 16:49:07.628" endtime="20191010 16:49:09.069"></status>
</kw>
<kw name="Set Variable" library="BuiltIn">
<doc>Returns the given values which can then be assigned to a variables.</doc>
<arguments>
<arg>xpath=//*[@id="identifierId" or @id="Email"]</arg>
</arguments>
<assign>
<var>${locator_email}</var>
</assign>
<msg timestamp="20191010 16:49:09.069" level="INFO">${locator_email} = xpath=//*[@id="identifierId" or @id="Email"]</msg>
<status status="PASS" starttime="20191010 16:49:09.069" endtime="20191010 16:49:09.070"></status>
</kw>
<kw name="Set Variable" library="BuiltIn">
<doc>Returns the given values which can then be assigned to a variables.</doc>
<arguments>
<arg>xpath=//*[@id="password"]//input|//*[@id="Passwd"]</arg>
</arguments>
<assign>
<var>${locator_password}</var>
</assign>
<msg timestamp="20191010 16:49:09.070" level="INFO">${locator_password} = xpath=//*[@id="password"]//input|//*[@id="Passwd"]</msg>
<status status="PASS" starttime="20191010 16:49:09.070" endtime="20191010 16:49:09.070"></status>
</kw>
<kw name="Set Variable" library="BuiltIn">
<doc>Returns the given values which can then be assigned to a variables.</doc>
<arguments>
<arg>xpath=//*[@id="identifierNext" or @id="next"]</arg>
</arguments>
<assign>
<var>${locator_next}</var>
</assign>
<msg timestamp="20191010 16:49:09.070" level="INFO">${locator_next} = xpath=//*[@id="identifierNext" or @id="next"]</msg>
<status status="PASS" starttime="20191010 16:49:09.070" endtime="20191010 16:49:09.070"></status>
</kw>
<kw name="Set Variable" library="BuiltIn">
<doc>Returns the given values which can then be assigned to a variables.</doc>
<arguments>
<arg>xpath=//*[@id="passwordNext" or @id="signIn"]</arg>
</arguments>
<assign>
<var>${locator_signIn}</var>
</assign>
<msg timestamp="20191010 16:49:09.070" level="INFO">${locator_signIn} = xpath=//*[@id="passwordNext" or @id="signIn"]</msg>
<status status="PASS" starttime="20191010 16:49:09.070" endtime="20191010 16:49:09.070"></status>
</kw>
<kw name="Wait Until Element Is Visible" library="SeleniumLibrary">
<doc>Waits until element ``locator`` is visible.</doc>
<arguments>
<arg>${locator_email}</arg>
</arguments>
<status status="PASS" starttime="20191010 16:49:09.071" endtime="20191010 16:49:09.097"></status>
</kw>
<kw name="Input Text" library="SeleniumLibrary">
<doc>Types the given ``text`` into text field identified by ``locator``.</doc>
<arguments>
<arg>${locator_email}</arg>
<arg>${FIREBASE_USR}</arg>
</arguments>
<msg timestamp="20191010 16:49:09.098" level="INFO">Typing text 'Karthoke.Tester@gmail.com' into text field 'xpath=//*[@id="identifierId" or @id="Email"]'.</msg>
<status status="PASS" starttime="20191010 16:49:09.097" endtime="20191010 16:49:09.223"></status>
</kw>
<kw name="Press Keys" library="SeleniumLibrary">
<doc>Simulates user pressing key(s) to an element or on the active browser.</doc>
<arguments>
<arg>${locator_email}</arg>
<arg>RETURN</arg>
</arguments>
<msg timestamp="20191010 16:49:09.223" level="INFO">Sending key(s) ('RETURN',) to xpath=//*[@id="identifierId" or @id="Email"] element.</msg>
<msg timestamp="20191010 16:49:09.231" level="INFO">Pressing special key RETURN to element.</msg>
<status status="PASS" starttime="20191010 16:49:09.223" endtime="20191010 16:49:10.067"></status>
</kw>
<kw name="Wait Until Element Is Not Visible" library="SeleniumLibrary">
<doc>Waits until element ``locator`` is not visible.</doc>
<arguments>
<arg>${locator_email}</arg>
</arguments>
<status status="PASS" starttime="20191010 16:49:10.067" endtime="20191010 16:49:10.077"></status>
</kw>
<kw name="Wait Until Element Is Visible" library="SeleniumLibrary">
<doc>Waits until element ``locator`` is visible.</doc>
<arguments>
<arg>${locator_password}</arg>
</arguments>
<status status="PASS" starttime="20191010 16:49:10.077" endtime="20191010 16:49:10.102"></status>
</kw>
<kw name="Input Password" library="SeleniumLibrary">
<doc>Types the given password into text field identified by ``locator``.</doc>
<arguments>
<arg>${locator_password}</arg>
<arg>${FIREBASE_PWD}</arg>
</arguments>
<msg timestamp="20191010 16:49:10.103" level="INFO">Typing password into text field 'xpath=//*[@id="password"]//input|//*[@id="Passwd"]'.</msg>
<status status="PASS" starttime="20191010 16:49:10.103" endtime="20191010 16:49:10.208"></status>
</kw>
<kw name="Press Keys" library="SeleniumLibrary">
<doc>Simulates user pressing key(s) to an element or on the active browser.</doc>
<arguments>
<arg>${locator_password}</arg>
<arg>RETURN</arg>
</arguments>
<msg timestamp="20191010 16:49:10.209" level="INFO">Sending key(s) ('RETURN',) to xpath=//*[@id="password"]//input|//*[@id="Passwd"] element.</msg>
<msg timestamp="20191010 16:49:10.216" level="INFO">Pressing special key RETURN to element.</msg>
<status status="PASS" starttime="20191010 16:49:10.208" endtime="20191010 16:49:18.771"></status>
</kw>
<kw name="Wait Until Element Is Not Visible" library="SeleniumLibrary">
<doc>Waits until element ``locator`` is not visible.</doc>
<arguments>
<arg>${locator_password}</arg>
</arguments>
<status status="PASS" starttime="20191010 16:49:18.771" endtime="20191010 16:49:18.783"></status>
</kw>
<kw name="Wait Until Element Is Visible" library="SeleniumLibrary">
<doc>Waits until element ``locator`` is visible.</doc>
<arguments>
<arg>css=fb-navbar</arg>
<arg>1m</arg>
</arguments>
<status status="PASS" starttime="20191010 16:49:18.783" endtime="20191010 16:49:21.383"></status>
</kw>
<kw name="Run Keyword And Return Status" library="BuiltIn">
<doc>Runs the given keyword with given arguments and returns the status as a Boolean value.</doc>
<arguments>
<arg>Wait Until Element Is Visible</arg>
<arg>//*[@id="view_container"]/div/div/div[2]/div/div/div/form/span/section/div/div/div/ul/li[3]/div/div[2]</arg>
</arguments>
<assign>
<var>${isnotPass}</var>
</assign>
<kw name="Wait Until Element Is Visible" library="SeleniumLibrary">
<doc>Waits until element ``locator`` is visible.</doc>
<arguments>
<arg>//*[@id="view_container"]/div/div/div[2]/div/div/div/form/span/section/div/div/div/ul/li[3]/div/div[2]</arg>
</arguments>
<msg timestamp="20191010 16:49:36.687" level="FAIL">Element '//*[@id="view_container"]/div/div/div[2]/div/div/div/form/span/section/div/div/div/ul/li[3]/div/div[2]' not visible after 15 seconds.</msg>
<status status="FAIL" starttime="20191010 16:49:21.384" endtime="20191010 16:49:36.687"></status>
</kw>
<msg timestamp="20191010 16:49:36.687" level="INFO">${isnotPass} = False</msg>
<status status="PASS" starttime="20191010 16:49:21.383" endtime="20191010 16:49:36.687"></status>
</kw>
<kw name="Return From Keyword If" library="BuiltIn">
<doc>Returns from the enclosing user keyword if ``condition`` is true.</doc>
<arguments>
<arg>${isnotPass} == ${true}</arg>
<arg>LoginMoblie</arg>
</arguments>
<status status="PASS" starttime="20191010 16:49:36.687" endtime="20191010 16:49:36.688"></status>
</kw>
<kw name="Set Global Variable" library="BuiltIn">
<doc>Makes a variable available globally in all tests and suites.</doc>
<arguments>
<arg>${loginFirebase}</arg>
<arg>${true}</arg>
</arguments>
<msg timestamp="20191010 16:49:36.688" level="INFO">${loginFirebase} = True</msg>
<status status="PASS" starttime="20191010 16:49:36.688" endtime="20191010 16:49:36.688"></status>
</kw>
<status status="PASS" starttime="20191010 16:49:07.626" endtime="20191010 16:49:36.688"></status>
</kw>
<kw name="Get Today Epoch" library="Firebase">
<assign>
<var>${today}</var>
</assign>
<kw name="Get Time" library="BuiltIn">
<doc>Returns the given time in the requested format.</doc>
<arguments>
<arg>year,month,day</arg>
</arguments>
<assign>
<var>${y}</var>
<var>${m}</var>
<var>${d}</var>
</assign>
<msg timestamp="20191010 16:49:36.690" level="INFO">${y} = 2019</msg>
<msg timestamp="20191010 16:49:36.690" level="INFO">${m} = 10</msg>
<msg timestamp="20191010 16:49:36.690" level="INFO">${d} = 10</msg>
<status status="PASS" starttime="20191010 16:49:36.689" endtime="20191010 16:49:36.690"></status>
</kw>
<kw name="Get Time" library="BuiltIn">
<doc>Returns the given time in the requested format.</doc>
<arguments>
<arg>epoch</arg>
<arg>${y}-${m}-${d} 00:00:00</arg>
</arguments>
<assign>
<var>${epoch}</var>
</assign>
<msg timestamp="20191010 16:49:36.690" level="INFO">${epoch} = 1570640400</msg>
<status status="PASS" starttime="20191010 16:49:36.690" endtime="20191010 16:49:36.690"></status>
</kw>
<kw name="Set Variable" library="BuiltIn">
<doc>Returns the given values which can then be assigned to a variables.</doc>
<arguments>
<arg>${epoch}000</arg>
</arguments>
<assign>
<var>${begin}</var>
</assign>
<msg timestamp="20191010 16:49:36.691" level="INFO">${begin} = 1570640400000</msg>
<status status="PASS" starttime="20191010 16:49:36.691" endtime="20191010 16:49:36.691"></status>
</kw>
<kw name="Set Variable" library="BuiltIn">
<doc>Returns the given values which can then be assigned to a variables.</doc>
<arguments>
<arg>${epoch+86399}000</arg>
</arguments>
<assign>
<var>${end}</var>
</assign>
<msg timestamp="20191010 16:49:36.691" level="INFO">${end} = 1570726799000</msg>
<status status="PASS" starttime="20191010 16:49:36.691" endtime="20191010 16:49:36.691"></status>
</kw>
<msg timestamp="20191010 16:49:36.691" level="INFO">${today} = ['1570640400000', '1570726799000']</msg>
<status status="PASS" starttime="20191010 16:49:36.688" endtime="20191010 16:49:36.691"></status>
</kw>
<kw name="Redirect" library="Firebase">
<arguments>
<arg>https://analytics.google.com/analytics/app/mobile/?authuser=0&amp;hl=th&amp;fpn=828751992199#/p182686739/mobile/overview?fpn=828751992199&amp;swu=1&amp;sgu=1&amp;sus=not_upgraded&amp;t=${today[0]}</arg>
</arguments>
<kw name="${interval} IN RANGE [ 5 ]" type="for">
<kw name="${interval} = 0" type="foritem">
<kw name="Go To" library="SeleniumLibrary">
<doc>Navigates the active browser instance to the provided ``url``.</doc>
<arguments>
<arg>${url}</arg>
</arguments>
<msg timestamp="20191010 16:49:36.692" level="INFO">Opening url 'https://analytics.google.com/analytics/app/mobile/?authuser=0&amp;hl=th&amp;fpn=828751992199#/p182686739/mobile/overview?fpn=828751992199&amp;swu=1&amp;sgu=1&amp;sus=not_upgraded&amp;t=1570640400000'</msg>
<status status="PASS" starttime="20191010 16:49:36.692" endtime="20191010 16:49:40.834"></status>
</kw>
<kw name="Run Keyword And Return Status" library="BuiltIn">
<doc>Runs the given keyword with given arguments and returns the status as a Boolean value.</doc>
<arguments>
<arg>Location Should Contain</arg>
<arg>${url}</arg>
</arguments>
<assign>
<var>${condition}</var>
</assign>
<kw name="Location Should Contain" library="SeleniumLibrary">
<doc>Verifies that current URL contains ``expected``.</doc>
<arguments>
<arg>${url}</arg>
</arguments>
<msg timestamp="20191010 16:49:40.840" level="INFO">Current location contains 'https://analytics.google.com/analytics/app/mobile/?authuser=0&amp;hl=th&amp;fpn=828751992199#/p182686739/mobile/overview?fpn=828751992199&amp;swu=1&amp;sgu=1&amp;sus=not_upgraded&amp;t=1570640400000'.</msg>
<status status="PASS" starttime="20191010 16:49:40.835" endtime="20191010 16:49:40.840"></status>
</kw>
<msg timestamp="20191010 16:49:40.840" level="INFO">${condition} = True</msg>
<status status="PASS" starttime="20191010 16:49:40.835" endtime="20191010 16:49:40.840"></status>
</kw>
<kw name="Exit For Loop If" library="BuiltIn">
<doc>Stops executing the enclosing for loop if the ``condition`` is true.</doc>
<arguments>
<arg>${condition}</arg>
</arguments>
<msg timestamp="20191010 16:49:40.841" level="INFO">Exiting for loop altogether.</msg>
<status status="PASS" starttime="20191010 16:49:40.841" endtime="20191010 16:49:40.841"></status>
</kw>
<status status="PASS" starttime="20191010 16:49:36.692" endtime="20191010 16:49:40.841"></status>
</kw>
<status status="PASS" starttime="20191010 16:49:36.692" endtime="20191010 16:49:40.841"></status>
</kw>
<status status="PASS" starttime="20191010 16:49:36.692" endtime="20191010 16:49:40.841"></status>
</kw>
<kw name="Get Actually Text" library="Firebase">
<arguments>
<arg>css=.counter</arg>
</arguments>
<assign>
<var>${activeUser}</var>
</assign>
<kw name="Evaluate" library="BuiltIn">
<doc>Evaluates the given expression in Python and returns the results.</doc>
<arguments>
<arg>'${iframe}' != ''</arg>
</arguments>
<assign>
<var>${condition}</var>
</assign>
<msg timestamp="20191010 16:49:40.842" level="INFO">${condition} = False</msg>
<status status="PASS" starttime="20191010 16:49:40.842" endtime="20191010 16:49:40.842"></status>
</kw>
<kw name="Run Keyword If" library="BuiltIn">
<doc>Runs the given keyword with the given arguments, if ``condition`` is true.</doc>
<arguments>
<arg>${condition}</arg>
<arg>Select Frame</arg>
<arg>${iframe}</arg>
</arguments>
<status status="PASS" starttime="20191010 16:49:40.842" endtime="20191010 16:49:40.842"></status>
</kw>
<kw name="Wait Until Element Is Visible" library="SeleniumLibrary">
<doc>Waits until element ``locator`` is visible.</doc>
<arguments>
<arg>${locator}</arg>
</arguments>
<status status="PASS" starttime="20191010 16:49:40.842" endtime="20191010 16:49:45.572"></status>
</kw>
<kw name="${interval} IN RANGE [ 5 ]" type="for">
<kw name="${interval} = 0" type="foritem">
<kw name="Sleep" library="BuiltIn">
<doc>Pauses the test executed for the given time.</doc>
<arguments>
<arg>1s</arg>
</arguments>
<msg timestamp="20191010 16:49:46.573" level="INFO">Slept 1 second</msg>
<status status="PASS" starttime="20191010 16:49:45.572" endtime="20191010 16:49:46.573"></status>
</kw>
<kw name="Wait Until Element Is Visible" library="SeleniumLibrary">
<doc>Waits until element ``locator`` is visible.</doc>
<arguments>
<arg>${locator}</arg>
</arguments>
<status status="PASS" starttime="20191010 16:49:46.573" endtime="20191010 16:49:46.593"></status>
</kw>
<kw name="Get Text" library="SeleniumLibrary">
<doc>Returns the text value of element identified by ``locator``.</doc>
<arguments>
<arg>${locator}</arg>
</arguments>
<assign>
<var>${text}</var>
</assign>
<msg timestamp="20191010 16:49:46.616" level="INFO">${text} = 178</msg>
<status status="PASS" starttime="20191010 16:49:46.593" endtime="20191010 16:49:46.616"></status>
</kw>
<kw name="Run Keyword And Ignore Error" library="BuiltIn">
<doc>Runs the given keyword with the given arguments and ignores possible error.</doc>
<arguments>
<arg>Exit For Loop If</arg>
<arg>${text} &gt; 0</arg>
</arguments>
<kw name="Exit For Loop If" library="BuiltIn">
<doc>Stops executing the enclosing for loop if the ``condition`` is true.</doc>
<arguments>
<arg>${text} &gt; 0</arg>
</arguments>
<msg timestamp="20191010 16:49:46.617" level="INFO">Exiting for loop altogether.</msg>
<status status="PASS" starttime="20191010 16:49:46.617" endtime="20191010 16:49:46.617"></status>
</kw>
<status status="PASS" starttime="20191010 16:49:46.617" endtime="20191010 16:49:46.617"></status>
</kw>
<status status="PASS" starttime="20191010 16:49:45.572" endtime="20191010 16:49:46.617"></status>
</kw>
<status status="PASS" starttime="20191010 16:49:45.572" endtime="20191010 16:49:46.617"></status>
</kw>
<kw name="Run Keyword If" library="BuiltIn">
<doc>Runs the given keyword with the given arguments, if ``condition`` is true.</doc>
<arguments>
<arg>${condition}</arg>
<arg>Unselect Frame</arg>
</arguments>
<status status="PASS" starttime="20191010 16:49:46.618" endtime="20191010 16:49:46.618"></status>
</kw>
<msg timestamp="20191010 16:49:46.618" level="INFO">${activeUser} = 178</msg>
<status status="PASS" starttime="20191010 16:49:40.841" endtime="20191010 16:49:46.618"></status>
</kw>
<kw name="Set Global Variable" library="BuiltIn">
<doc>Makes a variable available globally in all tests and suites.</doc>
<arguments>
<arg>${activeUser}</arg>
</arguments>
<msg timestamp="20191010 16:49:46.618" level="INFO">${activeUser} = 178</msg>
<status status="PASS" starttime="20191010 16:49:46.618" endtime="20191010 16:49:46.619"></status>
</kw>
<msg timestamp="20191010 16:49:46.619" level="INFO">${activeUser} = 178</msg>
<status status="PASS" starttime="20191010 16:49:07.626" endtime="20191010 16:49:46.619"></status>
</kw>
<kw name="Set Report" library="Sheets">
<arguments>
<arg>E</arg>
<arg>${activeUser}</arg>
</arguments>
<kw name="Get Today Date" library="Sheets">
<assign>
<var>${today}</var>
</assign>
<kw name="Get Time" library="BuiltIn">
<doc>Returns the given time in the requested format.</doc>
<arguments>
<arg>year,month,day</arg>
</arguments>
<assign>
<var>${y}</var>
<var>${m}</var>
<var>${d}</var>
</assign>
<msg timestamp="20191010 16:49:46.620" level="INFO">${y} = 2019</msg>
<msg timestamp="20191010 16:49:46.620" level="INFO">${m} = 10</msg>
<msg timestamp="20191010 16:49:46.620" level="INFO">${d} = 10</msg>
<status status="PASS" starttime="20191010 16:49:46.620" endtime="20191010 16:49:46.620"></status>
</kw>
<kw name="Convert To Integer" library="BuiltIn">
<doc>Converts the given item to an integer number.</doc>
<arguments>
<arg>${d}</arg>
</arguments>
<assign>
<var>${d}</var>
</assign>
<msg timestamp="20191010 16:49:46.621" level="INFO">${d} = 10</msg>
<status status="PASS" starttime="20191010 16:49:46.620" endtime="20191010 16:49:46.621"></status>
</kw>
<kw name="Convert To Integer" library="BuiltIn">
<doc>Converts the given item to an integer number.</doc>
<arguments>
<arg>${m}</arg>
</arguments>
<assign>
<var>${m}</var>
</assign>
<msg timestamp="20191010 16:49:46.621" level="INFO">${m} = 10</msg>
<status status="PASS" starttime="20191010 16:49:46.621" endtime="20191010 16:49:46.621"></status>
</kw>
<kw name="Convert To Integer" library="BuiltIn">
<doc>Converts the given item to an integer number.</doc>
<arguments>
<arg>${y}</arg>
</arguments>
<assign>
<var>${y}</var>
</assign>
<msg timestamp="20191010 16:49:46.621" level="INFO">${y} = 2019</msg>
<status status="PASS" starttime="20191010 16:49:46.621" endtime="20191010 16:49:46.621"></status>
</kw>
<msg timestamp="20191010 16:49:46.622" level="INFO">${today} = 10/10/2019</msg>
<status status="PASS" starttime="20191010 16:49:46.620" endtime="20191010 16:49:46.622"></status>
</kw>
<kw name="Get List Of Date" library="Sheets">
<assign>
<var>${date}</var>
</assign>
<kw name="Get Values" library="Sheets">
<arguments>
<arg>A1:A</arg>
</arguments>
<assign>
<var>${output}</var>
</assign>
<kw name="Get Token" library="Sheets">
<kw name="Get Variable Value" library="BuiltIn">
<doc>Returns variable value or ``default`` if the variable does not exist.</doc>
<arguments>
<arg>${getToken}</arg>
<arg>${false}</arg>
</arguments>
<assign>
<var>${getToken}</var>
</assign>
<msg timestamp="20191010 16:49:46.624" level="INFO">${getToken} = False</msg>
<status status="PASS" starttime="20191010 16:49:46.623" endtime="20191010 16:49:46.624"></status>
</kw>
<kw name="Return From Keyword If" library="BuiltIn">
<doc>Returns from the enclosing user keyword if ``condition`` is true.</doc>
<arguments>
<arg>${getToken} == ${true}</arg>
</arguments>
<status status="PASS" starttime="20191010 16:49:46.624" endtime="20191010 16:49:46.625"></status>
</kw>
<kw name="Get Access Token" library="Oauth2Google">
<doc>Get access token from google</doc>
<assign>
<var>${accessToken}</var>
</assign>
<msg timestamp="20191010 16:49:47.054" level="INFO">${accessToken} = ya29.ImCbB2b7sbie51pe8xuJO9KeH6bkAgrYmaHEU00Zy_tsbG2Vvfud9xgw_6aQkYL5PVM2wFF-7FRNHVoopVzS8KIq5phmtytU8Ae8RW4SrOgIJ5gX_jivZ3Ti5_gxP51uhds</msg>
<status status="PASS" starttime="20191010 16:49:46.625" endtime="20191010 16:49:47.054"></status>
</kw>
<kw name="Set Headers" library="REST">
<tags>
<tag>settings</tag>
</tags>
<doc>*Sets new request headers or updates the existing.*</doc>
<arguments>
<arg>{"Content-Type":"application/json","Authorization":"Bearer ${accessToken}"}</arg>
</arguments>
<status status="PASS" starttime="20191010 16:49:47.054" endtime="20191010 16:49:47.055"></status>
</kw>
<kw name="Set Global Variable" library="BuiltIn">
<doc>Makes a variable available globally in all tests and suites.</doc>
<arguments>
<arg>${getToken}</arg>
<arg>${true}</arg>
</arguments>
<msg timestamp="20191010 16:49:47.055" level="INFO">${getToken} = True</msg>
<status status="PASS" starttime="20191010 16:49:47.055" endtime="20191010 16:49:47.055"></status>
</kw>
<status status="PASS" starttime="20191010 16:49:46.622" endtime="20191010 16:49:47.055"></status>
</kw>
<kw name="Get" library="REST">
<tags>
<tag>http</tag>
</tags>
<doc>*Sends a GET request to the endpoint.*</doc>
<arguments>
<arg>${SHEETS_URL}/${SHEETS_ID}/values/${SHEETS_NAME}!${range}</arg>
</arguments>
<status status="PASS" starttime="20191010 16:49:47.056" endtime="20191010 16:49:54.070"></status>
</kw>
<kw name="Output" library="REST">
<tags>
<tag>I/O</tag>
</tags>
<doc>*Outputs JSON to terminal or a file.*</doc>
<arguments>
<arg>response body values</arg>
<arg>${TEMPDIR}/output.json</arg>
</arguments>
<assign>
<var>${output}</var>
</assign>
<msg timestamp="20191010 16:49:54.081" level="INFO">${output} = [['Date'], ['12/9/2019'], ['13/9/2019'], ['14/9/2019'], ['15/9/2019'], ['16/9/2019'], ['17/9/2019'], ['18/9/2019'], ['19/9/2019'], ['20/9/2019'], ['21/9/2019'], ['22/9/2019'], ['23/9/2019'], ['24/9/20...</msg>
<status status="PASS" starttime="20191010 16:49:54.070" endtime="20191010 16:49:54.081"></status>
</kw>
<msg timestamp="20191010 16:49:54.081" level="INFO">${output} = [['Date'], ['12/9/2019'], ['13/9/2019'], ['14/9/2019'], ['15/9/2019'], ['16/9/2019'], ['17/9/2019'], ['18/9/2019'], ['19/9/2019'], ['20/9/2019'], ['21/9/2019'], ['22/9/2019'], ['23/9/2019'], ['24/9/20...</msg>
<status status="PASS" starttime="20191010 16:49:46.622" endtime="20191010 16:49:54.081"></status>
</kw>
<kw name="Create List" library="BuiltIn">
<doc>Returns a list containing given items.</doc>
<assign>
<var>${date}</var>
</assign>
<msg timestamp="20191010 16:49:54.082" level="INFO">${date} = []</msg>
<status status="PASS" starttime="20191010 16:49:54.082" endtime="20191010 16:49:54.082"></status>
</kw>
<kw name="${value} IN [ @{output} ]" type="for">
<kw name="${value} = ['Date']" type="foritem">
<kw name="Exit For Loop If" library="BuiltIn">
<doc>Stops executing the enclosing for loop if the ``condition`` is true.</doc>
<arguments>
<arg>${value} == []</arg>
</arguments>
<status status="PASS" starttime="20191010 16:49:54.082" endtime="20191010 16:49:54.083"></status>
</kw>
<kw name="Append To List" library="Collections">
<doc>Adds ``values`` to the end of ``list``.</doc>
<arguments>
<arg>${date}</arg>
<arg>${value[0]}</arg>
</arguments>
<status status="PASS" starttime="20191010 16:49:54.083" endtime="20191010 16:49:54.083"></status>
</kw>
<status status="PASS" starttime="20191010 16:49:54.082" endtime="20191010 16:49:54.083"></status>
</kw>
<kw name="${value} = ['12/9/2019']" type="foritem">
<kw name="Exit For Loop If" library="BuiltIn">
<doc>Stops executing the enclosing for loop if the ``condition`` is true.</doc>
<arguments>
<arg>${value} == []</arg>
</arguments>
<status status="PASS" starttime="20191010 16:49:54.083" endtime="20191010 16:49:54.084"></status>
</kw>
<kw name="Append To List" library="Collections">
<doc>Adds ``values`` to the end of ``list``.</doc>
<arguments>
<arg>${date}</arg>
<arg>${value[0]}</arg>
</arguments>
<status status="PASS" starttime="20191010 16:49:54.084" endtime="20191010 16:49:54.084"></status>
</kw>
<status status="PASS" starttime="20191010 16:49:54.083" endtime="20191010 16:49:54.084"></status>
</kw>
<kw name="${value} = ['13/9/2019']" type="foritem">
<kw name="Exit For Loop If" library="BuiltIn">
<doc>Stops executing the enclosing for loop if the ``condition`` is true.</doc>
<arguments>
<arg>${value} == []</arg>
</arguments>
<status status="PASS" starttime="20191010 16:49:54.084" endtime="20191010 16:49:54.084"></status>
</kw>
<kw name="Append To List" library="Collections">
<doc>Adds ``values`` to the end of ``list``.</doc>
<arguments>
<arg>${date}</arg>
<arg>${value[0]}</arg>
</arguments>
<status status="PASS" starttime="20191010 16:49:54.085" endtime="20191010 16:49:54.085"></status>
</kw>
<status status="PASS" starttime="20191010 16:49:54.084" endtime="20191010 16:49:54.085"></status>
</kw>
<kw name="${value} = ['14/9/2019']" type="foritem">
<kw name="Exit For Loop If" library="BuiltIn">
<doc>Stops executing the enclosing for loop if the ``condition`` is true.</doc>
<arguments>
<arg>${value} == []</arg>
</arguments>
<status status="PASS" starttime="20191010 16:49:54.085" endtime="20191010 16:49:54.085"></status>
</kw>
<kw name="Append To List" library="Collections">
<doc>Adds ``values`` to the end of ``list``.</doc>
<arguments>
<arg>${date}</arg>
<arg>${value[0]}</arg>
</arguments>
<status status="PASS" starttime="20191010 16:49:54.085" endtime="20191010 16:49:54.086"></status>
</kw>
<status status="PASS" starttime="20191010 16:49:54.085" endtime="20191010 16:49:54.086"></status>
</kw>
<kw name="${value} = ['15/9/2019']" type="foritem">
<kw name="Exit For Loop If" library="BuiltIn">
<doc>Stops executing the enclosing for loop if the ``condition`` is true.</doc>
<arguments>
<arg>${value} == []</arg>
</arguments>
<status status="PASS" starttime="20191010 16:49:54.086" endtime="20191010 16:49:54.086"></status>
</kw>
<kw name="Append To List" library="Collections">
<doc>Adds ``values`` to the end of ``list``.</doc>
<arguments>
<arg>${date}</arg>
<arg>${value[0]}</arg>
</arguments>
<status status="PASS" starttime="20191010 16:49:54.086" endtime="20191010 16:49:54.086"></status>
</kw>
<status status="PASS" starttime="20191010 16:49:54.086" endtime="20191010 16:49:54.087"></status>
</kw>
<kw name="${value} = ['16/9/2019']" type="foritem">
<kw name="Exit For Loop If" library="BuiltIn">
<doc>Stops executing the enclosing for loop if the ``condition`` is true.</doc>
<arguments>
<arg>${value} == []</arg>
</arguments>
<status status="PASS" starttime="20191010 16:49:54.087" endtime="20191010 16:49:54.087"></status>
</kw>
<kw name="Append To List" library="Collections">
<doc>Adds ``values`` to the end of ``list``.</doc>
<arguments>
<arg>${date}</arg>
<arg>${value[0]}</arg>
</arguments>
<status status="PASS" starttime="20191010 16:49:54.087" endtime="20191010 16:49:54.087"></status>
</kw>
<status status="PASS" starttime="20191010 16:49:54.087" endtime="20191010 16:49:54.087"></status>
</kw>
<kw name="${value} = ['17/9/2019']" type="foritem">
<kw name="Exit For Loop If" library="BuiltIn">
<doc>Stops executing the enclosing for loop if the ``condition`` is true.</doc>
<arguments>
<arg>${value} == []</arg>
</arguments>
<status status="PASS" starttime="20191010 16:49:54.088" endtime="20191010 16:49:54.088"></status>
</kw>
<kw name="Append To List" library="Collections">
<doc>Adds ``values`` to the end of ``list``.</doc>
<arguments>
<arg>${date}</arg>
<arg>${value[0]}</arg>
</arguments>
<status status="PASS" starttime="20191010 16:49:54.088" endtime="20191010 16:49:54.088"></status>
</kw>
<status status="PASS" starttime="20191010 16:49:54.087" endtime="20191010 16:49:54.088"></status>
</kw>
<kw name="${value} = ['18/9/2019']" type="foritem">
<kw name="Exit For Loop If" library="BuiltIn">
<doc>Stops executing the enclosing for loop if the ``condition`` is true.</doc>
<arguments>
<arg>${value} == []</arg>
</arguments>
<status status="PASS" starttime="20191010 16:49:54.088" endtime="20191010 16:49:54.089"></status>
</kw>
<kw name="Append To List" library="Collections">
<doc>Adds ``values`` to the end of ``list``.</doc>
<arguments>
<arg>${date}</arg>
<arg>${value[0]}</arg>
</arguments>
<status status="PASS" starttime="20191010 16:49:54.089" endtime="20191010 16:49:54.089"></status>
</kw>
<status status="PASS" starttime="20191010 16:49:54.088" endtime="20191010 16:49:54.089"></status>
</kw>
<kw name="${value} = ['19/9/2019']" type="foritem">
<kw name="Exit For Loop If" library="BuiltIn">
<doc>Stops executing the enclosing for loop if the ``condition`` is true.</doc>
<arguments>
<arg>${value} == []</arg>
</arguments>
<status status="PASS" starttime="20191010 16:49:54.089" endtime="20191010 16:49:54.090"></status>
</kw>
<kw name="Append To List" library="Collections">
<doc>Adds ``values`` to the end of ``list``.</doc>
<arguments>
<arg>${date}</arg>
<arg>${value[0]}</arg>
</arguments>
<status status="PASS" starttime="20191010 16:49:54.090" endtime="20191010 16:49:54.090"></status>
</kw>
<status status="PASS" starttime="20191010 16:49:54.089" endtime="20191010 16:49:54.090"></status>
</kw>
<kw name="${value} = ['20/9/2019']" type="foritem">
<kw name="Exit For Loop If" library="BuiltIn">
<doc>Stops executing the enclosing for loop if the ``condition`` is true.</doc>
<arguments>
<arg>${value} == []</arg>
</arguments>
<status status="PASS" starttime="20191010 16:49:54.090" endtime="20191010 16:49:54.090"></status>
</kw>
<kw name="Append To List" library="Collections">
<doc>Adds ``values`` to the end of ``list``.</doc>
<arguments>
<arg>${date}</arg>
<arg>${value[0]}</arg>
</arguments>
<status status="PASS" starttime="20191010 16:49:54.090" endtime="20191010 16:49:54.091"></status>
</kw>
<status status="PASS" starttime="20191010 16:49:54.090" endtime="20191010 16:49:54.091"></status>
</kw>
<kw name="${value} = ['21/9/2019']" type="foritem">
<kw name="Exit For Loop If" library="BuiltIn">
<doc>Stops executing the enclosing for loop if the ``condition`` is true.</doc>
<arguments>
<arg>${value} == []</arg>
</arguments>
<status status="PASS" starttime="20191010 16:49:54.091" endtime="20191010 16:49:54.091"></status>
</kw>
<kw name="Append To List" library="Collections">
<doc>Adds ``values`` to the end of ``list``.</doc>
<arguments>
<arg>${date}</arg>
<arg>${value[0]}</arg>
</arguments>
<status status="PASS" starttime="20191010 16:49:54.091" endtime="20191010 16:49:54.092"></status>
</kw>
<status status="PASS" starttime="20191010 16:49:54.091" endtime="20191010 16:49:54.092"></status>
</kw>
<kw name="${value} = ['22/9/2019']" type="foritem">
<kw name="Exit For Loop If" library="BuiltIn">
<doc>Stops executing the enclosing for loop if the ``condition`` is true.</doc>
<arguments>
<arg>${value} == []</arg>
</arguments>
<status status="PASS" starttime="20191010 16:49:54.092" endtime="20191010 16:49:54.092"></status>
</kw>
<kw name="Append To List" library="Collections">
<doc>Adds ``values`` to the end of ``list``.</doc>
<arguments>
<arg>${date}</arg>
<arg>${value[0]}</arg>
</arguments>
<status status="PASS" starttime="20191010 16:49:54.092" endtime="20191010 16:49:54.092"></status>
</kw>
<status status="PASS" starttime="20191010 16:49:54.092" endtime="20191010 16:49:54.092"></status>
</kw>
<kw name="${value} = ['23/9/2019']" type="foritem">
<kw name="Exit For Loop If" library="BuiltIn">
<doc>Stops executing the enclosing for loop if the ``condition`` is true.</doc>
<arguments>
<arg>${value} == []</arg>
</arguments>
<status status="PASS" starttime="20191010 16:49:54.093" endtime="20191010 16:49:54.093"></status>
</kw>
<kw name="Append To List" library="Collections">
<doc>Adds ``values`` to the end of ``list``.</doc>
<arguments>
<arg>${date}</arg>
<arg>${value[0]}</arg>
</arguments>
<status status="PASS" starttime="20191010 16:49:54.093" endtime="20191010 16:49:54.093"></status>
</kw>
<status status="PASS" starttime="20191010 16:49:54.092" endtime="20191010 16:49:54.093"></status>
</kw>
<kw name="${value} = ['24/9/2019']" type="foritem">
<kw name="Exit For Loop If" library="BuiltIn">
<doc>Stops executing the enclosing for loop if the ``condition`` is true.</doc>
<arguments>
<arg>${value} == []</arg>
</arguments>
<status status="PASS" starttime="20191010 16:49:54.093" endtime="20191010 16:49:54.094"></status>
</kw>
<kw name="Append To List" library="Collections">
<doc>Adds ``values`` to the end of ``list``.</doc>
<arguments>
<arg>${date}</arg>
<arg>${value[0]}</arg>
</arguments>
<status status="PASS" starttime="20191010 16:49:54.094" endtime="20191010 16:49:54.094"></status>
</kw>
<status status="PASS" starttime="20191010 16:49:54.093" endtime="20191010 16:49:54.094"></status>
</kw>
<kw name="${value} = ['25/9/2019']" type="foritem">
<kw name="Exit For Loop If" library="BuiltIn">
<doc>Stops executing the enclosing for loop if the ``condition`` is true.</doc>
<arguments>
<arg>${value} == []</arg>
</arguments>
<status status="PASS" starttime="20191010 16:49:54.094" endtime="20191010 16:49:54.095"></status>
</kw>
<kw name="Append To List" library="Collections">
<doc>Adds ``values`` to the end of ``list``.</doc>
<arguments>
<arg>${date}</arg>
<arg>${value[0]}</arg>
</arguments>
<status status="PASS" starttime="20191010 16:49:54.095" endtime="20191010 16:49:54.095"></status>
</kw>
<status status="PASS" starttime="20191010 16:49:54.094" endtime="20191010 16:49:54.095"></status>
</kw>
<kw name="${value} = ['26/9/2019']" type="foritem">
<kw name="Exit For Loop If" library="BuiltIn">
<doc>Stops executing the enclosing for loop if the ``condition`` is true.</doc>
<arguments>
<arg>${value} == []</arg>
</arguments>
<status status="PASS" starttime="20191010 16:49:54.095" endtime="20191010 16:49:54.096"></status>
</kw>
<kw name="Append To List" library="Collections">
<doc>Adds ``values`` to the end of ``list``.</doc>
<arguments>
<arg>${date}</arg>
<arg>${value[0]}</arg>
</arguments>
<status status="PASS" starttime="20191010 16:49:54.096" endtime="20191010 16:49:54.096"></status>
</kw>
<status status="PASS" starttime="20191010 16:49:54.095" endtime="20191010 16:49:54.096"></status>
</kw>
<kw name="${value} = ['27/9/2019']" type="foritem">
<kw name="Exit For Loop If" library="BuiltIn">
<doc>Stops executing the enclosing for loop if the ``condition`` is true.</doc>
<arguments>
<arg>${value} == []</arg>
</arguments>
<status status="PASS" starttime="20191010 16:49:54.096" endtime="20191010 16:49:54.096"></status>
</kw>
<kw name="Append To List" library="Collections">
<doc>Adds ``values`` to the end of ``list``.</doc>
<arguments>
<arg>${date}</arg>
<arg>${value[0]}</arg>
</arguments>
<status status="PASS" starttime="20191010 16:49:54.096" endtime="20191010 16:49:54.097"></status>
</kw>
<status status="PASS" starttime="20191010 16:49:54.096" endtime="20191010 16:49:54.097"></status>
</kw>
<kw name="${value} = ['28/9/2019']" type="foritem">
<kw name="Exit For Loop If" library="BuiltIn">
<doc>Stops executing the enclosing for loop if the ``condition`` is true.</doc>
<arguments>
<arg>${value} == []</arg>
</arguments>
<status status="PASS" starttime="20191010 16:49:54.097" endtime="20191010 16:49:54.097"></status>
</kw>
<kw name="Append To List" library="Collections">
<doc>Adds ``values`` to the end of ``list``.</doc>
<arguments>
<arg>${date}</arg>
<arg>${value[0]}</arg>
</arguments>
<status status="PASS" starttime="20191010 16:49:54.097" endtime="20191010 16:49:54.098"></status>
</kw>
<status status="PASS" starttime="20191010 16:49:54.097" endtime="20191010 16:49:54.098"></status>
</kw>
<kw name="${value} = ['29/9/2019']" type="foritem">
<kw name="Exit For Loop If" library="BuiltIn">
<doc>Stops executing the enclosing for loop if the ``condition`` is true.</doc>
<arguments>
<arg>${value} == []</arg>
</arguments>
<status status="PASS" starttime="20191010 16:49:54.098" endtime="20191010 16:49:54.098"></status>
</kw>
<kw name="Append To List" library="Collections">
<doc>Adds ``values`` to the end of ``list``.</doc>
<arguments>
<arg>${date}</arg>
<arg>${value[0]}</arg>
</arguments>
<status status="PASS" starttime="20191010 16:49:54.098" endtime="20191010 16:49:54.099"></status>
</kw>
<status status="PASS" starttime="20191010 16:49:54.098" endtime="20191010 16:49:54.099"></status>
</kw>
<kw name="${value} = ['30/9/2019']" type="foritem">
<kw name="Exit For Loop If" library="BuiltIn">
<doc>Stops executing the enclosing for loop if the ``condition`` is true.</doc>
<arguments>
<arg>${value} == []</arg>
</arguments>
<status status="PASS" starttime="20191010 16:49:54.099" endtime="20191010 16:49:54.099"></status>
</kw>
<kw name="Append To List" library="Collections">
<doc>Adds ``values`` to the end of ``list``.</doc>
<arguments>
<arg>${date}</arg>
<arg>${value[0]}</arg>
</arguments>
<status status="PASS" starttime="20191010 16:49:54.099" endtime="20191010 16:49:54.099"></status>
</kw>
<status status="PASS" starttime="20191010 16:49:54.099" endtime="20191010 16:49:54.099"></status>
</kw>
<kw name="${value} = ['1/10/2019']" type="foritem">
<kw name="Exit For Loop If" library="BuiltIn">
<doc>Stops executing the enclosing for loop if the ``condition`` is true.</doc>
<arguments>
<arg>${value} == []</arg>
</arguments>
<status status="PASS" starttime="20191010 16:49:54.100" endtime="20191010 16:49:54.100"></status>
</kw>
<kw name="Append To List" library="Collections">
<doc>Adds ``values`` to the end of ``list``.</doc>
<arguments>
<arg>${date}</arg>
<arg>${value[0]}</arg>
</arguments>
<status status="PASS" starttime="20191010 16:49:54.100" endtime="20191010 16:49:54.100"></status>
</kw>
<status status="PASS" starttime="20191010 16:49:54.099" endtime="20191010 16:49:54.100"></status>
</kw>
<kw name="${value} = ['2/10/2019']" type="foritem">
<kw name="Exit For Loop If" library="BuiltIn">
<doc>Stops executing the enclosing for loop if the ``condition`` is true.</doc>
<arguments>
<arg>${value} == []</arg>
</arguments>
<status status="PASS" starttime="20191010 16:49:54.100" endtime="20191010 16:49:54.101"></status>
</kw>
<kw name="Append To List" library="Collections">
<doc>Adds ``values`` to the end of ``list``.</doc>
<arguments>
<arg>${date}</arg>
<arg>${value[0]}</arg>
</arguments>
<status status="PASS" starttime="20191010 16:49:54.101" endtime="20191010 16:49:54.101"></status>
</kw>
<status status="PASS" starttime="20191010 16:49:54.100" endtime="20191010 16:49:54.101"></status>
</kw>
<kw name="${value} = ['3/10/2019']" type="foritem">
<kw name="Exit For Loop If" library="BuiltIn">
<doc>Stops executing the enclosing for loop if the ``condition`` is true.</doc>
<arguments>
<arg>${value} == []</arg>
</arguments>
<status status="PASS" starttime="20191010 16:49:54.101" endtime="20191010 16:49:54.101"></status>
</kw>
<kw name="Append To List" library="Collections">
<doc>Adds ``values`` to the end of ``list``.</doc>
<arguments>
<arg>${date}</arg>
<arg>${value[0]}</arg>
</arguments>
<status status="PASS" starttime="20191010 16:49:54.102" endtime="20191010 16:49:54.102"></status>
</kw>
<status status="PASS" starttime="20191010 16:49:54.101" endtime="20191010 16:49:54.102"></status>
</kw>
<kw name="${value} = ['4/10/2019']" type="foritem">
<kw name="Exit For Loop If" library="BuiltIn">
<doc>Stops executing the enclosing for loop if the ``condition`` is true.</doc>
<arguments>
<arg>${value} == []</arg>
</arguments>
<status status="PASS" starttime="20191010 16:49:54.102" endtime="20191010 16:49:54.102"></status>
</kw>
<kw name="Append To List" library="Collections">
<doc>Adds ``values`` to the end of ``list``.</doc>
<arguments>
<arg>${date}</arg>
<arg>${value[0]}</arg>
</arguments>
<status status="PASS" starttime="20191010 16:49:54.102" endtime="20191010 16:49:54.103"></status>
</kw>
<status status="PASS" starttime="20191010 16:49:54.102" endtime="20191010 16:49:54.103"></status>
</kw>
<kw name="${value} = ['5/10/2019']" type="foritem">
<kw name="Exit For Loop If" library="BuiltIn">
<doc>Stops executing the enclosing for loop if the ``condition`` is true.</doc>
<arguments>
<arg>${value} == []</arg>
</arguments>
<status status="PASS" starttime="20191010 16:49:54.103" endtime="20191010 16:49:54.103"></status>
</kw>
<kw name="Append To List" library="Collections">
<doc>Adds ``values`` to the end of ``list``.</doc>
<arguments>
<arg>${date}</arg>
<arg>${value[0]}</arg>
</arguments>
<status status="PASS" starttime="20191010 16:49:54.103" endtime="20191010 16:49:54.104"></status>
</kw>
<status status="PASS" starttime="20191010 16:49:54.103" endtime="20191010 16:49:54.104"></status>
</kw>
<kw name="${value} = ['6/10/2019']" type="foritem">
<kw name="Exit For Loop If" library="BuiltIn">
<doc>Stops executing the enclosing for loop if the ``condition`` is true.</doc>
<arguments>
<arg>${value} == []</arg>
</arguments>
<status status="PASS" starttime="20191010 16:49:54.104" endtime="20191010 16:49:54.104"></status>
</kw>
<kw name="Append To List" library="Collections">
<doc>Adds ``values`` to the end of ``list``.</doc>
<arguments>
<arg>${date}</arg>
<arg>${value[0]}</arg>
</arguments>
<status status="PASS" starttime="20191010 16:49:54.104" endtime="20191010 16:49:54.104"></status>
</kw>
<status status="PASS" starttime="20191010 16:49:54.104" endtime="20191010 16:49:54.104"></status>
</kw>
<kw name="${value} = ['7/10/2019']" type="foritem">
<kw name="Exit For Loop If" library="BuiltIn">
<doc>Stops executing the enclosing for loop if the ``condition`` is true.</doc>
<arguments>
<arg>${value} == []</arg>
</arguments>
<status status="PASS" starttime="20191010 16:49:54.105" endtime="20191010 16:49:54.105"></status>
</kw>
<kw name="Append To List" library="Collections">
<doc>Adds ``values`` to the end of ``list``.</doc>
<arguments>
<arg>${date}</arg>
<arg>${value[0]}</arg>
</arguments>
<status status="PASS" starttime="20191010 16:49:54.105" endtime="20191010 16:49:54.105"></status>
</kw>
<status status="PASS" starttime="20191010 16:49:54.105" endtime="20191010 16:49:54.105"></status>
</kw>
<kw name="${value} = ['8/10/2019']" type="foritem">
<kw name="Exit For Loop If" library="BuiltIn">
<doc>Stops executing the enclosing for loop if the ``condition`` is true.</doc>
<arguments>
<arg>${value} == []</arg>
</arguments>
<status status="PASS" starttime="20191010 16:49:54.106" endtime="20191010 16:49:54.106"></status>
</kw>
<kw name="Append To List" library="Collections">
<doc>Adds ``values`` to the end of ``list``.</doc>
<arguments>
<arg>${date}</arg>
<arg>${value[0]}</arg>
</arguments>
<status status="PASS" starttime="20191010 16:49:54.106" endtime="20191010 16:49:54.106"></status>
</kw>
<status status="PASS" starttime="20191010 16:49:54.106" endtime="20191010 16:49:54.106"></status>
</kw>
<kw name="${value} = ['9/10/2019']" type="foritem">
<kw name="Exit For Loop If" library="BuiltIn">
<doc>Stops executing the enclosing for loop if the ``condition`` is true.</doc>
<arguments>
<arg>${value} == []</arg>
</arguments>
<status status="PASS" starttime="20191010 16:49:54.106" endtime="20191010 16:49:54.107"></status>
</kw>
<kw name="Append To List" library="Collections">
<doc>Adds ``values`` to the end of ``list``.</doc>
<arguments>
<arg>${date}</arg>
<arg>${value[0]}</arg>
</arguments>
<status status="PASS" starttime="20191010 16:49:54.107" endtime="20191010 16:49:54.107"></status>
</kw>
<status status="PASS" starttime="20191010 16:49:54.106" endtime="20191010 16:49:54.107"></status>
</kw>
<kw name="${value} = ['10/10/2019']" type="foritem">
<kw name="Exit For Loop If" library="BuiltIn">
<doc>Stops executing the enclosing for loop if the ``condition`` is true.</doc>
<arguments>
<arg>${value} == []</arg>
</arguments>
<status status="PASS" starttime="20191010 16:49:54.107" endtime="20191010 16:49:54.108"></status>
</kw>
<kw name="Append To List" library="Collections">
<doc>Adds ``values`` to the end of ``list``.</doc>
<arguments>
<arg>${date}</arg>
<arg>${value[0]}</arg>
</arguments>
<status status="PASS" starttime="20191010 16:49:54.108" endtime="20191010 16:49:54.108"></status>
</kw>
<status status="PASS" starttime="20191010 16:49:54.107" endtime="20191010 16:49:54.108"></status>
</kw>
<kw name="${value} = []" type="foritem">
<kw name="Exit For Loop If" library="BuiltIn">
<doc>Stops executing the enclosing for loop if the ``condition`` is true.</doc>
<arguments>
<arg>${value} == []</arg>
</arguments>
<msg timestamp="20191010 16:49:54.108" level="INFO">Exiting for loop altogether.</msg>
<status status="PASS" starttime="20191010 16:49:54.108" endtime="20191010 16:49:54.108"></status>
</kw>
<status status="PASS" starttime="20191010 16:49:54.108" endtime="20191010 16:49:54.109"></status>
</kw>
<status status="PASS" starttime="20191010 16:49:54.082" endtime="20191010 16:49:54.109"></status>
</kw>
<msg timestamp="20191010 16:49:54.109" level="INFO">${date} = ['Date', '12/9/2019', '13/9/2019', '14/9/2019', '15/9/2019', '16/9/2019', '17/9/2019', '18/9/2019', '19/9/2019', '20/9/2019', '21/9/2019', '22/9/2019', '23/9/2019', '24/9/2019', '25/9/2019', '26/9/201...</msg>
<status status="PASS" starttime="20191010 16:49:46.622" endtime="20191010 16:49:54.109"></status>
</kw>
<kw name="Evaluate" library="BuiltIn">
<doc>Evaluates the given expression in Python and returns the results.</doc>
<arguments>
<arg>'${today}' not in ${date}</arg>
</arguments>
<assign>
<var>${condition}</var>
</assign>
<msg timestamp="20191010 16:49:54.109" level="INFO">${condition} = False</msg>
<status status="PASS" starttime="20191010 16:49:54.109" endtime="20191010 16:49:54.109"></status>
</kw>
<kw name="Get Length" library="BuiltIn">
<doc>Returns and logs the length of the given item as an integer.</doc>
<arguments>
<arg>${date}</arg>
</arguments>
<assign>
<var>${lastIndex}</var>
</assign>
<msg timestamp="20191010 16:49:54.110" level="INFO">Length is 30</msg>
<msg timestamp="20191010 16:49:54.110" level="INFO">${lastIndex} = 30</msg>
<status status="PASS" starttime="20191010 16:49:54.109" endtime="20191010 16:49:54.110"></status>
</kw>
<kw name="Run Keyword If" library="BuiltIn">
<doc>Runs the given keyword with the given arguments, if ``condition`` is true.</doc>
<arguments>
<arg>${condition}</arg>
<arg>Set Value</arg>
<arg>A${lastIndex+1}</arg>
<arg>${today}</arg>
</arguments>
<status status="PASS" starttime="20191010 16:49:54.110" endtime="20191010 16:49:54.110"></status>
</kw>
<kw name="Run Keyword If" library="BuiltIn">
<doc>Runs the given keyword with the given arguments, if ``condition`` is true.</doc>
<arguments>
<arg>${condition}</arg>
<arg>Append To List</arg>
<arg>${date}</arg>
<arg>${today}</arg>
</arguments>
<status status="PASS" starttime="20191010 16:49:54.110" endtime="20191010 16:49:54.110"></status>
</kw>
<kw name="Get Index From List" library="Collections">
<doc>Returns the index of the first occurrence of the ``value`` on the list.</doc>
<arguments>
<arg>${date}</arg>
<arg>${today}</arg>
</arguments>
<assign>
<var>${todayIndex}</var>
</assign>
<msg timestamp="20191010 16:49:54.111" level="INFO">${todayIndex} = 29</msg>
<status status="PASS" starttime="20191010 16:49:54.110" endtime="20191010 16:49:54.111"></status>
</kw>
<kw name="Set Variable" library="BuiltIn">
<doc>Returns the given values which can then be assigned to a variables.</doc>
<arguments>
<arg>${field}${todayIndex+1}</arg>
</arguments>
<assign>
<var>${range}</var>
</assign>
<msg timestamp="20191010 16:49:54.111" level="INFO">${range} = E30</msg>
<status status="PASS" starttime="20191010 16:49:54.111" endtime="20191010 16:49:54.111"></status>
</kw>
<kw name="Set Value" library="Sheets">
<arguments>
<arg>${range}</arg>
<arg>${value}</arg>
</arguments>
<kw name="Get Token" library="Sheets">
<kw name="Get Variable Value" library="BuiltIn">
<doc>Returns variable value or ``default`` if the variable does not exist.</doc>
<arguments>
<arg>${getToken}</arg>
<arg>${false}</arg>
</arguments>
<assign>
<var>${getToken}</var>
</assign>
<msg timestamp="20191010 16:49:54.112" level="INFO">${getToken} = True</msg>
<status status="PASS" starttime="20191010 16:49:54.112" endtime="20191010 16:49:54.112"></status>
</kw>
<kw name="Return From Keyword If" library="BuiltIn">
<doc>Returns from the enclosing user keyword if ``condition`` is true.</doc>
<arguments>
<arg>${getToken} == ${true}</arg>
</arguments>
<msg timestamp="20191010 16:49:54.112" level="INFO">Returning from the enclosing user keyword.</msg>
<status status="PASS" starttime="20191010 16:49:54.112" endtime="20191010 16:49:54.112"></status>
</kw>
<status status="PASS" starttime="20191010 16:49:54.111" endtime="20191010 16:49:54.112"></status>
</kw>
<kw name="Put" library="REST">
<tags>
<tag>http</tag>
</tags>
<doc>*Sends a PUT request to the endpoint.*</doc>
<arguments>
<arg>${SHEETS_URL}/${SHEETS_ID}/values/${SHEETS_NAME}!${range}:${range}?valueInputOption=USER_ENTERED</arg>
<arg>body={"values":[["${value}"]]}</arg>
</arguments>
<status status="PASS" starttime="20191010 16:49:54.113" endtime="20191010 16:49:54.807"></status>
</kw>
<kw name="Output" library="REST">
<tags>
<tag>I/O</tag>
</tags>
<doc>*Outputs JSON to terminal or a file.*</doc>
<arguments>
<arg>response body</arg>
<arg>${TEMPDIR}/output.json</arg>
</arguments>
<assign>
<var>${output}</var>
</assign>
<msg timestamp="20191010 16:49:54.809" level="INFO">${output} = {'spreadsheetId': '12s2lIKxptnOdkBUyfApN856IUPNej-CO0R3a3JrKlaw', 'updatedRange': "'Firebase Daily Report'!E30", 'updatedRows': 1, 'updatedColumns': 1, 'updatedCells': 1}</msg>
<status status="PASS" starttime="20191010 16:49:54.808" endtime="20191010 16:49:54.809"></status>
</kw>
<status status="PASS" starttime="20191010 16:49:54.111" endtime="20191010 16:49:54.809"></status>
</kw>
<status status="PASS" starttime="20191010 16:49:46.619" endtime="20191010 16:49:54.810"></status>
</kw>
<status status="PASS" starttime="20191010 16:49:07.625" endtime="20191010 16:49:54.810" critical="yes"></status>
</test>
<kw name="Close Chrome" library="Common" type="teardown">
<kw name="Return From Keyword If" library="BuiltIn">
<doc>Returns from the enclosing user keyword if ``condition`` is true.</doc>
<arguments>
<arg>${openChrome} == ${false}</arg>
</arguments>
<status status="PASS" starttime="20191010 16:49:54.812" endtime="20191010 16:49:54.812"></status>
</kw>
<kw name="Close Browser" library="SeleniumLibrary">
<doc>Closes the current browser.</doc>
<status status="PASS" starttime="20191010 16:49:54.812" endtime="20191010 16:49:57.009"></status>
</kw>
<kw name="Set Global Variable" library="BuiltIn">
<doc>Makes a variable available globally in all tests and suites.</doc>
<arguments>
<arg>${openChrome}</arg>
<arg>${false}</arg>
</arguments>
<msg timestamp="20191010 16:49:57.010" level="INFO">${openChrome} = False</msg>
<status status="PASS" starttime="20191010 16:49:57.009" endtime="20191010 16:49:57.010"></status>
</kw>
<status status="PASS" starttime="20191010 16:49:54.812" endtime="20191010 16:49:57.010"></status>
</kw>
<status status="PASS" starttime="20191010 16:48:56.752" endtime="20191010 16:49:57.010"></status>
</suite>
<statistics>
<total>
<stat pass="1" fail="0">Critical Tests</stat>
<stat pass="1" fail="0">All Tests</stat>
</total>
<tag>
</tag>
<suite>
<stat pass="1" fail="0" id="s1" name="Report">Report</stat>
</suite>
</statistics>
<errors>
</errors>
</robot>
