<?xml version="1.0" encoding="UTF-8"?>
<robot generator="Robot 3.1.2 (Python 3.7.2 on win32)" generated="20191010 16:03:45.279" rpa="false">
<suite id="s1" name="Report" source="C:\Users\Tephudsadin\testbot\DailyReportV5\siampiwat_report\report.robot">
<kw name="Open Chrome" library="Common" type="setup">
<kw name="Get Variable Value" library="BuiltIn">
<doc>Returns variable value or ``default`` if the variable does not exist.</doc>
<arguments>
<arg>${openChrome}</arg>
<arg>${false}</arg>
</arguments>
<assign>
<var>${openChrome}</var>
</assign>
<msg timestamp="20191010 16:03:52.476" level="INFO">${openChrome} = False</msg>
<status status="PASS" starttime="20191010 16:03:52.474" endtime="20191010 16:03:52.476"></status>
</kw>
<kw name="Run Keyword If" library="BuiltIn">
<doc>Runs the given keyword with the given arguments, if ``condition`` is true.</doc>
<arguments>
<arg>${openChrome}</arg>
<arg>Go To</arg>
<arg>${url}</arg>
</arguments>
<status status="PASS" starttime="20191010 16:03:52.476" endtime="20191010 16:03:52.476"></status>
</kw>
<kw name="Return From Keyword If" library="BuiltIn">
<doc>Returns from the enclosing user keyword if ``condition`` is true.</doc>
<arguments>
<arg>${openChrome} == ${true}</arg>
</arguments>
<status status="PASS" starttime="20191010 16:03:52.476" endtime="20191010 16:03:52.477"></status>
</kw>
<kw name="Get Variable Value" library="BuiltIn">
<doc>Returns variable value or ``default`` if the variable does not exist.</doc>
<arguments>
<arg>${headless}</arg>
<arg>${true}</arg>
</arguments>
<assign>
<var>${headless}</var>
</assign>
<msg timestamp="20191010 16:03:52.478" level="INFO">${headless} = True</msg>
<status status="PASS" starttime="20191010 16:03:52.477" endtime="20191010 16:03:52.478"></status>
</kw>
<kw name="Get Variable Value" library="BuiltIn">
<doc>Returns variable value or ``default`` if the variable does not exist.</doc>
<arguments>
<arg>${proxy}</arg>
<arg>${empty}</arg>
</arguments>
<assign>
<var>${proxy}</var>
</assign>
<msg timestamp="20191010 16:03:52.480" level="INFO">${proxy} = </msg>
<status status="PASS" starttime="20191010 16:03:52.478" endtime="20191010 16:03:52.480"></status>
</kw>
<kw name="Evaluate" library="BuiltIn">
<doc>Evaluates the given expression in Python and returns the results.</doc>
<arguments>
<arg>{'goog:chromeOptions':{'useAutomationExtension':False,'args':['no-sandbox','disable-dev-shm-usage','disable-gpu','disable-extensions','log-level=3','remote-debugging-port=9222']}}</arg>
</arguments>
<assign>
<var>${chromeOptions}</var>
</assign>
<msg timestamp="20191010 16:03:52.480" level="INFO">${chromeOptions} = {'goog:chromeOptions': {'useAutomationExtension': False, 'args': ['no-sandbox', 'disable-dev-shm-usage', 'disable-gpu', 'disable-extensions', 'log-level=3', 'remote-debugging-port=9222']}}</msg>
<status status="PASS" starttime="20191010 16:03:52.480" endtime="20191010 16:03:52.480"></status>
</kw>
<kw name="Run Keyword If" library="BuiltIn">
<doc>Runs the given keyword with the given arguments, if ``condition`` is true.</doc>
<arguments>
<arg>${${headless}}</arg>
<arg>Append To List</arg>
<arg>${chromeOptions['goog:chromeOptions']['args']}</arg>
<arg>headless</arg>
</arguments>
<kw name="Append To List" library="Collections">
<doc>Adds ``values`` to the end of ``list``.</doc>
<arguments>
<arg>${chromeOptions['goog:chromeOptions']['args']}</arg>
<arg>headless</arg>
</arguments>
<status status="PASS" starttime="20191010 16:03:52.481" endtime="20191010 16:03:52.481"></status>
</kw>
<status status="PASS" starttime="20191010 16:03:52.480" endtime="20191010 16:03:52.481"></status>
</kw>
<kw name="Run Keyword If" library="BuiltIn">
<doc>Runs the given keyword with the given arguments, if ``condition`` is true.</doc>
<arguments>
<arg>'${proxy}' != ''</arg>
<arg>Append To List</arg>
<arg>${chromeOptions['goog:chromeOptions']['args']}</arg>
<arg>proxy-server=${proxy}</arg>
</arguments>
<status status="PASS" starttime="20191010 16:03:52.481" endtime="20191010 16:03:52.481"></status>
</kw>
<kw name="Open Browser" library="SeleniumLibrary">
<doc>Opens a new browser instance to the given ``url``.</doc>
<arguments>
<arg>${url}</arg>
<arg>browser=chrome</arg>
<arg>desired_capabilities=${chromeOptions}</arg>
</arguments>
<msg timestamp="20191010 16:03:52.482" level="INFO">Opening browser 'chrome' to base url 'about:blank'.</msg>
<status status="PASS" starttime="20191010 16:03:52.482" endtime="20191010 16:03:58.944"></status>
</kw>
<kw name="Set Window Size" library="SeleniumLibrary">
<doc>Sets current windows size to given ``width`` and ``height``.</doc>
<arguments>
<arg>${width}</arg>
<arg>${height}</arg>
</arguments>
<status status="PASS" starttime="20191010 16:03:58.944" endtime="20191010 16:04:03.053"></status>
</kw>
<kw name="Register Keyword To Run On Failure" library="SeleniumLibrary">
<doc>Sets the keyword to execute when a SeleniumLibrary keyword fails.</doc>
<arguments>
<arg>None</arg>
</arguments>
<msg timestamp="20191010 16:04:03.054" level="INFO">No keyword will be run on failure.</msg>
<status status="PASS" starttime="20191010 16:04:03.054" endtime="20191010 16:04:03.054"></status>
</kw>
<kw name="Set Global Variable" library="BuiltIn">
<doc>Makes a variable available globally in all tests and suites.</doc>
<arguments>
<arg>${openChrome}</arg>
<arg>${true}</arg>
</arguments>
<msg timestamp="20191010 16:04:03.054" level="INFO">${openChrome} = True</msg>
<status status="PASS" starttime="20191010 16:04:03.054" endtime="20191010 16:04:03.055"></status>
</kw>
<status status="PASS" starttime="20191010 16:03:52.474" endtime="20191010 16:04:03.055"></status>
</kw>
<test id="s1-t1" name="Report 22">
<kw name="Get Crashlytics" library="Firebase">
<assign>
<var>${crashlytics}</var>
</assign>
<kw name="Login Firebase" library="Firebase">
<kw name="Get Variable Value" library="BuiltIn">
<doc>Returns variable value or ``default`` if the variable does not exist.</doc>
<arguments>
<arg>${loginFirebase}</arg>
<arg>${false}</arg>
</arguments>
<assign>
<var>${loginFirebase}</var>
</assign>
<msg timestamp="20191010 16:04:03.057" level="INFO">${loginFirebase} = False</msg>
<status status="PASS" starttime="20191010 16:04:03.056" endtime="20191010 16:04:03.057"></status>
</kw>
<kw name="Return From Keyword If" library="BuiltIn">
<doc>Returns from the enclosing user keyword if ``condition`` is true.</doc>
<arguments>
<arg>${loginFirebase} == ${true}</arg>
</arguments>
<status status="PASS" starttime="20191010 16:04:03.058" endtime="20191010 16:04:03.058"></status>
</kw>
<kw name="Open Chrome" library="Common">
<arguments>
<arg>${FIREBASE_URL}</arg>
</arguments>
<kw name="Get Variable Value" library="BuiltIn">
<doc>Returns variable value or ``default`` if the variable does not exist.</doc>
<arguments>
<arg>${openChrome}</arg>
<arg>${false}</arg>
</arguments>
<assign>
<var>${openChrome}</var>
</assign>
<msg timestamp="20191010 16:04:03.059" level="INFO">${openChrome} = True</msg>
<status status="PASS" starttime="20191010 16:04:03.058" endtime="20191010 16:04:03.059"></status>
</kw>
<kw name="Run Keyword If" library="BuiltIn">
<doc>Runs the given keyword with the given arguments, if ``condition`` is true.</doc>
<arguments>
<arg>${openChrome}</arg>
<arg>Go To</arg>
<arg>${url}</arg>
</arguments>
<kw name="Go To" library="SeleniumLibrary">
<doc>Navigates the active browser instance to the provided ``url``.</doc>
<arguments>
<arg>${url}</arg>
</arguments>
<msg timestamp="20191010 16:04:03.059" level="INFO">Opening url 'https://console.firebase.google.com/project/onesiam-mobile'</msg>
<status status="PASS" starttime="20191010 16:04:03.059" endtime="20191010 16:04:07.055"></status>
</kw>
<status status="PASS" starttime="20191010 16:04:03.059" endtime="20191010 16:04:07.055"></status>
</kw>
<kw name="Return From Keyword If" library="BuiltIn">
<doc>Returns from the enclosing user keyword if ``condition`` is true.</doc>
<arguments>
<arg>${openChrome} == ${true}</arg>
</arguments>
<msg timestamp="20191010 16:04:07.056" level="INFO">Returning from the enclosing user keyword.</msg>
<status status="PASS" starttime="20191010 16:04:07.055" endtime="20191010 16:04:07.056"></status>
</kw>
<status status="PASS" starttime="20191010 16:04:03.058" endtime="20191010 16:04:07.057"></status>
</kw>
<kw name="Set Variable" library="BuiltIn">
<doc>Returns the given values which can then be assigned to a variables.</doc>
<arguments>
<arg>xpath=//*[@id="identifierId" or @id="Email"]</arg>
</arguments>
<assign>
<var>${locator_email}</var>
</assign>
<msg timestamp="20191010 16:04:07.057" level="INFO">${locator_email} = xpath=//*[@id="identifierId" or @id="Email"]</msg>
<status status="PASS" starttime="20191010 16:04:07.057" endtime="20191010 16:04:07.057"></status>
</kw>
<kw name="Set Variable" library="BuiltIn">
<doc>Returns the given values which can then be assigned to a variables.</doc>
<arguments>
<arg>xpath=//*[@id="password"]//input|//*[@id="Passwd"]</arg>
</arguments>
<assign>
<var>${locator_password}</var>
</assign>
<msg timestamp="20191010 16:04:07.057" level="INFO">${locator_password} = xpath=//*[@id="password"]//input|//*[@id="Passwd"]</msg>
<status status="PASS" starttime="20191010 16:04:07.057" endtime="20191010 16:04:07.057"></status>
</kw>
<kw name="Set Variable" library="BuiltIn">
<doc>Returns the given values which can then be assigned to a variables.</doc>
<arguments>
<arg>xpath=//*[@id="identifierNext" or @id="next"]</arg>
</arguments>
<assign>
<var>${locator_next}</var>
</assign>
<msg timestamp="20191010 16:04:07.058" level="INFO">${locator_next} = xpath=//*[@id="identifierNext" or @id="next"]</msg>
<status status="PASS" starttime="20191010 16:04:07.057" endtime="20191010 16:04:07.058"></status>
</kw>
<kw name="Set Variable" library="BuiltIn">
<doc>Returns the given values which can then be assigned to a variables.</doc>
<arguments>
<arg>xpath=//*[@id="passwordNext" or @id="signIn"]</arg>
</arguments>
<assign>
<var>${locator_signIn}</var>
</assign>
<msg timestamp="20191010 16:04:07.058" level="INFO">${locator_signIn} = xpath=//*[@id="passwordNext" or @id="signIn"]</msg>
<status status="PASS" starttime="20191010 16:04:07.058" endtime="20191010 16:04:07.058"></status>
</kw>
<kw name="Wait Until Element Is Visible" library="SeleniumLibrary">
<doc>Waits until element ``locator`` is visible.</doc>
<arguments>
<arg>${locator_email}</arg>
</arguments>
<status status="PASS" starttime="20191010 16:04:07.058" endtime="20191010 16:04:07.120"></status>
</kw>
<kw name="Input Text" library="SeleniumLibrary">
<doc>Types the given ``text`` into text field identified by ``locator``.</doc>
<arguments>
<arg>${locator_email}</arg>
<arg>${FIREBASE_USR}</arg>
</arguments>
<msg timestamp="20191010 16:04:07.120" level="INFO">Typing text 'Karthoke.Tester@gmail.com' into text field 'xpath=//*[@id="identifierId" or @id="Email"]'.</msg>
<status status="PASS" starttime="20191010 16:04:07.120" endtime="20191010 16:04:07.302"></status>
</kw>
<kw name="Press Keys" library="SeleniumLibrary">
<doc>Simulates user pressing key(s) to an element or on the active browser.</doc>
<arguments>
<arg>${locator_email}</arg>
<arg>RETURN</arg>
</arguments>
<msg timestamp="20191010 16:04:07.303" level="INFO">Sending key(s) ('RETURN',) to xpath=//*[@id="identifierId" or @id="Email"] element.</msg>
<msg timestamp="20191010 16:04:07.311" level="INFO">Pressing special key RETURN to element.</msg>
<status status="PASS" starttime="20191010 16:04:07.302" endtime="20191010 16:04:11.410"></status>
</kw>
<kw name="Wait Until Element Is Not Visible" library="SeleniumLibrary">
<doc>Waits until element ``locator`` is not visible.</doc>
<arguments>
<arg>${locator_email}</arg>
</arguments>
<status status="PASS" starttime="20191010 16:04:11.410" endtime="20191010 16:04:11.419"></status>
</kw>
<kw name="Wait Until Element Is Visible" library="SeleniumLibrary">
<doc>Waits until element ``locator`` is visible.</doc>
<arguments>
<arg>${locator_password}</arg>
</arguments>
<status status="PASS" starttime="20191010 16:04:11.419" endtime="20191010 16:04:11.443"></status>
</kw>
<kw name="Input Password" library="SeleniumLibrary">
<doc>Types the given password into text field identified by ``locator``.</doc>
<arguments>
<arg>${locator_password}</arg>
<arg>${FIREBASE_PWD}</arg>
</arguments>
<msg timestamp="20191010 16:04:11.444" level="INFO">Typing password into text field 'xpath=//*[@id="password"]//input|//*[@id="Passwd"]'.</msg>
<status status="PASS" starttime="20191010 16:04:11.444" endtime="20191010 16:04:11.548"></status>
</kw>
<kw name="Press Keys" library="SeleniumLibrary">
<doc>Simulates user pressing key(s) to an element or on the active browser.</doc>
<arguments>
<arg>${locator_password}</arg>
<arg>RETURN</arg>
</arguments>
<msg timestamp="20191010 16:04:11.549" level="INFO">Sending key(s) ('RETURN',) to xpath=//*[@id="password"]//input|//*[@id="Passwd"] element.</msg>
<msg timestamp="20191010 16:04:11.556" level="INFO">Pressing special key RETURN to element.</msg>
<status status="PASS" starttime="20191010 16:04:11.549" endtime="20191010 16:05:13.505"></status>
</kw>
<kw name="Wait Until Element Is Not Visible" library="SeleniumLibrary">
<doc>Waits until element ``locator`` is not visible.</doc>
<arguments>
<arg>${locator_password}</arg>
</arguments>
<status status="PASS" starttime="20191010 16:05:13.505" endtime="20191010 16:05:16.299"></status>
</kw>
<kw name="Wait Until Element Is Visible" library="SeleniumLibrary">
<doc>Waits until element ``locator`` is visible.</doc>
<arguments>
<arg>css=fb-navbar</arg>
<arg>1m</arg>
</arguments>
<status status="PASS" starttime="20191010 16:05:16.299" endtime="20191010 16:05:19.784"></status>
</kw>
<kw name="Set Global Variable" library="BuiltIn">
<doc>Makes a variable available globally in all tests and suites.</doc>
<arguments>
<arg>${loginFirebase}</arg>
<arg>${true}</arg>
</arguments>
<msg timestamp="20191010 16:05:19.785" level="INFO">${loginFirebase} = True</msg>
<status status="PASS" starttime="20191010 16:05:19.784" endtime="20191010 16:05:19.785"></status>
</kw>
<status status="PASS" starttime="20191010 16:04:03.056" endtime="20191010 16:05:19.785"></status>
</kw>
<kw name="Get Today Epoch" library="Firebase">
<assign>
<var>${today}</var>
</assign>
<kw name="Get Time" library="BuiltIn">
<doc>Returns the given time in the requested format.</doc>
<arguments>
<arg>year,month,day</arg>
</arguments>
<assign>
<var>${y}</var>
<var>${m}</var>
<var>${d}</var>
</assign>
<msg timestamp="20191010 16:05:19.786" level="INFO">${y} = 2019</msg>
<msg timestamp="20191010 16:05:19.786" level="INFO">${m} = 10</msg>
<msg timestamp="20191010 16:05:19.786" level="INFO">${d} = 10</msg>
<status status="PASS" starttime="20191010 16:05:19.786" endtime="20191010 16:05:19.786"></status>
</kw>
<kw name="Get Time" library="BuiltIn">
<doc>Returns the given time in the requested format.</doc>
<arguments>
<arg>epoch</arg>
<arg>${y}-${m}-${d} 00:00:00</arg>
</arguments>
<assign>
<var>${epoch}</var>
</assign>
<msg timestamp="20191010 16:05:19.787" level="INFO">${epoch} = 1570640400</msg>
<status status="PASS" starttime="20191010 16:05:19.786" endtime="20191010 16:05:19.787"></status>
</kw>
<kw name="Set Variable" library="BuiltIn">
<doc>Returns the given values which can then be assigned to a variables.</doc>
<arguments>
<arg>${epoch}000</arg>
</arguments>
<assign>
<var>${begin}</var>
</assign>
<msg timestamp="20191010 16:05:19.787" level="INFO">${begin} = 1570640400000</msg>
<status status="PASS" starttime="20191010 16:05:19.787" endtime="20191010 16:05:19.787"></status>
</kw>
<kw name="Set Variable" library="BuiltIn">
<doc>Returns the given values which can then be assigned to a variables.</doc>
<arguments>
<arg>${epoch+86399}000</arg>
</arguments>
<assign>
<var>${end}</var>
</assign>
<msg timestamp="20191010 16:05:19.789" level="INFO">${end} = 1570726799000</msg>
<status status="PASS" starttime="20191010 16:05:19.787" endtime="20191010 16:05:19.789"></status>
</kw>
<msg timestamp="20191010 16:05:19.789" level="INFO">${today} = ['1570640400000', '1570726799000']</msg>
<status status="PASS" starttime="20191010 16:05:19.785" endtime="20191010 16:05:19.789"></status>
</kw>
<kw name="Redirect" library="Firebase">
<arguments>
<arg>${FIREBASE_URL}/crashlytics/app/android:com.onesiam.siampiwat/issues?type=crash&amp;state=open&amp;time=${today[0]}:${today[1]}</arg>
</arguments>
<kw name="${interval} IN RANGE [ 5 ]" type="for">
<kw name="${interval} = 0" type="foritem">
<kw name="Go To" library="SeleniumLibrary">
<doc>Navigates the active browser instance to the provided ``url``.</doc>
<arguments>
<arg>${url}</arg>
</arguments>
<msg timestamp="20191010 16:05:19.790" level="INFO">Opening url 'https://console.firebase.google.com/project/onesiam-mobile/crashlytics/app/android:com.onesiam.siampiwat/issues?type=crash&amp;state=open&amp;time=1570640400000:1570726799000'</msg>
<status status="PASS" starttime="20191010 16:05:19.790" endtime="20191010 16:05:24.972"></status>
</kw>
<kw name="Run Keyword And Return Status" library="BuiltIn">
<doc>Runs the given keyword with given arguments and returns the status as a Boolean value.</doc>
<arguments>
<arg>Location Should Contain</arg>
<arg>${url}</arg>
</arguments>
<assign>
<var>${condition}</var>
</assign>
<kw name="Location Should Contain" library="SeleniumLibrary">
<doc>Verifies that current URL contains ``expected``.</doc>
<arguments>
<arg>${url}</arg>
</arguments>
<msg timestamp="20191010 16:05:24.977" level="INFO">Current location contains 'https://console.firebase.google.com/project/onesiam-mobile/crashlytics/app/android:com.onesiam.siampiwat/issues?type=crash&amp;state=open&amp;time=1570640400000:1570726799000'.</msg>
<status status="PASS" starttime="20191010 16:05:24.973" endtime="20191010 16:05:24.977"></status>
</kw>
<msg timestamp="20191010 16:05:24.978" level="INFO">${condition} = True</msg>
<status status="PASS" starttime="20191010 16:05:24.973" endtime="20191010 16:05:24.978"></status>
</kw>
<kw name="Exit For Loop If" library="BuiltIn">
<doc>Stops executing the enclosing for loop if the ``condition`` is true.</doc>
<arguments>
<arg>${condition}</arg>
</arguments>
<msg timestamp="20191010 16:05:24.978" level="INFO">Exiting for loop altogether.</msg>
<status status="PASS" starttime="20191010 16:05:24.978" endtime="20191010 16:05:24.978"></status>
</kw>
<status status="PASS" starttime="20191010 16:05:19.790" endtime="20191010 16:05:24.978"></status>
</kw>
<status status="PASS" starttime="20191010 16:05:19.790" endtime="20191010 16:05:24.978"></status>
</kw>
<status status="PASS" starttime="20191010 16:05:19.789" endtime="20191010 16:05:24.978"></status>
</kw>
<kw name="Get Actually Text" library="Firebase">
<arguments>
<arg>css=.crashes .value</arg>
</arguments>
<assign>
<var>${crashlytics}</var>
</assign>
<kw name="Evaluate" library="BuiltIn">
<doc>Evaluates the given expression in Python and returns the results.</doc>
<arguments>
<arg>'${iframe}' != ''</arg>
</arguments>
<assign>
<var>${condition}</var>
</assign>
<msg timestamp="20191010 16:05:24.979" level="INFO">${condition} = False</msg>
<status status="PASS" starttime="20191010 16:05:24.979" endtime="20191010 16:05:24.979"></status>
</kw>
<kw name="Run Keyword If" library="BuiltIn">
<doc>Runs the given keyword with the given arguments, if ``condition`` is true.</doc>
<arguments>
<arg>${condition}</arg>
<arg>Select Frame</arg>
<arg>${iframe}</arg>
</arguments>
<status status="PASS" starttime="20191010 16:05:24.979" endtime="20191010 16:05:24.979"></status>
</kw>
<kw name="Wait Until Element Is Visible" library="SeleniumLibrary">
<doc>Waits until element ``locator`` is visible.</doc>
<arguments>
<arg>${locator}</arg>
</arguments>
<status status="PASS" starttime="20191010 16:05:24.979" endtime="20191010 16:05:40.737"></status>
</kw>
<kw name="${interval} IN RANGE [ 5 ]" type="for">
<kw name="${interval} = 0" type="foritem">
<kw name="Sleep" library="BuiltIn">
<doc>Pauses the test executed for the given time.</doc>
<arguments>
<arg>1s</arg>
</arguments>
<msg timestamp="20191010 16:05:41.739" level="INFO">Slept 1 second</msg>
<status status="PASS" starttime="20191010 16:05:40.737" endtime="20191010 16:05:41.739"></status>
</kw>
<kw name="Wait Until Element Is Visible" library="SeleniumLibrary">
<doc>Waits until element ``locator`` is visible.</doc>
<arguments>
<arg>${locator}</arg>
</arguments>
<status status="PASS" starttime="20191010 16:05:41.739" endtime="20191010 16:05:41.758"></status>
</kw>
<kw name="Get Text" library="SeleniumLibrary">
<doc>Returns the text value of element identified by ``locator``.</doc>
<arguments>
<arg>${locator}</arg>
</arguments>
<assign>
<var>${text}</var>
</assign>
<msg timestamp="20191010 16:05:41.811" level="INFO">${text} = ...</msg>
<status status="PASS" starttime="20191010 16:05:41.758" endtime="20191010 16:05:41.811"></status>
</kw>
<kw name="Run Keyword And Ignore Error" library="BuiltIn">
<doc>Runs the given keyword with the given arguments and ignores possible error.</doc>
<arguments>
<arg>Exit For Loop If</arg>
<arg>${text} &gt; 0</arg>
</arguments>
<kw name="Exit For Loop If" library="BuiltIn">
<doc>Stops executing the enclosing for loop if the ``condition`` is true.</doc>
<arguments>
<arg>${text} &gt; 0</arg>
</arguments>
<msg timestamp="20191010 16:05:41.812" level="FAIL">Evaluating expression '... &gt; 0' failed: TypeError: '&gt;' not supported between instances of 'ellipsis' and 'int'</msg>
<status status="FAIL" starttime="20191010 16:05:41.811" endtime="20191010 16:05:41.812"></status>
</kw>
<status status="PASS" starttime="20191010 16:05:41.811" endtime="20191010 16:05:41.812"></status>
</kw>
<status status="PASS" starttime="20191010 16:05:40.737" endtime="20191010 16:05:41.812"></status>
</kw>
<kw name="${interval} = 1" type="foritem">
<kw name="Sleep" library="BuiltIn">
<doc>Pauses the test executed for the given time.</doc>
<arguments>
<arg>1s</arg>
</arguments>
<msg timestamp="20191010 16:05:42.812" level="INFO">Slept 1 second</msg>
<status status="PASS" starttime="20191010 16:05:41.812" endtime="20191010 16:05:42.812"></status>
</kw>
<kw name="Wait Until Element Is Visible" library="SeleniumLibrary">
<doc>Waits until element ``locator`` is visible.</doc>
<arguments>
<arg>${locator}</arg>
</arguments>
<status status="PASS" starttime="20191010 16:05:42.812" endtime="20191010 16:05:42.831"></status>
</kw>
<kw name="Get Text" library="SeleniumLibrary">
<doc>Returns the text value of element identified by ``locator``.</doc>
<arguments>
<arg>${locator}</arg>
</arguments>
<assign>
<var>${text}</var>
</assign>
<msg timestamp="20191010 16:05:42.848" level="INFO">${text} = ...</msg>
<status status="PASS" starttime="20191010 16:05:42.831" endtime="20191010 16:05:42.848"></status>
</kw>
<kw name="Run Keyword And Ignore Error" library="BuiltIn">
<doc>Runs the given keyword with the given arguments and ignores possible error.</doc>
<arguments>
<arg>Exit For Loop If</arg>
<arg>${text} &gt; 0</arg>
</arguments>
<kw name="Exit For Loop If" library="BuiltIn">
<doc>Stops executing the enclosing for loop if the ``condition`` is true.</doc>
<arguments>
<arg>${text} &gt; 0</arg>
</arguments>
<msg timestamp="20191010 16:05:42.849" level="FAIL">Evaluating expression '... &gt; 0' failed: TypeError: '&gt;' not supported between instances of 'ellipsis' and 'int'</msg>
<status status="FAIL" starttime="20191010 16:05:42.849" endtime="20191010 16:05:42.849"></status>
</kw>
<status status="PASS" starttime="20191010 16:05:42.849" endtime="20191010 16:05:42.849"></status>
</kw>
<status status="PASS" starttime="20191010 16:05:41.812" endtime="20191010 16:05:42.849"></status>
</kw>
<kw name="${interval} = 2" type="foritem">
<kw name="Sleep" library="BuiltIn">
<doc>Pauses the test executed for the given time.</doc>
<arguments>
<arg>1s</arg>
</arguments>
<msg timestamp="20191010 16:05:43.851" level="INFO">Slept 1 second</msg>
<status status="PASS" starttime="20191010 16:05:42.850" endtime="20191010 16:05:43.851"></status>
</kw>
<kw name="Wait Until Element Is Visible" library="SeleniumLibrary">
<doc>Waits until element ``locator`` is visible.