<?xml version="1.0" encoding="UTF-8"?>
<robot generator="Robot 3.1.2 (Python 3.7.2 on win32)" generated="20191011 14:51:33.185" rpa="false">
<suite id="s1" name="Report" source="C:\Users\Tephudsadin\testbot\DailyReportV5\siampiwat_report\report.robot">
<kw name="Open Chrome" library="Common" type="setup">
<kw name="Get Variable Value" library="BuiltIn">
<doc>Returns variable value or ``default`` if the variable does not exist.</doc>
<arguments>
<arg>${openChrome}</arg>
<arg>${false}</arg>
</arguments>
<assign>
<var>${openChrome}</var>
</assign>
<msg timestamp="20191011 14:51:34.470" level="INFO">${openChrome} = False</msg>
<status status="PASS" starttime="20191011 14:51:34.470" endtime="20191011 14:51:34.470"></status>
</kw>
<kw name="Run Keyword If" library="BuiltIn">
<doc>Runs the given keyword with the given arguments, if ``condition`` is true.</doc>
<arguments>
<arg>${openChrome}</arg>
<arg>Go To</arg>
<arg>${url}</arg>
</arguments>
<status status="PASS" starttime="20191011 14:51:34.470" endtime="20191011 14:51:34.470"></status>
</kw>
<kw name="Return From Keyword If" library="BuiltIn">
<doc>Returns from the enclosing user keyword if ``condition`` is true.</doc>
<arguments>
<arg>${openChrome} == ${true}</arg>
</arguments>
<status status="PASS" starttime="20191011 14:51:34.470" endtime="20191011 14:51:34.470"></status>
</kw>
<kw name="Open Browser" library="SeleniumLibrary">
<doc>Opens a new browser instance to the given ``url``.</doc>
<arguments>
<arg>${url}</arg>
<arg>browser=headless firefox</arg>
</arguments>
<msg timestamp="20191011 14:51:34.474" level="INFO">Opening browser 'headless firefox' to base url 'about:blank'.</msg>
<status status="PASS" starttime="20191011 14:51:34.474" endtime="20191011 14:51:42.585"></status>
</kw>
<kw name="Set Window Size" library="SeleniumLibrary">
<doc>Sets current windows size to given ``width`` and ``height``.</doc>
<arguments>
<arg>${width}</arg>
<arg>${height}</arg>
</arguments>
<status status="PASS" starttime="20191011 14:51:42.589" endtime="20191011 14:51:42.621"></status>
</kw>
<kw name="Register Keyword To Run On Failure" library="SeleniumLibrary">
<doc>Sets the keyword to execute when a SeleniumLibrary keyword fails.</doc>
<arguments>
<arg>None</arg>
</arguments>
<msg timestamp="20191011 14:51:42.621" level="INFO">No keyword will be run on failure.</msg>
<status status="PASS" starttime="20191011 14:51:42.621" endtime="20191011 14:51:42.621"></status>
</kw>
<kw name="Set Global Variable" library="BuiltIn">
<doc>Makes a variable available globally in all tests and suites.</doc>
<arguments>
<arg>${openChrome}</arg>
<arg>${true}</arg>
</arguments>
<msg timestamp="20191011 14:51:42.621" level="INFO">${openChrome} = True</msg>
<status status="PASS" starttime="20191011 14:51:42.621" endtime="20191011 14:51:42.621"></status>
</kw>
<status status="PASS" starttime="20191011 14:51:34.470" endtime="20191011 14:51:42.621"></status>
</kw>
<test id="s1-t1" name="Report10">
<kw name="Get Active User" library="Firebase">
<assign>
<var>${activeUser}</var>
</assign>
<kw name="Login Firebase" library="Firebase">
<kw name="Get Variable Value" library="BuiltIn">
<doc>Returns variable value or ``default`` if the variable does not exist.</doc>
<arguments>
<arg>${loginFirebase}</arg>
<arg>${false}</arg>
</arguments>
<assign>
<var>${loginFirebase}</var>
</assign>
<msg timestamp="20191011 14:51:42.625" level="INFO">${loginFirebase} = False</msg>
<status status="PASS" starttime="20191011 14:51:42.625" endtime="20191011 14:51:42.625"></status>
</kw>
<kw name="Return From Keyword If" library="BuiltIn">
<doc>Returns from the enclosing user keyword if ``condition`` is true.</doc>
<arguments>
<arg>${loginFirebase} == ${true}</arg>
</arguments>
<status status="PASS" starttime="20191011 14:51:42.625" endtime="20191011 14:51:42.625"></status>
</kw>
<kw name="Open Chrome" library="Common">
<arguments>
<arg>${FIREBASE_URL}</arg>
</arguments>
<kw name="Get Variable Value" library="BuiltIn">
<doc>Returns variable value or ``default`` if the variable does not exist.</doc>
<arguments>
<arg>${openChrome}</arg>
<arg>${false}</arg>
</arguments>
<assign>
<var>${openChrome}</var>
</assign>
<msg timestamp="20191011 14:51:42.629" level="INFO">${openChrome} = True</msg>
<status status="PASS" starttime="20191011 14:51:42.629" endtime="20191011 14:51:42.629"></status>
</kw>
<kw name="Run Keyword If" library="BuiltIn">
<doc>Runs the given keyword with the given arguments, if ``condition`` is true.</doc>
<arguments>
<arg>${openChrome}</arg>
<arg>Go To</arg>
<arg>${url}</arg>
</arguments>
<kw name="Go To" library="SeleniumLibrary">
<doc>Navigates the active browser instance to the provided ``url``.</doc>
<arguments>
<arg>${url}</arg>
</arguments>
<msg timestamp="20191011 14:51:42.630" level="INFO">Opening url 'https://console.firebase.google.com/project/onesiam-mobile'</msg>
<status status="PASS" starttime="20191011 14:51:42.630" endtime="20191011 14:51:46.796"></status>
</kw>
<status status="PASS" starttime="20191011 14:51:42.630" endtime="20191011 14:51:46.796"></status>
</kw>
<kw name="Return From Keyword If" library="BuiltIn">
<doc>Returns from the enclosing user keyword if ``condition`` is true.</doc>
<arguments>
<arg>${openChrome} == ${true}</arg>
</arguments>
<msg timestamp="20191011 14:51:46.800" level="INFO">Returning from the enclosing user keyword.</msg>
<status status="PASS" starttime="20191011 14:51:46.796" endtime="20191011 14:51:46.800"></status>
</kw>
<status status="PASS" starttime="20191011 14:51:42.629" endtime="20191011 14:51:46.800"></status>
</kw>
<kw name="Set Variable" library="BuiltIn">
<doc>Returns the given values which can then be assigned to a variables.</doc>
<arguments>
<arg>xpath=//*[@id="identifierId" or @id="Email"]</arg>
</arguments>
<assign>
<var>${locator_email}</var>
</assign>
<msg timestamp="20191011 14:51:46.800" level="INFO">${locator_email} = xpath=//*[@id="identifierId" or @id="Email"]</msg>
<status status="PASS" starttime="20191011 14:51:46.800" endtime="20191011 14:51:46.800"></status>
</kw>
<kw name="Set Variable" library="BuiltIn">
<doc>Returns the given values which can then be assigned to a variables.</doc>
<arguments>
<arg>xpath=//*[@id="password"]//input|//*[@id="Passwd"]</arg>
</arguments>
<assign>
<var>${locator_password}</var>
</assign>
<msg timestamp="20191011 14:51:46.804" level="INFO">${locator_password} = xpath=//*[@id="password"]//input|//*[@id="Passwd"]</msg>
<status status="PASS" starttime="20191011 14:51:46.804" endtime="20191011 14:51:46.804"></status>
</kw>
<kw name="Set Variable" library="BuiltIn">
<doc>Returns the given values which can then be assigned to a variables.</doc>
<arguments>
<arg>xpath=//*[@id="identifierNext" or @id="next"]</arg>
</arguments>
<assign>
<var>${locator_next}</var>
</assign>
<msg timestamp="20191011 14:51:46.804" level="INFO">${locator_next} = xpath=//*[@id="identifierNext" or @id="next"]</msg>
<status status="PASS" starttime="20191011 14:51:46.804" endtime="20191011 14:51:46.804"></status>
</kw>
<kw name="Set Variable" library="BuiltIn">
<doc>Returns the given values which can then be assigned to a variables.</doc>
<arguments>
<arg>xpath=//*[@id="passwordNext" or @id="signIn"]</arg>
</arguments>
<assign>
<var>${locator_signIn}</var>
</assign>
<msg timestamp="20191011 14:51:46.808" level="INFO">${locator_signIn} = xpath=//*[@id="passwordNext" or @id="signIn"]</msg>
<status status="PASS" starttime="20191011 14:51:46.808" endtime="20191011 14:51:46.808"></status>
</kw>
<kw name="Wait Until Element Is Visible" library="SeleniumLibrary">
<doc>Waits until element ``locator`` is visible.</doc>
<arguments>
<arg>${locator_email}</arg>
</arguments>
<status status="PASS" starttime="20191011 14:51:46.808" endtime="20191011 14:51:46.888"></status>
</kw>
<kw name="Input Text" library="SeleniumLibrary">
<doc>Types the given ``text`` into text field identified by ``locator``.</doc>
<arguments>
<arg>${locator_email}</arg>
<arg>${FIREBASE_USR}</arg>
</arguments>
<msg timestamp="20191011 14:51:46.892" level="INFO">Typing text 'Karthoke.Tester@gmail.com' into text field 'xpath=//*[@id="identifierId" or @id="Email"]'.</msg>
<status status="PASS" starttime="20191011 14:51:46.892" endtime="20191011 14:51:47.108"></status>
</kw>
<kw name="Press Keys" library="SeleniumLibrary">
<doc>Simulates user pressing key(s) to an element or on the active browser.</doc>
<arguments>
<arg>${locator_email}</arg>
<arg>RETURN</arg>
</arguments>
<msg timestamp="20191011 14:51:47.112" level="INFO">Sending key(s) ('RETURN',) to xpath=//*[@id="identifierId" or @id="Email"] element.</msg>
<msg timestamp="20191011 14:51:47.116" level="INFO">Pressing special key RETURN to element.</msg>
<status status="PASS" starttime="20191011 14:51:47.112" endtime="20191011 14:51:47.520"></status>
</kw>
<kw name="Wait Until Element Is Not Visible" library="SeleniumLibrary">
<doc>Waits until element ``locator`` is not visible.</doc>
<arguments>
<arg>${locator_email}</arg>
</arguments>
<status status="PASS" starttime="20191011 14:51:47.520" endtime="20191011 14:51:48.533"></status>
</kw>
<kw name="Wait Until Element Is Visible" library="SeleniumLibrary">
<doc>Waits until element ``locator`` is visible.</doc>
<arguments>
<arg>${locator_password}</arg>
</arguments>
<status status="PASS" starttime="20191011 14:51:48.533" endtime="20191011 14:51:48.593"></status>
</kw>
<kw name="Input Password" library="SeleniumLibrary">
<doc>Types the given password into text field identified by ``locator``.</doc>
<arguments>
<arg>${locator_password}</arg>
<arg>${FIREBASE_PWD}</arg>
</arguments>
<msg timestamp="20191011 14:51:48.593" level="INFO">Typing password into text field 'xpath=//*[@id="password"]//input|//*[@id="Passwd"]'.</msg>
<status status="PASS" starttime="20191011 14:51:48.593" endtime="20191011 14:51:48.845"></status>
</kw>
<kw name="Press Keys" library="SeleniumLibrary">
<doc>Simulates user pressing key(s) to an element or on the active browser.</doc>
<arguments>
<arg>${locator_password}</arg>
<arg>RETURN</arg>
</arguments>
<msg timestamp="20191011 14:51:48.849" level="INFO">Sending key(s) ('RETURN',) to xpath=//*[@id="password"]//input|//*[@id="Passwd"] element.</msg>
<msg timestamp="20191011 14:51:48.857" level="INFO">Pressing special key RETURN to element.</msg>
<status status="PASS" starttime="20191011 14:51:48.845" endtime="20191011 14:51:49.253"></status>
</kw>
<kw name="Wait Until Element Is Not Visible" library="SeleniumLibrary">
<doc>Waits until element ``locator`` is not visible.</doc>
<arguments>
<arg>${locator_password}</arg>
</arguments>
<status status="PASS" starttime="20191011 14:51:49.253" endtime="20191011 14:51:50.322"></status>
</kw>
<kw name="Run Keyword And Return Status" library="BuiltIn">
<doc>Runs the given keyword with given arguments and returns the status as a Boolean value.</doc>
<arguments>
<arg>Wait Until Element Is Visible</arg>
<arg>//*[@id="view_container"]/div/div/div[2]/div/div/div/form/span/section/div/div/div/ul/li[3]/div/div[2]</arg>
</arguments>
<assign>
<var>${isnotPass}</var>
</assign>
<kw name="Wait Until Element Is Visible" library="SeleniumLibrary">
<doc>Waits until element ``locator`` is visible.</doc>
<arguments>
<arg>//*[@id="view_container"]/div/div/div[2]/div/div/div/form/span/section/div/div/div/ul/li[3]/div/div[2]</arg>
</arguments>
<msg timestamp="20191011 14:52:05.576" level="FAIL">Element '//*[@id="view_container"]/div/div/div[2]/div/div/div/form/span/section/div/div/div/ul/li[3]/div/div[2]' not visible after 15 seconds.</msg>
<status status="FAIL" starttime="20191011 14:51:50.322" endtime="20191011 14:52:05.576"></status>
</kw>
<msg timestamp="20191011 14:52:05.576" level="INFO">${isnotPass} = False</msg>
<status status="PASS" starttime="20191011 14:51:50.322" endtime="20191011 14:52:05.576"></status>
</kw>
<kw name="Return From Keyword If" library="BuiltIn">
<doc>Returns from the enclosing user keyword if ``condition`` is true.</doc>
<arguments>
<arg>${isnotPass} == ${true}</arg>
<arg>LoginMoblie</arg>
</arguments>
<status status="PASS" starttime="20191011 14:52:05.576" endtime="20191011 14:52:05.580"></status>
</kw>
<kw name="Set Global Variable" library="BuiltIn">
<doc>Makes a variable available globally in all tests and suites.</doc>
<arguments>
<arg>${loginFirebase}</arg>
<arg>${true}</arg>
</arguments>
<msg timestamp="20191011 14:52:05.580" level="INFO">${loginFirebase} = True</msg>
<status status="PASS" starttime="20191011 14:52:05.580" endtime="20191011 14:52:05.580"></status>
</kw>
<status status="PASS" starttime="20191011 14:51:42.625" endtime="20191011 14:52:05.580"></status>
</kw>
<kw name="Get Today Epoch" library="Firebase">
<assign>
<var>${today}</var>
</assign>
<kw name="Get Time" library="BuiltIn">
<doc>Returns the given time in the requested format.</doc>
<arguments>
<arg>year,month,day</arg>
</arguments>
<assign>
<var>${y}</var>
<var>${m}</var>
<var>${d}</var>
</assign>
<msg timestamp="20191011 14:52:05.588" level="INFO">${y} = 2019</msg>
<msg timestamp="20191011 14:52:05.588" level="INFO">${m} = 10</msg>
<msg timestamp="20191011 14:52:05.588" level="INFO">${d} = 11</msg>
<status status="PASS" starttime="20191011 14:52:05.584" endtime="20191011 14:52:05.588"></status>
</kw>
<kw name="Get Time" library="BuiltIn">
<doc>Returns the given time in the requested format.</doc>
<arguments>
<arg>epoch</arg>
<arg>${y}-${m}-${d} 00:00:00</arg>
</arguments>
<assign>
<var>${epoch}</var>
</assign>
<msg timestamp="20191011 14:52:05.588" level="INFO">${epoch} = 1570726800</msg>
<status status="PASS" starttime="20191011 14:52:05.588" endtime="20191011 14:52:05.588"></status>
</kw>
<kw name="Set Variable" library="BuiltIn">
<doc>Returns the given values which can then be assigned to a variables.</doc>
<arguments>
<arg>${epoch}000</arg>
</arguments>
<assign>
<var>${begin}</var>
</assign>
<msg timestamp="20191011 14:52:05.592" level="INFO">${begin} = 1570726800000</msg>
<status status="PASS" starttime="20191011 14:52:05.592" endtime="20191011 14:52:05.592"></status>
</kw>
<kw name="Set Variable" library="BuiltIn">
<doc>Returns the given values which can then be assigned to a variables.</doc>
<arguments>
<arg>${epoch+86399}000</arg>
</arguments>
<assign>
<var>${end}</var>
</assign>
<msg timestamp="20191011 14:52:05.592" level="INFO">${end} = 1570813199000</msg>
<status status="PASS" starttime="20191011 14:52:05.592" endtime="20191011 14:52:05.592"></status>
</kw>
<msg timestamp="20191011 14:52:05.596" level="INFO">${today} = ['1570726800000', '1570813199000']</msg>
<status status="PASS" starttime="20191011 14:52:05.580" endtime="20191011 14:52:05.596"></status>
</kw>
<kw name="Redirect" library="Firebase">
<arguments>
<arg>https://analytics.google.com/analytics/app/mobile/?authuser=0&amp;hl=th&amp;fpn=828751992199#/p182686739/mobile/overview?fpn=828751992199&amp;swu=1&amp;sgu=1&amp;sus=not_upgraded&amp;t=${today[0]}</arg>
</arguments>
<kw name="${interval} IN RANGE [ 5 ]" type="for">
<kw name="${interval} = 0" type="foritem">
<kw name="Go To" library="SeleniumLibrary">
<doc>Navigates the active browser instance to the provided ``url``.</doc>
<arguments>
<arg>${url}</arg>
</arguments>
<msg timestamp="20191011 14:52:05.600" level="INFO">Opening url 'https://analytics.google.com/analytics/app/mobile/?authuser=0&amp;hl=th&amp;fpn=828751992199#/p182686739/mobile/overview?fpn=828751992199&amp;swu=1&amp;sgu=1&amp;sus=not_upgraded&amp;t=1570726800000'</msg>
<status status="PASS" starttime="20191011 14:52:05.596" endtime="20191011 14:52:09.903"></status>
</kw>
<kw name="Run Keyword And Return Status" library="BuiltIn">
<doc>Runs the given keyword with given arguments and returns the status as a Boolean value.</doc>
<arguments>
<arg>Location Should Contain</arg>
<arg>${url}</arg>
</arguments>
<assign>
<var>${condition}</var>
</assign>
<kw name="Location Should Contain" library="SeleniumLibrary">
<doc>Verifies that current URL contains ``expected``.</doc>
<arguments>
<arg>${url}</arg>
</arguments>
<msg timestamp="20191011 14:52:09.911" level="INFO">Current location contains 'https://analytics.google.com/analytics/app/mobile/?authuser=0&amp;hl=th&amp;fpn=828751992199#/p182686739/mobile/overview?fpn=828751992199&amp;swu=1&amp;sgu=1&amp;sus=not_upgraded&amp;t=1570726800000'.</msg>
<status status="PASS" starttime="20191011 14:52:09.903" endtime="20191011 14:52:09.915"></status>
</kw>
<msg timestamp="20191011 14:52:09.915" level="INFO">${condition} = True</msg>
<status status="PASS" starttime="20191011 14:52:09.903" endtime="20191011 14:52:09.915"></status>
</kw>
<kw name="Exit For Loop If" library="BuiltIn">
<doc>Stops executing the enclosing for loop if the ``condition`` is true.</doc>
<arguments>
<arg>${condition}</arg>
</arguments>
<msg timestamp="20191011 14:52:09.915" level="INFO">Exiting for loop altogether.</msg>
<status status="PASS" starttime="20191011 14:52:09.915" endtime="20191011 14:52:09.915"></status>
</kw>
<status status="PASS" starttime="20191011 14:52:05.596" endtime="20191011 14:52:09.915"></status>
</kw>
<status status="PASS" starttime="20191011 14:52:05.596" endtime="20191011 14:52:09.915"></status>
</kw>
<status status="PASS" starttime="20191011 14:52:05.596" endtime="20191011 14:52:09.915"></status>
</kw>
<kw name="Get Actually Text" library="Firebase">
<arguments>
<arg>css=.counter</arg>
</arguments>
<assign>
<var>${activeUser}</var>
</assign>
<kw name="Evaluate" library="BuiltIn">
<doc>Evaluates the given expression in Python and returns the results.</doc>
<arguments>
<arg>'${iframe}' != ''</arg>
</arguments>
<assign>
<var>${condition}</var>
</assign>
<msg timestamp="20191011 14:52:09.919" level="INFO">${condition} = False</msg>
<status status="PASS" starttime="20191011 14:52:09.919" endtime="20191011 14:52:09.919"></status>
</kw>
<kw name="Run Keyword If" library="BuiltIn">
<doc>Runs the given keyword with the given arguments, if ``condition`` is true.</doc>
<arguments>
<arg>${condition}</arg>
<arg>Select Frame</arg>
<arg>${iframe}</arg>
</arguments>
<status status="PASS" starttime="20191011 14:52:09.919" endtime="20191011 14:52:09.923"></status>
</kw>
<kw name="Wait Until Element Is Visible" library="SeleniumLibrary">
<doc>Waits until element ``locator`` is visible.</doc>
<arguments>
<arg>${locator}</arg>
</arguments>
<status status="PASS" starttime="20191011 14:52:09.923" endtime="20191011 14:52:16.454"></status>
</kw>
<kw name="${interval} IN RANGE [ 5 ]" type="for">
<kw name="${interval} = 0" type="foritem">
<kw name="Sleep" library="BuiltIn">
<doc>Pauses the test executed for the given time.</doc>
<arguments>
<arg>1s</arg>
</arguments>
<msg timestamp="20191011 14:52:17.456" level="INFO">Slept 1 second</msg>
<status status="PASS" starttime="20191011 14:52:16.454" endtime="20191011 14:52:17.456"></status>
</kw>
<kw name="Wait Until Element Is Visible" library="SeleniumLibrary">
<doc>Waits until element ``locator`` is visible.</doc>
<arguments>
<arg>${locator}</arg>
</arguments>
<status status="PASS" starttime="20191011 14:52:17.456" endtime="20191011 14:52:17.754"></status>
</kw>
<kw name="Get Text" library="SeleniumLibrary">
<doc>Returns the text value of element identified by ``locator``.</doc>
<arguments>
<arg>${locator}</arg>
</arguments>
<assign>
<var>${text}</var>
</assign>
<msg timestamp="20191011 14:52:17.882" level="INFO">${text} = 136</msg>
<status status="PASS" starttime="20191011 14:52:17.754" endtime="20191011 14:52:17.882"></status>
</kw>
<kw name="Run Keyword And Ignore Error" library="BuiltIn">
<doc>Runs the given keyword with the given arguments and ignores possible error.</doc>
<arguments>
<arg>Exit For Loop If</arg>
<arg>${text} &gt; 0</arg>
</arguments>
<kw name="Exit For Loop If" library="BuiltIn">
<doc>Stops executing the enclosing for loop if the ``condition`` is true.</doc>
<arguments>
<arg>${text} &gt; 0</arg>
</arguments>
<msg timestamp="20191011 14:52:17.882" level="INFO">Exiting for loop altogether.</msg>
<status status="PASS" starttime="20191011 14:52:17.882" endtime="20191011 14:52:17.882"></status>
</kw>
<status status="PASS" starttime="20191011 14:52:17.882" endtime="20191011 14:52:17.882"></status>
</kw>
<status status="PASS" starttime="20191011 14:52:16.454" endtime="20191011 14:52:17.882"></status>
</kw>
<status status="PASS" starttime="20191011 14:52:16.454" endtime="20191011 14:52:17.882"></status>
</kw>
<kw name="Run Keyword If" library="BuiltIn">
<doc>Runs the given keyword with the given arguments, if ``condition`` is true.</doc>
<arguments>
<arg>${condition}</arg>
<arg>Unselect Frame</arg>
</arguments>
<status status="PASS" starttime="20191011 14:52:17.882" endtime="20191011 14:52:17.882"></status>
</kw>
<msg timestamp="20191011 14:52:17.882" level="INFO">${activeUser} = 136</msg>
<status status="PASS" starttime="20191011 14:52:09.919" endtime="20191011 14:52:17.882"></status>
</kw>
<kw name="Set Global Variable" library="BuiltIn">
<doc>Makes a variable available globally in all tests and suites.</doc>
<arguments>
<arg>${activeUser}</arg>
</arguments>
<msg timestamp="20191011 14:52:17.882" level="INFO">${activeUser} = 136</msg>
<status status="PASS" starttime="20191011 14:52:17.882" endtime="20191011 14:52:17.882"></status>
</kw>
<msg timestamp="20191011 14:52:17.882" level="INFO">${activeUser} = 136</msg>
<status status="PASS" starttime="20191011 14:51:42.621" endtime="20191011 14:52:17.882"></status>
</kw>
<kw name="Set Report" library="Sheets">
<arguments>
<arg>C</arg>
<arg>${activeUser}</arg>
</arguments>
<kw name="Get Today Date" library="Sheets">
<assign>
<var>${today}</var>
</assign>
<kw name="Get Time" library="BuiltIn">
<doc>Returns the given time in the requested format.</doc>
<arguments>
<arg>year,month,day</arg>
</arguments>
<assign>
<var>${y}</var>
<var>${m}</var>
<var>${d}</var>
</assign>
<msg timestamp="20191011 14:52:17.882" level="INFO">${y} = 2019</msg>
<msg timestamp="20191011 14:52:17.882" level="INFO">${m} = 10</msg>
<msg timestamp="20191011 14:52:17.882" level="INFO">${d} = 11</msg>
<status status="PASS" starttime="20191011 14:52:17.882" endtime="20191011 14:52:17.882"></status>
</kw>
<kw name="Convert To Integer" library="BuiltIn">
<doc>Converts the given item to an integer number.</doc>
<arguments>
<arg>${d}</arg>
</arguments>
<assign>
<var>${d}</var>
</assign>
<msg timestamp="20191011 14:52:17.882" level="INFO">${d} = 11</msg>
<status status="PASS" starttime="20191011 14:52:17.882" endtime="20191011 14:52:17.882"></status>
</kw>
<kw name="Convert To Integer" library="BuiltIn">
<doc>Converts the given item to an integer number.</doc>
<arguments>
<arg>${m}</arg>
</arguments>
<assign>
<var>${m}</var>
</assign>
<msg timestamp="20191011 14:52:17.882" level="INFO">${m} = 10</msg>
<status status="PASS" starttime="20191011 14:52:17.882" endtime="20191011 14:52:17.882"></status>
</kw>
<kw name="Convert To Integer" library="BuiltIn">
<doc>Converts the given item to an integer number.</doc>
<arguments>
<arg>${y}</arg>
</arguments>
<assign>
<var>${y}</var>
</assign>
<msg timestamp="20191011 14:52:17.882" level="INFO">${y} = 2019</msg>
<status status="PASS" starttime="20191011 14:52:17.882" endtime="20191011 14:52:17.882"></status>
</kw>
<msg timestamp="20191011 14:52:17.882" level="INFO">${today} = 11/10/2019</msg>
<status status="PASS" starttime="20191011 14:52:17.882" endtime="20191011 14:52:17.882"></status>
</kw>
<kw name="Get List Of Date" library="Sheets">
<assign>
<var>${date}</var>
</assign>
<kw name="Get Values" library="Sheets">
<arguments>
<arg>A1:A</arg>
</arguments>
<assign>
<var>${output}</var>
</assign>
<kw name="Get Token" library="Sheets">
<kw name="Get Variable Value" library="BuiltIn">
<doc>Returns variable value or ``default`` if the variable does not exist.</doc>
<arguments>
<arg>${getToken}</arg>
<arg>${false}</arg>
</arguments>
<assign>
<var>${getToken}</var>
</assign>
<msg timestamp="20191011 14:52:17.890" level="INFO">${getToken} = False</msg>
<status status="PASS" starttime="20191011 14:52:17.882" endtime="20191011 14:52:17.890"></status>
</kw>
<kw name="Return From Keyword If" library="BuiltIn">
<doc>Returns from the enclosing user keyword if ``condition`` is true.</doc>
<arguments>
<arg>${getToken} == ${true}</arg>
</arguments>
<status status="PASS" starttime="20191011 14:52:17.890" endtime="20191011 14:52:17.890"></status>
</kw>
<kw name="Get Access Token" library="Oauth2Google">
<doc>Get access token from google</doc>
<assign>
<var>${accessToken}</var>
</assign>
<msg timestamp="20191011 14:52:17.898" level="INFO">${accessToken} = ya29.ImCbB38cxXc4qF8pWnoSWlesY4NEGuJb5gV0NgdhqLQy-t_PsoSQv-QfluY0DAH_966hYAQF9egEJLNIp3So6zUKlUpwb1MkKkuHeATWHnyaY0H6AmaZfj9vy1tjH0D1ofA</msg>
<status status="PASS" starttime="20191011 14:52:17.890" endtime="20191011 14:52:17.898"></status>
</kw>
<kw name="Set Headers" library="REST">
<tags>
<tag>settings</tag>
</tags>
<doc>*Sets new request headers or updates the existing.*</doc>
<arguments>
<arg>{"Content-Type":"application/json","Authorization":"Bearer ${accessToken}"}</arg>
</arguments>
<status status="PASS" starttime="20191011 14:52:17.898" endtime="20191011 14:52:17.898"></status>
</kw>
<kw name="Set Global Variable" library="BuiltIn">
<doc>Makes a variable available globally in all tests and suites.</doc>
<arguments>
<arg>${getToken}</arg>
<arg>${true}</arg>
</arguments>
<msg timestamp="20191011 14:52:17.898" level="INFO">${getToken} = True</msg>
<status status="PASS" starttime="20191011 14:52:17.898" endtime="20191011 14:52:17.898"></status>
</kw>
<status status="PASS" starttime="20191011 14:52:17.882" endtime="20191011 14:52:17.898"></status>
</kw>
<kw name="Get" library="REST">
<tags>
<tag>http</tag>
</tags>
<doc>*Sends a GET request to the endpoint.*</doc>
<arguments>
<arg>${SHEETS_URL}/${SHEETS_ID}/values/${SHEETS_NAME}!${range}</arg>
</arguments>
<status status="PASS" starttime="20191011 14:52:17.898" endtime="20191011 14:52:19.156"></status>
</kw>
<kw name="Output" library="REST">
<tags>
<tag>I/O</tag>
</tags>
<doc>*Outputs JSON to terminal or a file.*</doc>
<arguments>
<arg>response body values</arg>
<arg>${TEMPDIR}/output.json</arg>
</arguments>
<assign>
<var>${output}</var>
</assign>
<msg timestamp="20191011 14:52:19.164" level="INFO">${output} = [['Date'], ['12/9/2019'], ['13/9/2019'], ['14/9/2019'], ['15/9/2019'], ['16/9/2019'], ['17/9/2019'], ['18/9/2019'], ['19/9/2019'], ['20/9/2019'], ['21/9/2019'], ['22/9/2019'], ['23/9/2019'], ['24/9/20...</msg>
<status status="PASS" starttime="20191011 14:52:19.156" endtime="20191011 14:52:19.164"></status>
</kw>
<msg timestamp="20191011 14:52:19.164" level="INFO">${output} = [['Date'], ['12/9/2019'], ['13/9/2019'], ['14/9/2019'], ['15/9/2019'], ['16/9/2019'], ['17/9/2019'], ['18/9/2019'], ['19/9/2019'], ['20/9/2019'], ['21/9/2019'], ['22/9/2019'], ['23/9/2019'], ['24/9/20...</msg>
<status status="PASS" starttime="20191011 14:52:17.882" endtime="20191011 14:52:19.164"></status>
</kw>
<kw name="Create List" library="BuiltIn">
<doc>Returns a list containing given items.</doc>
<assign>
<var>${date}</var>
</assign>
<msg timestamp="20191011 14:52:19.164" level="INFO">${date} = []</msg>
<status status="PASS" starttime="20191011 14:52:19.164" endtime="20191011 14:52:19.164"></status>
</kw>
<kw name="${value} IN [ @{output} ]" type="for">
<kw name="${value} = ['Date']" type="foritem">
<kw name="Exit For Loop If" library="BuiltIn">
<doc>Stops executing the enclosing for loop if the ``condition`` is true.</doc>
<arguments>
<arg>${value} == []</arg>
</arguments>
<status status="PASS" starttime="20191011 14:52:19.164" endtime="20191011 14:52:19.164"></status>
</kw>
<kw name="Append To List" library="Collections">
<doc>Adds ``values`` to the end of ``list``.</doc>
<arguments>
<arg>${date}</arg>
<arg>${value[0]}</arg>
</arguments>
<status status="PASS" starttime="20191011 14:52:19.164" endtime="20191011 14:52:19.164"></status>
</kw>
<status status="PASS" starttime="20191011 14:52:19.164" endtime="20191011 14:52:19.164"></status>
</kw>
<kw name="${value} = ['12/9/2019']" type="foritem">
<kw name="Exit For Loop If" library="BuiltIn">
<doc>Stops executing the enclosing for loop if the ``condition`` is true.</doc>
<arguments>
<arg>${value} == []</arg>
</arguments>
<status status="PASS" starttime="20191011 14:52:19.168" endtime="20191011 14:52:19.168"></status>
</kw>
<kw name="Append To List" library="Collections">
<doc>Adds ``values`` to the end of ``list``.</doc>
<arguments>
<arg>${date}</arg>
<arg>${value[0]}</arg>
</arguments>
<status status="PASS" starttime="20191011 14:52:19.172" endtime="20191011 14:52:19.172"></status>
</kw>
<status status="PASS" starttime="20191011 14:52:19.164" endtime="20191011 14:52:19.172"></status>
</kw>
<kw name="${value} = ['13/9/2019']" type="foritem">
<kw name="Exit For Loop If" library="BuiltIn">
<doc>Stops executing the enclosing for loop if the ``condition`` is true.</doc>
<arguments>
<arg>${value} == []</arg>
</arguments>
<status status="PASS" starttime="20191011 14:52:19.176" endtime="20191011 14:52:19.176"></status>
</kw>
<kw name="Append To List" library="Collections">
<doc>Adds ``values`` to the end of ``list``.</doc>
<arguments>
<arg>${date}</arg>
<arg>${value[0]}</arg>
</arguments>
<status status="PASS" starttime="20191011 14:52:19.176" endtime="20191011 14:52:19.180"></status>
</kw>
<status status="PASS" starttime="20191011 14:52:19.172" endtime="20191011 14:52:19.180"></status>
</kw>
<kw name="${value} = ['14/9/2019']" type="foritem">
<kw name="Exit For Loop If" library="BuiltIn">
<doc>Stops executing the enclosing for loop if the ``condition`` is true.</doc>
<arguments>
<arg>${value} == []</arg>
</arguments>
<status status="PASS" starttime="20191011 14:52:19.180" endtime="20191011 14:52:19.184"></status>
</kw>
<kw name="Append To List" library="Collections">
<doc>Adds ``values`` to the end of ``list``.</doc>
<arguments>
<arg>${date}</arg>
<arg>${value[0]}</arg>
</arguments>
<status status="PASS" starttime="20191011 14:52:19.184" endtime="20191011 14:52:19.184"></status>
</kw>
<status status="PASS" starttime="20191011 14:52:19.180" endtime="20191011 14:52:19.184"></status>
</kw>
<kw name="${value} = ['15/9/2019']" type="foritem">
<kw name="Exit For Loop If" library="BuiltIn">
<doc>Stops executing the enclosing for loop if the ``condition`` is true.</doc>
<arguments>
<arg>${value} == []</arg>
</arguments>
<status status="PASS" starttime="20191011 14:52:19.188" endtime="20191011 14:52:19.188"></status>
</kw>
<kw name="Append To List" library="Collections">
<doc>Adds ``values`` to the end of ``list``.</doc>
<arguments>
<arg>${date}</arg>
<arg>${value[0]}</arg>
</arguments>
<status status="PASS" starttime="20191011 14:52:19.188" endtime="20191011 14:52:19.188"></status>
</kw>
<status status="PASS" starttime="20191011 14:52:19.188" endtime="20191011 14:52:19.188"></status>
</kw>
<kw name="${value} = ['16/9/2019']" type="foritem">
<kw name="Exit For Loop If" library="BuiltIn">
<doc>Stops executing the enclosing for loop if the ``condition`` is true.</doc>
<arguments>
<arg>${value} == []</arg>
</arguments>
<status status="PASS" starttime="20191011 14:52:19.188" endtime="20191011 14:52:19.188"></status>
</kw>
<kw name="Append To List" library="Collections">
<doc>Adds ``values`` to the end of ``list``.</doc>
<arguments>
<arg>${date}</arg>
<arg>${value[0]}</arg>
</arguments>
<status status="PASS" starttime="20191011 14:52:19.188" endtime="20191011 14:52:19.188"></status>
</kw>
<status status="PASS" starttime="20191011 14:52:19.188" endtime="20191011 14:52:19.188"></status>
</kw>
<kw name="${value} = ['17/9/2019']" type="foritem">
<kw name="Exit For Loop If" library="BuiltIn">
<doc>Stops executing the enclosing for loop if the ``condition`` is true.</doc>
<arguments>
<arg>${value} == []</arg>
</arguments>
<status status="PASS" starttime="20191011 14:52:19.188" endtime="20191011 14:52:19.188"></status>
</kw>
<kw name="Append To List" library="Collections">
<doc>Adds ``values`` to the end of ``list``.</doc>
<arguments>
<arg>${date}</arg>
<arg>${value[0]}</arg>
</arguments>
<status status="PASS" starttime="20191011 14:52:19.188" endtime="20191011 14:52:19.192"></status>
</kw>
<status status="PASS" starttime="20191011 14:52:19.188" endtime="20191011 14:52:19.192"></status>
</kw>
<kw name="${value} = ['18/9/2019']" type="foritem">
<kw name="Exit For Loop If" library="BuiltIn">
<doc>Stops executing the enclosing for loop if the ``condition`` is true.</doc>
<arguments>
<arg>${value} == []</arg>
</arguments>
<status status="PASS" starttime="20191011 14:52:19.192" endtime="20191011 14:52:19.192"></status>
</kw>
<kw name="Append To List" library="Collections">
<doc>Adds ``values`` to the end of ``list``.</doc>
<arguments>
<arg>${date}</arg>
<arg>${value[0]}</arg>
</arguments>
<status status="PASS" starttime="20191011 14:52:19.192" endtime="20191011 14:52:19.192"></status>
</kw>
<status status="PASS" starttime="20191011 14:52:19.192" endtime="20191011 14:52:19.192"></status>
</kw>
<kw name="${value} = ['19/9/2019']" type="foritem">
<kw name="Exit For Loop If" library="BuiltIn">
<doc>Stops executing the enclosing for loop if the ``condition`` is true.</doc>
<arguments>
<arg>${value} == []</arg>
</arguments>
<status status="PASS" starttime="20191011 14:52:19.192" endtime="20191011 14:52:19.192"></status>
</kw>
<kw name="Append To List" library="Collections">
<doc>Adds ``values`` to the end of ``list``.</doc>
<arguments>
<arg>${date}</arg>
<arg>${value[0]}</arg>
</arguments>
<status status="PASS" starttime="20191011 14:52:19.192" endtime="20191011 14:52:19.192"></status>
</kw>
<status status="PASS" starttime="20191011 14:52:19.192" endtime="20191011 14:52:19.192"></status>
</kw>
<kw name="${value} = ['20/9/2019']" type="foritem">
<kw name="Exit For Loop If" library="BuiltIn">
<doc>Stops executing the enclosing for loop if the ``condition`` is true.</doc>
<arguments>
<arg>${value} == []</arg>
</arguments>
<status status="PASS" starttime="20191011 14:52:19.192" endtime="20191011 14:52:19.192"></status>
</kw>
<kw name="Append To List" library="Collections">
<doc>Adds ``values`` to the end of ``list``.</doc>
<arguments>
<arg>${date}</arg>
<arg>${value[0]}</arg>
</arguments>
<status status="PASS" starttime="20191011 14:52:19.192" endtime="20191011 14:52:19.192"></status>
</kw>
<status status="PASS" starttime="20191011 14:52:19.192" endtime="20191011 14:52:19.192"></status>
</kw>
<kw name="${value} = ['21/9/2019']" type="foritem">
<kw name="Exit For Loop If" library="BuiltIn">
<doc>Stops executing the enclosing for loop if the ``condition`` is true.</doc>
<arguments>
<arg>${value} == []</arg>
</arguments>
<status status="PASS" starttime="20191011 14:52:19.192" endtime="20191011 14:52:19.192"></status>
</kw>
<kw name="Append To List" library="Collections">
<doc>Adds ``values`` to the end of ``list``.</doc>
<arguments>
<arg>${date}</arg>
<arg>${value[0]}</arg>
</arguments>
<status status="PASS" starttime="20191011 14:52:19.192" endtime="20191011 14:52:19.192"></status>
</kw>
<status status="PASS" starttime="20191011 14:52:19.192" endtime="20191011 14:52:19.192"></status>
</kw>
<kw name="${value} = ['22/9/2019']" type="foritem">
<kw name="Exit For Loop If" library="BuiltIn">
<doc>Stops executing the enclosing for loop if the ``condition`` is true.</doc>
<arguments>
<arg>${value} == []</arg>
</arguments>
<status status="PASS" starttime="20191011 14:52:19.196" endtime="20191011 14:52:19.196"></status>
</kw>
<kw name="Append To List" library="Collections">
<doc>Adds ``values`` to the end of ``list``.</doc>
<arguments>
<arg>${date}</arg>
<arg>${value[0]}</arg>
</arguments>
<status status="PASS" starttime="20191011 14:52:19.196" endtime="20191011 14:52:19.196"></status>
</kw>
<status status="PASS" starttime="20191011 14:52:19.192" endtime="20191011 14:52:19.196"></status>
</kw>
<kw name="${value} = ['23/9/2019']" type="foritem">
<kw name="Exit For Loop If" library="BuiltIn">
<doc>Stops executing the enclosing for loop if the ``condition`` is true.</doc>
<arguments>
<arg>${value} == []</arg>
</arguments>
<status status="PASS" starttime="20191011 14:52:19.196" endtime="20191011 14:52:19.196"></status>
</kw>
<kw name="Append To List" library="Collections">
<doc>Adds ``values`` to the end of ``list``.</doc>
<arguments>
<arg>${date}</arg>
<arg>${value[0]}</arg>
</arguments>
<status status="PASS" starttime="20191011 14:52:19.196" endtime="20191011 14:52:19.196"></status>
</kw>
<status status="PASS" starttime="20191011 14:52:19.196" endtime="20191011 14:52:19.196"></status>
</kw>
<kw name="${value} = ['24/9/2019']" type="foritem">
<kw name="Exit For Loop If" library="BuiltIn">
<doc>Stops executing the enclosing for loop if the ``condition`` is true.</doc>
<arguments>
<arg>${value} == []</arg>
</arguments>
<status status="PASS" starttime="20191011 14:52:19.196" endtime="20191011 14:52:19.196"></status>
</kw>
<kw name="Append To List" library="Collections">
<doc>Adds ``values`` to the end of ``list``.</doc>
<arguments>
<arg>${date}</arg>
<arg>${value[0]}</arg>
</arguments>
<status status="PASS" starttime="20191011 14:52:19.196" endtime="20191011 14:52:19.196"></status>
</kw>
<status status="PASS" starttime="20191011 14:52:19.196" endtime="20191011 14:52:19.196"></status>
</kw>
<kw name="${value} = ['25/9/2019']" type="foritem">
<kw name="Exit For Loop If" library="BuiltIn">
<doc>Stops executing the enclosing for loop if the ``condition`` is true.</doc>
<arguments>
<arg>${value} == []</arg>
</arguments>
<status status="PASS" starttime="20191011 14:52:19.200" endtime="20191011 14:52:19.200"></status>
</kw>
<kw name="Append To List" library="Collections">
<doc>Adds ``values`` to the end of ``list``.</doc>
<arguments>
<arg>${date}</arg>
<arg>${value[0]}</arg>
</arguments>
<status status="PASS" starttime="20191011 14:52:19.200" endtime="20191011 14:52:19.200"></status>
</kw>
<status status="PASS" starttime="20191011 14:52:19.196" endtime="20191011 14:52:19.200"></status>
</kw>
<kw name="${value} = ['26/9/2019']" type="foritem">
<kw name="Exit For Loop If" library="BuiltIn">
<doc>Stops executing the enclosing for loop if the ``condition`` is true.</doc>
<arguments>
<arg>${value} == []</arg>
</arguments>
<status status="PASS" starttime="20191011 14:52:19.200" endtime="20191011 14:52:19.200"></status>
</kw>
<kw name="Append To List" library="Collections">
<doc>Adds ``values`` to the end of ``list``.</doc>
<arguments>
<arg>${date}</arg>
<arg>${value[0]}</arg>
</arguments>
<status status="PASS" starttime="20191011 14:52:19.200" endtime="20191011 14:52:19.200"></status>
</kw>
<status status="PASS" starttime="20191011 14:52:19.200" endtime="20191011 14:52:19.200"></status>
</kw>
<kw name="${value} = ['27/9/2019']" type="foritem">
<kw name="Exit For Loop If" library="BuiltIn">
<doc>Stops executing the enclosing for loop if the ``condition`` is true.</doc>
<arguments>
<arg>${value} == []</arg>
</arguments>
<status status="PASS" starttime="20191011 14:52:19.200" endtime="20191011 14:52:19.200"></status>
</kw>
<kw name="Append To List" library="Collections">
<doc>Adds ``values`` to the end of ``list``.</doc>
<arguments>
<arg>${date}</arg>
<arg>${value[0]}</arg>
</arguments>
<status status="PASS" starttime="20191011 14:52:19.200" endtime="20191011 14:52:19.200"></status>
</kw>
<status status="PASS" starttime="20191011 14:52:19.200" endtime="20191011 14:52:19.200"></status>
</kw>
<kw name="${value} = ['28/9/2019']" type="foritem">
<kw name="Exit For Loop If" library="BuiltIn">
<doc>Stops executing the enclosing for loop if the ``condition`` is true.</doc>
<arguments>
<arg>${value} == []</arg>
</arguments>
<status status="PASS" starttime="20191011 14:52:19.204" endtime="20191011 14:52:19.204"></status>
</kw>
<kw name="Append To List" library="Collections">
<doc>Adds ``values`` to the end of ``list``.</doc>
<arguments>
<arg>${date}</arg>
<arg>${value[0]}</arg>
</arguments>
<status status="PASS" starttime="20191011 14:52:19.204" endtime="20191011 14:52:19.204"></status>
</kw>
<status status="PASS" starttime="20191011 14:52:19.200" endtime="20191011 14:52:19.204"></status>
</kw>
<kw name="${value} = ['29/9/2019']" type="foritem">
<kw name="Exit For Loop If" library="BuiltIn">
<doc>Stops executing the enclosing for loop if the ``condition`` is true.</doc>
<arguments>
<arg>${value} == []</arg>
</arguments>
<status status="PASS" starttime="20191011 14:52:19.204" endtime="20191011 14:52:19.204"></status>
</kw>
<kw name="Append To List" library="Collections">
<doc>Adds ``values`` to the end of ``list``.</doc>
<arguments>
<arg>${date}</arg>
<arg>${value[0]}</arg>
</arguments>
<status status="PASS" starttime="20191011 14:52:19.204" endtime="20191011 14:52:19.204"></status>
</kw>
<status status="PASS" starttime="20191011 14:52:19.204" endtime="20191011 14:52:19.204"></status>
</kw>
<kw name="${value} = ['30/9/2019']" type="foritem">
<kw name="Exit For Loop If" library="BuiltIn">
<doc>Stops executing the enclosing for loop if the ``condition`` is true.</doc>
<arguments>
<arg>${value} == []</arg>
</arguments>
<status status="PASS" starttime="20191011 14:52:19.204" endtime="20191011 14:52:19.208"></status>
</kw>
<kw name="Append To List" library="Collections">
<doc>Adds ``values`` to the end of ``list``.</doc>
<arguments>
<arg>${date}</arg>
<arg>${value[0]}</arg>
</arguments>
<status status="PASS" starttime="20191011 14:52:19.208" endtime="20191011 14:52:19.208"></status>
</kw>
<status status="PASS" starttime="20191011 14:52:19.204" endtime="20191011 14:52:19.208"></status>
</kw>
<kw name="${value} = ['1/10/2019']" type="foritem">
<kw name="Exit For Loop If" library="BuiltIn">
<doc>Stops executing the enclosing for loop if the ``condition`` is true.</doc>
<arguments>
<arg>${value} == []</arg>
</arguments>
<status status="PASS" starttime="20191011 14:52:19.208" endtime="20191011 14:52:19.208"></status>
</kw>
<kw name="Append To List" library="Collections">
<doc>Adds ``values`` to the end of ``list``.</doc>
<arguments>
<arg>${date}</arg>
<arg>${value[0]}</arg>
</arguments>
<status status="PASS" starttime="20191011 14:52:19.208" endtime="20191011 14:52:19.208"></status>
</kw>
<status status="PASS" starttime="20191011 14:52:19.208" endtime="20191011 14:52:19.208"></status>
</kw>
<kw name="${value} = ['2/10/2019']" type="foritem">
<kw name="Exit For Loop If" library="BuiltIn">
<doc>Stops executing the enclosing for loop if the ``condition`` is true.</doc>
<arguments>
<arg>${value} == []</arg>
</arguments>
<status status="PASS" starttime="20191011 14:52:19.208" endtime="20191011 14:52:19.208"></status>
</kw>
<kw name="Append To List" library="Collections">
<doc>Adds ``values`` to the end of ``list``.</doc>
<arguments>
<arg>${date}</arg>
<arg>${value[0]}</arg>
</arguments>
<status status="PASS" starttime="20191011 14:52:19.208" endtime="20191011 14:52:19.208"></status>
</kw>
<status status="PASS" starttime="20191011 14:52:19.208" endtime="20191011 14:52:19.208"></status>
</kw>
<kw name="${value} = ['3/10/2019']" type="foritem">
<kw name="Exit For Loop If" library="BuiltIn">
<doc>Stops executing the enclosing for loop if the ``condition`` is true.</doc>
<arguments>
<arg>${value} == []</arg>
</arguments>
<status status="PASS" starttime="20191011 14:52:19.208" endtime="20191011 14:52:19.208"></status>
</kw>
<kw name="Append To List" library="Collections">
<doc>Adds ``values`` to the end of ``list``.</doc>
<arguments>
<arg>${date}</arg>
<arg>${value[0]}</arg>
</arguments>
<status status="PASS" starttime="20191011 14:52:19.208" endtime="20191011 14:52:19.212"></status>
</kw>
<status status="PASS" starttime="20191011 14:52:19.208" endtime="20191011 14:52:19.212"></status>
</kw>
<kw name="${value} = ['4/10/2019']" type="foritem">
<kw name="Exit For Loop If" library="BuiltIn">
<doc>Stops executing the enclosing for loop if the ``condition`` is true.</doc>
<arguments>
<arg>${value} == []</arg>
</arguments>
<status status="PASS" starttime="20191011 14:52:19.212" endtime="20191011 14:52:19.212"></status>
</kw>
<kw name="Append To List" library="Collections">
<doc>Adds ``values`` to the end of ``list``.</doc>
<arguments>
<arg>${date}</arg>
<arg>${value[0]}</arg>
</arguments>
<status status="PASS" starttime="20191011 14:52:19.212" endtime="20191011 14:52:19.212"></status>
</kw>
<status status="PASS" starttime="20191011 14:52:19.212" endtime="20191011 14:52:19.212"></status>
</kw>
<kw name="${value} = ['5/10/2019']" type="foritem">
<kw name="Exit For Loop If" library="BuiltIn">
<doc>Stops executing the enclosing for loop if the ``condition`` is true.</doc>
<arguments>
<arg>${value} == []</arg>
</arguments>
<status status="PASS" starttime="20191011 14:52:19.212" endtime="20191011 14:52:19.212"></status>
</kw>
<kw name="Append To List" library="Collections">
<doc>Adds ``values`` to the end of ``list``.</doc>
<arguments>
<arg>${date}</arg>
<arg>${value[0]}</arg>
</arguments>
<status status="PASS" starttime="20191011 14:52:19.212" endtime="20191011 14:52:19.212"></status>
</kw>
<status status="PASS" starttime="20191011 14:52:19.212" endtime="20191011 14:52:19.212"></status>
</kw>
<kw name="${value} = ['6/10/2019']" type="foritem">
<kw name="Exit For Loop If" library="BuiltIn">
<doc>Stops executing the enclosing for loop if the ``condition`` is true.</doc>
<arguments>
<arg>${value} == []</arg>
</arguments>
<status status="PASS" starttime="20191011 14:52:19.212" endtime="20191011 14:52:19.212"></status>
</kw>
<kw name="Append To List" library="Collections">
<doc>Adds ``values`` to the end of ``list``.</doc>
<arguments>
<arg>${date}</arg>
<arg>${value[0]}</arg>
</arguments>
<status status="PASS" starttime="20191011 14:52:19.212" endtime="20191011 14:52:19.212"></status>
</kw>
<status status="PASS" starttime="20191011 14:52:19.212" endtime="20191011 14:52:19.212"></status>
</kw>
<kw name="${value} = ['7/10/2019']" type="foritem">
<kw name="Exit For Loop If" library="BuiltIn">
<doc>Stops executing the enclosing for loop if the ``condition`` is true.</doc>
<arguments>
<arg>${value} == []</arg>
</arguments>
<status status="PASS" starttime="20191011 14:52:19.212" endtime="20191011 14:52:19.212"></status>
</kw>
<kw name="Append To List" library="Collections">
<doc>Adds ``values`` to the end of ``list``.</doc>
<arguments>
<arg>${date}</arg>
<arg>${value[0]}</arg>
</arguments>
<status status="PASS" starttime="20191011 14:52:19.212" endtime="20191011 14:52:19.216"></status>
</kw>
<status status="PASS" starttime="20191011 14:52:19.212" endtime="20191011 14:52:19.216"></status>
</kw>
<kw name="${value} = ['8/10/2019']" type="foritem">
<kw name="Exit For Loop If" library="BuiltIn">
<doc>Stops executing the enclosing for loop if the ``condition`` is true.</doc>
<arguments>
<arg>${value} == []</arg>
</arguments>
<status status="PASS" starttime="20191011 14:52:19.216" endtime="20191011 14:52:19.216"></status>
</kw>
<kw name="Append To List" library="Collections">
<doc>Adds ``values`` to the end of ``list``.</doc>
<arguments>
<arg>${date}</arg>
<arg>${value[0]}</arg>
</arguments>
<status status="PASS" starttime="20191011 14:52:19.216" endtime="20191011 14:52:19.216"></status>
</kw>
<status status="PASS" starttime="20191011 14:52:19.216" endtime="20191011 14:52:19.216"></status>
</kw>
<kw name="${value} = ['9/10/2019']" type="foritem">
<kw name="Exit For Loop If" library="BuiltIn">
<doc>Stops executing the enclosing for loop if the ``condition`` is true.</doc>
<arguments>
<arg>${value} == []</arg>
</arguments>
<status status="PASS" starttime="20191011 14:52:19.216" endtime="20191011 14:52:19.216"></status>
</kw>
<kw name="Append To List" library="Collections">
<doc>Adds ``values`` to the end of ``list``.</doc>
<arguments>
<arg>${date}</arg>
<arg>${value[0]}</arg>
</arguments>
<status status="PASS" starttime="20191011 14:52:19.216" endtime="20191011 14:52:19.216"></status>
</kw>
<status status="PASS" starttime="20191011 14:52:19.216" endtime="20191011 14:52:19.216"></status>
</kw>
<kw name="${value} = ['10/10/2019']" type="foritem">
<kw name="Exit For Loop If" library="BuiltIn">
<doc>Stops executing the enclosing for loop if the ``condition`` is true.</doc>
<arguments>
<arg>${value} == []</arg>
</arguments>
<status status="PASS" starttime="20191011 14:52:19.216" endtime="20191011 14:52:19.216"></status>
</kw>
<kw name="Append To List" library="Collections">
<doc>Adds ``values`` to the end of ``list``.</doc>
<arguments>
<arg>${date}</arg>
<arg>${value[0]}</arg>
</arguments>
<status status="PASS" starttime="20191011 14:52:19.216" endtime="20191011 14:52:19.216"></status>
</kw>
<status status="PASS" starttime="20191011 14:52:19.216" endtime="20191011 14:52:19.216"></status>
</kw>
<kw name="${value} = ['11/10/2019']" type="foritem">
<kw name="Exit For Loop If" library="BuiltIn">
<doc>Stops executing the enclosing for loop if the ``condition`` is true.</doc>
<arguments>
<arg>${value} == []</arg>
</arguments>
<status status="PASS" starttime="20191011 14:52:19.216" endtime="20191011 14:52:19.216"></status>
</kw>
<kw name="Append To List" library="Collections">
<doc>Adds ``values`` to the end of ``list``.</doc>
<arguments>
<arg>${date}</arg>
<arg>${value[0]}</arg>
</arguments>
<status status="PASS" starttime="20191011 14:52:19.220" endtime="20191011 14:52:19.220"></status>
</kw>
<status status="PASS" starttime="20191011 14:52:19.216" endtime="20191011 14:52:19.220"></status>
</kw>
<kw name="${value} = []" type="foritem">
<kw name="Exit For Loop If" library="BuiltIn">
<doc>Stops executing the enclosing for loop if the ``condition`` is true.</doc>
<arguments>
<arg>${value} == []</arg>
</arguments>
<msg timestamp="20191011 14:52:19.220" level="INFO">Exiting for loop altogether.</msg>
<status status="PASS" starttime="20191011 14:52:19.220" endtime="20191011 14:52:19.220"></status>
</kw>
<status status="PASS" starttime="20191011 14:52:19.220" endtime="20191011 14:52:19.220"></status>
</kw>
<status status="PASS" starttime="20191011 14:52:19.164" endtime="20191011 14:52:19.220"></status>
</kw>
<msg timestamp="20191011 14:52:19.220" level="INFO">${date} = ['Date', '12/9/2019', '13/9/2019', '14/9/2019', '15/9/2019', '16/9/2019', '17/9/2019', '18/9/2019', '19/9/2019', '20/9/2019', '21/9/2019', '22/9/2019', '23/9/2019', '24/9/2019', '25/9/2019', '26/9/201...</msg>
<status status="PASS" starttime="20191011 14:52:17.882" endtime="20191011 14:52:19.220"></status>
</kw>
<kw name="Evaluate" library="BuiltIn">
<doc>Evaluates the given expression in Python and returns the results.</doc>
<arguments>
<arg>'${today}' not in ${date}</arg>
</arguments>
<assign>
<var>${condition}</var>
</assign>
<msg timestamp="20191011 14:52:19.220" level="INFO">${condition} = False</msg>
<status status="PASS" starttime="20191011 14:52:19.220" endtime="20191011 14:52:19.220"></status>
</kw>
<kw name="Get Length" library="BuiltIn">
<doc>Returns and logs the length of the given item as an integer.</doc>
<arguments>
<arg>${date}</arg>
</arguments>
<assign>
<var>${lastIndex}</var>
</assign>
<msg timestamp="20191011 14:52:19.220" level="INFO">Length is 31</msg>
<msg timestamp="20191011 14:52:19.220" level="INFO">${lastIndex} = 31</msg>
<status status="PASS" starttime="20191011 14:52:19.220" endtime="20191011 14:52:19.220"></status>
</kw>
<kw name="Run Keyword If" library="BuiltIn">
<doc>Runs the given keyword with the given arguments, if ``condition`` is true.</doc>
<arguments>
<arg>${condition}</arg>
<arg>Set Value</arg>
<arg>A${lastIndex+1}</arg>
<arg>${today}</arg>
</arguments>
<status status="PASS" starttime="20191011 14:52:19.220" endtime="20191011 14:52:19.220"></status>
</kw>
<kw name="Run Keyword If" library="BuiltIn">
<doc>Runs the given keyword with the given arguments, if ``condition`` is true.</doc>
<arguments>
<arg>${condition}</arg>
<arg>Append To List</arg>
<arg>${date}</arg>
<arg>${today}</arg>
</arguments>
<status status="PASS" starttime="20191011 14:52:19.220" endtime="20191011 14:52:19.220"></status>
</kw>
<kw name="Get Index From List" library="Collections">
<doc>Returns the index of the first occurrence of the ``value`` on the list.</doc>
<arguments>
<arg>${date}</arg>
<arg>${today}</arg>
</arguments>
<assign>
<var>${todayIndex}</var>
</assign>
<msg timestamp="20191011 14:52:19.220" level="INFO">${todayIndex} = 30</msg>
<status status="PASS" starttime="20191011 14:52:19.220" endtime="20191011 14:52:19.220"></status>
</kw>
<kw name="Set Variable" library="BuiltIn">
<doc>Returns the given values which can then be assigned to a variables.</doc>
<arguments>
<arg>${field}${todayIndex+1}</arg>
</arguments>
<assign>
<var>${range}</var>
</assign>
<msg timestamp="20191011 14:52:19.220" level="INFO">${range} = C31</msg>
<status status="PASS" starttime="20191011 14:52:19.220" endtime="20191011 14:52:19.220"></status>
</kw>
<kw name="Set Value" library="Sheets">
<arguments>
<arg>${range}</arg>
<arg>${value}</arg>
</arguments>
<kw name="Get Token" library="Sheets">
<kw name="Get Variable Value" library="BuiltIn">
<doc>Returns variable value or ``default`` if the variable does not exist.</doc>
<arguments>
<arg>${getToken}</arg>
<arg>${false}</arg>
</arguments>
<assign>
<var>${getToken}</var>
</assign>
<msg timestamp="20191011 14:52:19.224" level="INFO">${getToken} = True</msg>
<status status="PASS" starttime="20191011 14:52:19.224" endtime="20191011 14:52:19.224"></status>
</kw>
<kw name="Return From Keyword If" library="BuiltIn">
<doc>Returns from the enclosing user keyword if ``condition`` is true.</doc>
<arguments>
<arg>${getToken} == ${true}</arg>
</arguments>
<msg timestamp="20191011 14:52:19.224" level="INFO">Returning from the enclosing user keyword.</msg>
<status status="PASS" starttime="20191011 14:52:19.224" endtime="20191011 14:52:19.224"></status>
</kw>
<status status="PASS" starttime="20191011 14:52:19.224" endtime="20191011 14:52:19.224"></status>
</kw>
<kw name="Put" library="REST">
<tags>
<tag>http</tag>
</tags>
<doc>*Sends a PUT request to the endpoint.*</doc>
<arguments>
<arg>${SHEETS_URL}/${SHEETS_ID}/values/${SHEETS_NAME}!${range}:${range}?valueInputOption=USER_ENTERED</arg>
<arg>body={"values":[["${value}"]]}</arg>
</arguments>
<status status="PASS" starttime="20191011 14:52:19.224" endtime="20191011 14:52:20.352"></status>
</kw>
<kw name="Output" library="REST">
<tags>
<tag>I/O</tag>
</tags>
<doc>*Outputs JSON to terminal or a file.*</doc>
<arguments>
<arg>response body</arg>
<arg>${TEMPDIR}/output.json</arg>
</arguments>
<assign>
<var>${output}</var>
</assign>
<msg timestamp="20191011 14:52:20.356" level="INFO">${output} = {'spreadsheetId': '12s2lIKxptnOdkBUyfApN856IUPNej-CO0R3a3JrKlaw', 'updatedRange': "'Firebase Daily Report'!C31", 'updatedRows': 1, 'updatedColumns': 1, 'updatedCells': 1}</msg>
<status status="PASS" starttime="20191011 14:52:20.352" endtime="20191011 14:52:20.356"></status>
</kw>
<status status="PASS" starttime="20191011 14:52:19.220" endtime="20191011 14:52:20.356"></status>
</kw>
<status status="PASS" starttime="20191011 14:52:17.882" endtime="20191011 14:52:20.356"></status>
</kw>
<status status="PASS" starttime="20191011 14:51:42.621" endtime="20191011 14:52:20.360" critical="yes"></status>
</test>
<kw name="Close Chrome" library="Common" type="teardown">
<kw name="Return From Keyword If" library="BuiltIn">
<doc>Returns from the enclosing user keyword if ``condition`` is true.</doc>
<arguments>
<arg>${openChrome} == ${false}</arg>
</arguments>
<status status="PASS" starttime="20191011 14:52:20.364" endtime="20191011 14:52:20.368"></status>
</kw>
<kw name="Close Browser" library="SeleniumLibrary">
<doc>Closes the current browser.</doc>
<status status="PASS" starttime="20191011 14:52:20.368" endtime="20191011 14:52:24.839"></status>
</kw>
<kw name="Set Global Variable" library="BuiltIn">
<doc>Makes a variable available globally in all tests and suites.</doc>
<arguments>
<arg>${openChrome}</arg>
<arg>${false}</arg>
</arguments>
<msg timestamp="20191011 14:52:24.839" level="INFO">${openChrome} = False</msg>
<status status="PASS" starttime="20191011 14:52:24.839" endtime="20191011 14:52:24.839"></status>
</kw>
<status status="PASS" starttime="20191011 14:52:20.364" endtime="20191011 14:52:24.839"></status>
</kw>
<status status="PASS" starttime="20191011 14:51:33.189" endtime="20191011 14:52:24.839"></status>
</suite>
<statistics>
<total>
<stat pass="1" fail="0">Critical Tests</stat>
<stat pass="1" fail="0">All Tests</stat>
</total>
<tag>
</tag>
<suite>
<stat pass="1" fail="0" id="s1" name="Report">Report</stat>
</suite>
</statistics>
<errors>
</errors>
</robot>
