<?xml version="1.0" encoding="UTF-8"?>
<robot generator="Robot 3.1.2 (Python 3.7.2 on win32)" generated="20191011 13:05:24.126" rpa="false">
<suite id="s1" name="Report" source="C:\Users\Tephudsadin\testbot\DailyReportV5\siampiwat_report\report.robot">
<kw name="Open Chrome" library="Common" type="setup">
<kw name="Get Variable Value" library="BuiltIn">
<doc>Returns variable value or ``default`` if the variable does not exist.</doc>
<arguments>
<arg>${openChrome}</arg>
<arg>${false}</arg>
</arguments>
<assign>
<var>${openChrome}</var>
</assign>
<msg timestamp="20191011 13:05:25.165" level="INFO">${openChrome} = False</msg>
<status status="PASS" starttime="20191011 13:05:25.165" endtime="20191011 13:05:25.165"></status>
</kw>
<kw name="Run Keyword If" library="BuiltIn">
<doc>Runs the given keyword with the given arguments, if ``condition`` is true.</doc>
<arguments>
<arg>${openChrome}</arg>
<arg>Go To</arg>
<arg>${url}</arg>
</arguments>
<status status="PASS" starttime="20191011 13:05:25.165" endtime="20191011 13:05:25.165"></status>
</kw>
<kw name="Return From Keyword If" library="BuiltIn">
<doc>Returns from the enclosing user keyword if ``condition`` is true.</doc>
<arguments>
<arg>${openChrome} == ${true}</arg>
</arguments>
<status status="PASS" starttime="20191011 13:05:25.165" endtime="20191011 13:05:25.165"></status>
</kw>
<kw name="Open Browser" library="SeleniumLibrary">
<doc>Opens a new browser instance to the given ``url``.</doc>
<arguments>
<arg>${url}</arg>
<arg>browser=headless firefox</arg>
</arguments>
<msg timestamp="20191011 13:05:25.165" level="INFO">Opening browser 'headless firefox' to base url 'about:blank'.</msg>
<status status="PASS" starttime="20191011 13:05:25.165" endtime="20191011 13:05:32.254"></status>
</kw>
<kw name="Set Window Size" library="SeleniumLibrary">
<doc>Sets current windows size to given ``width`` and ``height``.</doc>
<arguments>
<arg>${width}</arg>
<arg>${height}</arg>
</arguments>
<status status="PASS" starttime="20191011 13:05:32.254" endtime="20191011 13:05:32.278"></status>
</kw>
<kw name="Register Keyword To Run On Failure" library="SeleniumLibrary">
<doc>Sets the keyword to execute when a SeleniumLibrary keyword fails.</doc>
<arguments>
<arg>None</arg>
</arguments>
<msg timestamp="20191011 13:05:32.278" level="INFO">No keyword will be run on failure.</msg>
<status status="PASS" starttime="20191011 13:05:32.278" endtime="20191011 13:05:32.278"></status>
</kw>
<kw name="Set Global Variable" library="BuiltIn">
<doc>Makes a variable available globally in all tests and suites.</doc>
<arguments>
<arg>${openChrome}</arg>
<arg>${true}</arg>
</arguments>
<msg timestamp="20191011 13:05:32.286" level="INFO">${openChrome} = True</msg>
<status status="PASS" starttime="20191011 13:05:32.286" endtime="20191011 13:05:32.286"></status>
</kw>
<status status="PASS" starttime="20191011 13:05:25.165" endtime="20191011 13:05:32.286"></status>
</kw>
<test id="s1-t1" name="Report22">
<kw name="Get Crashlytics" library="Firebase">
<assign>
<var>${crashlytics}</var>
</assign>
<kw name="Login Firebase" library="Firebase">
<kw name="Get Variable Value" library="BuiltIn">
<doc>Returns variable value or ``default`` if the variable does not exist.</doc>
<arguments>
<arg>${loginFirebase}</arg>
<arg>${false}</arg>
</arguments>
<assign>
<var>${loginFirebase}</var>
</assign>
<msg timestamp="20191011 13:05:32.286" level="INFO">${loginFirebase} = False</msg>
<status status="PASS" starttime="20191011 13:05:32.286" endtime="20191011 13:05:32.286"></status>
</kw>
<kw name="Return From Keyword If" library="BuiltIn">
<doc>Returns from the enclosing user keyword if ``condition`` is true.</doc>
<arguments>
<arg>${loginFirebase} == ${true}</arg>
</arguments>
<status status="PASS" starttime="20191011 13:05:32.286" endtime="20191011 13:05:32.286"></status>
</kw>
<kw name="Open Chrome" library="Common">
<arguments>
<arg>${FIREBASE_URL}</arg>
</arguments>
<kw name="Get Variable Value" library="BuiltIn">
<doc>Returns variable value or ``default`` if the variable does not exist.</doc>
<arguments>
<arg>${openChrome}</arg>
<arg>${false}</arg>
</arguments>
<assign>
<var>${openChrome}</var>
</assign>
<msg timestamp="20191011 13:05:32.286" level="INFO">${openChrome} = True</msg>
<status status="PASS" starttime="20191011 13:05:32.286" endtime="20191011 13:05:32.286"></status>
</kw>
<kw name="Run Keyword If" library="BuiltIn">
<doc>Runs the given keyword with the given arguments, if ``condition`` is true.</doc>
<arguments>
<arg>${openChrome}</arg>
<arg>Go To</arg>
<arg>${url}</arg>
</arguments>
<kw name="Go To" library="SeleniumLibrary">
<doc>Navigates the active browser instance to the provided ``url``.</doc>
<arguments>
<arg>${url}</arg>
</arguments>
<msg timestamp="20191011 13:05:32.286" level="INFO">Opening url 'https://console.firebase.google.com/project/onesiam-mobile'</msg>
<status status="PASS" starttime="20191011 13:05:32.286" endtime="20191011 13:05:36.582"></status>
</kw>
<status status="PASS" starttime="20191011 13:05:32.286" endtime="20191011 13:05:36.582"></status>
</kw>
<kw name="Return From Keyword If" library="BuiltIn">
<doc>Returns from the enclosing user keyword if ``condition`` is true.</doc>
<arguments>
<arg>${openChrome} == ${true}</arg>
</arguments>
<msg timestamp="20191011 13:05:36.582" level="INFO">Returning from the enclosing user keyword.</msg>
<status status="PASS" starttime="20191011 13:05:36.582" endtime="20191011 13:05:36.582"></status>
</kw>
<status status="PASS" starttime="20191011 13:05:32.286" endtime="20191011 13:05:36.582"></status>
</kw>
<kw name="Set Variable" library="BuiltIn">
<doc>Returns the given values which can then be assigned to a variables.</doc>
<arguments>
<arg>xpath=//*[@id="identifierId" or @id="Email"]</arg>
</arguments>
<assign>
<var>${locator_email}</var>
</assign>
<msg timestamp="20191011 13:05:36.582" level="INFO">${locator_email} = xpath=//*[@id="identifierId" or @id="Email"]</msg>
<status status="PASS" starttime="20191011 13:05:36.582" endtime="20191011 13:05:36.582"></status>
</kw>
<kw name="Set Variable" library="BuiltIn">
<doc>Returns the given values which can then be assigned to a variables.</doc>
<arguments>
<arg>xpath=//*[@id="password"]//input|//*[@id="Passwd"]</arg>
</arguments>
<assign>
<var>${locator_password}</var>
</assign>
<msg timestamp="20191011 13:05:36.582" level="INFO">${locator_password} = xpath=//*[@id="password"]//input|//*[@id="Passwd"]</msg>
<status status="PASS" starttime="20191011 13:05:36.582" endtime="20191011 13:05:36.582"></status>
</kw>
<kw name="Set Variable" library="BuiltIn">
<doc>Returns the given values which can then be assigned to a variables.</doc>
<arguments>
<arg>xpath=//*[@id="identifierNext" or @id="next"]</arg>
</arguments>
<assign>
<var>${locator_next}</var>
</assign>
<msg timestamp="20191011 13:05:36.582" level="INFO">${locator_next} = xpath=//*[@id="identifierNext" or @id="next"]</msg>
<status status="PASS" starttime="20191011 13:05:36.582" endtime="20191011 13:05:36.582"></status>
</kw>
<kw name="Set Variable" library="BuiltIn">
<doc>Returns the given values which can then be assigned to a variables.</doc>
<arguments>
<arg>xpath=//*[@id="passwordNext" or @id="signIn"]</arg>
</arguments>
<assign>
<var>${locator_signIn}</var>
</assign>
<msg timestamp="20191011 13:05:36.582" level="INFO">${locator_signIn} = xpath=//*[@id="passwordNext" or @id="signIn"]</msg>
<status status="PASS" starttime="20191011 13:05:36.582" endtime="20191011 13:05:36.582"></status>
</kw>
<kw name="Wait Until Element Is Visible" library="SeleniumLibrary">
<doc>Waits until element ``locator`` is visible.</doc>
<arguments>
<arg>${locator_email}</arg>
</arguments>
<status status="PASS" starttime="20191011 13:05:36.582" endtime="20191011 13:05:36.630"></status>
</kw>
<kw name="Input Text" library="SeleniumLibrary">
<doc>Types the given ``text`` into text field identified by ``locator``.</doc>
<arguments>
<arg>${locator_email}</arg>
<arg>${FIREBASE_USR}</arg>
</arguments>
<msg timestamp="20191011 13:05:36.630" level="INFO">Typing text 'Karthoke.Tester@gmail.com' into text field 'xpath=//*[@id="identifierId" or @id="Email"]'.</msg>
<status status="PASS" starttime="20191011 13:05:36.630" endtime="20191011 13:05:36.758"></status>
</kw>
<kw name="Press Keys" library="SeleniumLibrary">
<doc>Simulates user pressing key(s) to an element or on the active browser.</doc>
<arguments>
<arg>${locator_email}</arg>
<arg>RETURN</arg>
</arguments>
<msg timestamp="20191011 13:05:36.758" level="INFO">Sending key(s) ('RETURN',) to xpath=//*[@id="identifierId" or @id="Email"] element.</msg>
<msg timestamp="20191011 13:05:36.758" level="INFO">Pressing special key RETURN to element.</msg>
<status status="PASS" starttime="20191011 13:05:36.758" endtime="20191011 13:05:37.126"></status>
</kw>
<kw name="Wait Until Element Is Not Visible" library="SeleniumLibrary">
<doc>Waits until element ``locator`` is not visible.</doc>
<arguments>
<arg>${locator_email}</arg>
</arguments>
<status status="PASS" starttime="20191011 13:05:37.126" endtime="20191011 13:05:37.826"></status>
</kw>
<kw name="Wait Until Element Is Visible" library="SeleniumLibrary">
<doc>Waits until element ``locator`` is visible.</doc>
<arguments>
<arg>${locator_password}</arg>
</arguments>
<status status="PASS" starttime="20191011 13:05:37.826" endtime="20191011 13:05:37.847"></status>
</kw>
<kw name="Input Password" library="SeleniumLibrary">
<doc>Types the given password into text field identified by ``locator``.</doc>
<arguments>
<arg>${locator_password}</arg>
<arg>${FIREBASE_PWD}</arg>
</arguments>
<msg timestamp="20191011 13:05:37.847" level="INFO">Typing password into text field 'xpath=//*[@id="password"]//input|//*[@id="Passwd"]'.</msg>
<status status="PASS" starttime="20191011 13:05:37.847" endtime="20191011 13:05:37.887"></status>
</kw>
<kw name="Press Keys" library="SeleniumLibrary">
<doc>Simulates user pressing key(s) to an element or on the active browser.</doc>
<arguments>
<arg>${locator_password}</arg>
<arg>RETURN</arg>
</arguments>
<msg timestamp="20191011 13:05:37.887" level="INFO">Sending key(s) ('RETURN',) to xpath=//*[@id="password"]//input|//*[@id="Passwd"] element.</msg>
<msg timestamp="20191011 13:05:37.895" level="INFO">Pressing special key RETURN to element.</msg>
<status status="PASS" starttime="20191011 13:05:37.887" endtime="20191011 13:05:38.206"></status>
</kw>
<kw name="Wait Until Element Is Not Visible" library="SeleniumLibrary">
<doc>Waits until element ``locator`` is not visible.</doc>
<arguments>
<arg>${locator_password}</arg>
</arguments>
<status status="PASS" starttime="20191011 13:05:38.206" endtime="20191011 13:05:39.115"></status>
</kw>
<kw name="Wait Until Element Is Visible" library="SeleniumLibrary">
<doc>Waits until element ``locator`` is visible.</doc>
<arguments>
<arg>css=fb-navbar</arg>
<arg>1m</arg>
</arguments>
<status status="PASS" starttime="20191011 13:05:39.115" endtime="20191011 13:05:46.186"></status>
</kw>
<kw name="Run Keyword And Return Status" library="BuiltIn">
<doc>Runs the given keyword with given arguments and returns the status as a Boolean value.</doc>
<arguments>
<arg>Wait Until Element Is Visible</arg>
<arg>//*[@id="view_container"]/div/div/div[2]/div/div/div/form/span/section/div/div/div/ul/li[3]/div/div[2]</arg>
</arguments>
<assign>
<var>${isnotPass}</var>
</assign>
<kw name="Wait Until Element Is Visible" library="SeleniumLibrary">
<doc>Waits until element ``locator`` is visible.</doc>
<arguments>
<arg>//*[@id="view_container"]/div/div/div[2]/div/div/div/form/span/section/div/div/div/ul/li[3]/div/div[2]</arg>
</arguments>
<msg timestamp="20191011 13:06:01.304" level="FAIL">Element '//*[@id="view_container"]/div/div/div[2]/div/div/div/form/span/section/div/div/div/ul/li[3]/div/div[2]' not visible after 15 seconds.</msg>
<status status="FAIL" starttime="20191011 13:05:46.186" endtime="20191011 13:06:01.304"></status>
</kw>
<msg timestamp="20191011 13:06:01.304" level="INFO">${isnotPass} = False</msg>
<status status="PASS" starttime="20191011 13:05:46.186" endtime="20191011 13:06:01.304"></status>
</kw>
<kw name="Return From Keyword If" library="BuiltIn">
<doc>Returns from the enclosing user keyword if ``condition`` is true.</doc>
<arguments>
<arg>${isnotPass} == ${true}</arg>
<arg>LoginMoblie</arg>
</arguments>
<status status="PASS" starttime="20191011 13:06:01.304" endtime="20191011 13:06:01.304"></status>
</kw>
<kw name="Set Global Variable" library="BuiltIn">
<doc>Makes a variable available globally in all tests and suites.</doc>
<arguments>
<arg>${loginFirebase}</arg>
<arg>${true}</arg>
</arguments>
<msg timestamp="20191011 13:06:01.304" level="INFO">${loginFirebase} = True</msg>
<status status="PASS" starttime="20191011 13:06:01.304" endtime="20191011 13:06:01.304"></status>
</kw>
<status status="PASS" starttime="20191011 13:05:32.286" endtime="20191011 13:06:01.304"></status>
</kw>
<kw name="Get Today Epoch" library="Firebase">
<assign>
<var>${today}</var>
</assign>
<kw name="Get Time" library="BuiltIn">
<doc>Returns the given time in the requested format.</doc>
<arguments>
<arg>year,month,day</arg>
</arguments>
<assign>
<var>${y}</var>
<var>${m}</var>
<var>${d}</var>
</assign>
<msg timestamp="20191011 13:06:01.304" level="INFO">${y} = 2019</msg>
<msg timestamp="20191011 13:06:01.304" level="INFO">${m} = 10</msg>
<msg timestamp="20191011 13:06:01.304" level="INFO">${d} = 11</msg>
<status status="PASS" starttime="20191011 13:06:01.304" endtime="20191011 13:06:01.304"></status>
</kw>
<kw name="Get Time" library="BuiltIn">
<doc>Returns the given time in the requested format.</doc>
<arguments>
<arg>epoch</arg>
<arg>${y}-${m}-${d} 00:00:00</arg>
</arguments>
<assign>
<var>${epoch}</var>
</assign>
<msg timestamp="20191011 13:06:01.304" level="INFO">${epoch} = 1570726800</msg>
<status status="PASS" starttime="20191011 13:06:01.304" endtime="20191011 13:06:01.304"></status>
</kw>
<kw name="Set Variable" library="BuiltIn">
<doc>Returns the given values which can then be assigned to a variables.</doc>
<arguments>
<arg>${epoch}000</arg>
</arguments>
<assign>
<var>${begin}</var>
</assign>
<msg timestamp="20191011 13:06:01.304" level="INFO">${begin} = 1570726800000</msg>
<status status="PASS" starttime="20191011 13:06:01.304" endtime="20191011 13:06:01.304"></status>
</kw>
<kw name="Set Variable" library="BuiltIn">
<doc>Returns the given values which can then be assigned to a variables.</doc>
<arguments>
<arg>${epoch+86399}000</arg>
</arguments>
<assign>
<var>${end}</var>
</assign>
<msg timestamp="20191011 13:06:01.304" level="INFO">${end} = 1570813199000</msg>
<status status="PASS" starttime="20191011 13:06:01.304" endtime="20191011 13:06:01.304"></status>
</kw>
<msg timestamp="20191011 13:06:01.304" level="INFO">${today} = ['1570726800000', '1570813199000']</msg>
<status status="PASS" starttime="20191011 13:06:01.304" endtime="20191011 13:06:01.304"></status>
</kw>
<kw name="Redirect" library="Firebase">
<arguments>
<arg>${FIREBASE_URL}/crashlytics/app/android:com.onesiam.siampiwat/issues?type=crash&amp;state=open&amp;time=${today[0]}:${today[1]}</arg>
</arguments>
<kw name="${interval} IN RANGE [ 5 ]" type="for">
<kw name="${interval} = 0" type="foritem">
<kw name="Go To" library="SeleniumLibrary">
<doc>Navigates the active browser instance to the provided ``url``.</doc>
<arguments>
<arg>${url}</arg>
</arguments>
<msg timestamp="20191011 13:06:01.304" level="INFO">Opening url 'https://console.firebase.google.com/project/onesiam-mobile/crashlytics/app/android:com.onesiam.siampiwat/issues?type=crash&amp;state=open&amp;time=1570726800000:1570813199000'</msg>
<status status="PASS" starttime="20191011 13:06:01.304" endtime="20191011 13:06:03.479"></status>
</kw>
<kw name="Run Keyword And Return Status" library="BuiltIn">
<doc>Runs the given keyword with given arguments and returns the status as a Boolean value.</doc>
<arguments>
<arg>Location Should Contain</arg>
<arg>${url}</arg>
</arguments>
<assign>
<var>${condition}</var>
</assign>
<kw name="Location Should Contain" library="SeleniumLibrary">
<doc>Verifies that current URL contains ``expected``.</doc>
<arguments>
<arg>${url}</arg>
</arguments>
<msg timestamp="20191011 13:06:03.487" level="INFO">Current location contains 'https://console.firebase.google.com/project/onesiam-mobile/crashlytics/app/android:com.onesiam.siampiwat/issues?type=crash&amp;state=open&amp;time=1570726800000:1570813199000'.</msg>
<status status="PASS" starttime="20191011 13:06:03.479" endtime="20191011 13:06:03.487"></status>
</kw>
<msg timestamp="20191011 13:06:03.487" level="INFO">${condition} = True</msg>
<status status="PASS" starttime="20191011 13:06:03.479" endtime="20191011 13:06:03.487"></status>
</kw>
<kw name="Exit For Loop If" library="BuiltIn">
<doc>Stops executing the enclosing for loop if the ``condition`` is true.</doc>
<arguments>
<arg>${condition}</arg>
</arguments>
<msg timestamp="20191011 13:06:03.487" level="INFO">Exiting for loop altogether.</msg>
<status status="PASS" starttime="20191011 13:06:03.487" endtime="20191011 13:06:03.487"></status>
</kw>
<status status="PASS" starttime="20191011 13:06:01.304" endtime="20191011 13:06:03.487"></status>
</kw>
<status status="PASS" starttime="20191011 13:06:01.304" endtime="20191011 13:06:03.487"></status>
</kw>
<status status="PASS" starttime="20191011 13:06:01.304" endtime="20191011 13:06:03.487"></status>
</kw>
<kw name="Get Actually Text" library="Firebase">
<arguments>
<arg>css=.crashes .value</arg>
</arguments>
<assign>
<var>${crashlytics}</var>
</assign>
<kw name="Evaluate" library="BuiltIn">
<doc>Evaluates the given expression in Python and returns the results.</doc>
<arguments>
<arg>'${iframe}' != ''</arg>
</arguments>
<assign>
<var>${condition}</var>
</assign>
<msg timestamp="20191011 13:06:03.487" level="INFO">${condition} = False</msg>
<status status="PASS" starttime="20191011 13:06:03.487" endtime="20191011 13:06:03.487"></status>
</kw>
<kw name="Run Keyword If" library="BuiltIn">
<doc>Runs the given keyword with the given arguments, if ``condition`` is true.</doc>
<arguments>
<arg>${condition}</arg>
<arg>Select Frame</arg>
<arg>${iframe}</arg>
</arguments>
<status status="PASS" starttime="20191011 13:06:03.487" endtime="20191011 13:06:03.487"></status>
</kw>
<kw name="Wait Until Element Is Visible" library="SeleniumLibrary">
<doc>Waits until element ``locator`` is visible.</doc>
<arguments>
<arg>${locator}</arg>
</arguments>
<status status="PASS" starttime="20191011 13:06:03.487" endtime="20191011 13:06:12.406"></status>
</kw>
<kw name="${interval} IN RANGE [ 5 ]" type="for">
<kw name="${interval} = 0" type="foritem">
<kw name="Sleep" library="BuiltIn">
<doc>Pauses the test executed for the given time.</doc>
<arguments>
<arg>1s</arg>
</arguments>
<msg timestamp="20191011 13:06:13.408" level="INFO">Slept 1 second</msg>
<status status="PASS" starttime="20191011 13:06:12.406" endtime="20191011 13:06:13.408"></status>
</kw>
<kw name="Wait Until Element Is Visible" library="SeleniumLibrary">
<doc>Waits until element ``locator`` is visible.</doc>
<arguments>
<arg>${locator}</arg>
</arguments>
<status status="PASS" starttime="20191011 13:06:13.408" endtime="20191011 13:06:13.424"></status>
</kw>
<kw name="Get Text" library="SeleniumLibrary">
<doc>Returns the text value of element identified by ``locator``.</doc>
<arguments>
<arg>${locator}</arg>
</arguments>
<assign>
<var>${text}</var>
</assign>
<msg timestamp="20191011 13:06:13.440" level="INFO">${text} = ...</msg>
<status status="PASS" starttime="20191011 13:06:13.424" endtime="20191011 13:06:13.440"></status>
</kw>
<kw name="Run Keyword And Ignore Error" library="BuiltIn">
<doc>Runs the given keyword with the given arguments and ignores possible error.</doc>
<arguments>
<arg>Exit For Loop If</arg>
<arg>${text} &gt; 0</arg>
</arguments>
<kw name="Exit For Loop If" library="BuiltIn">
<doc>Stops executing the enclosing for loop if the ``condition`` is true.</doc>
<arguments>
<arg>${text} &gt; 0</arg>
</arguments>
<msg timestamp="20191011 13:06:13.448" level="FAIL">Evaluating expression '... &gt; 0' failed: TypeError: '&gt;' not supported between instances of 'ellipsis' and 'int'</msg>
<status status="FAIL" starttime="20191011 13:06:13.440" endtime="20191011 13:06:13.448"></status>
</kw>
<status status="PASS" starttime="20191011 13:06:13.440" endtime="20191011 13:06:13.448"></status>
</kw>
<status status="PASS" starttime="20191011 13:06:12.406" endtime="20191011 13:06:13.448"></status>
</kw>
<kw name="${interval} = 1" type="foritem">
<kw name="Sleep" library="BuiltIn">
<doc>Pauses the test executed for the given time.</doc>
<arguments>
<arg>1s</arg>
</arguments>
<msg timestamp="20191011 13:06:14.451" level="INFO">Slept 1 second</msg>
<status status="PASS" starttime="20191011 13:06:13.448" endtime="20191011 13:06:14.451"></status>
</kw>
<kw name="Wait Until Element Is Visible" library="SeleniumLibrary">
<doc>Waits until element ``locator`` is visible.</doc>
<arguments>
<arg>${locator}</arg>
</arguments>
<status status="PASS" starttime="20191011 13:06:14.451" endtime="20191011 13:06:14.499"></status>
</kw>
<kw name="Get Text" library="SeleniumLibrary">
<doc>Returns the text value of element identified by ``locator``.</doc>
<arguments>
<arg>${locator}</arg>
</arguments>
<assign>
<var>${text}</var>
</assign>
<msg timestamp="20191011 13:06:14.515" level="INFO">${text} = ...</msg>
<status status="PASS" starttime="20191011 13:06:14.499" endtime="20191011 13:06:14.515"></status>
</kw>
<kw name="Run Keyword And Ignore Error" library="BuiltIn">
<doc>Runs the given keyword with the given arguments and ignores possible error.</doc>
<arguments>
<arg>Exit For Loop If</arg>
<arg>${text} &gt; 0</arg>
</arguments>
<kw name="Exit For Loop If" library="BuiltIn">
<doc>Stops executing the enclosing for loop if the ``condition`` is true.</doc>
<arguments>
<arg>${text} &gt; 0</arg>
</arguments>
<msg timestamp="20191011 13:06:14.515" level="FAIL">Evaluating expression '... &gt; 0' failed: TypeError: '&gt;' not supported between instances of 'ellipsis' and 'int'</msg>
<status status="FAIL" starttime="20191011 13:06:14.515" endtime="20191011 13:06:14.515"></status>
</kw>
<status status="PASS" starttime="20191011 13:06:14.515" endtime="20191011 13:06:14.515"></status>
</kw>
<status status="PASS" starttime="20191011 13:06:13.448" endtime="20191011 13:06:14.515"></status>
</kw>
<kw name="${interval} = 2" type="foritem">
<kw name="Sleep" library="BuiltIn">
<doc>Pauses the test executed for the given time.</doc>
<arguments>
<arg>1s</arg>
</arguments>
<msg timestamp="20191011 13:06:15.516" level="INFO">Slept 1 second</msg>
<status status="PASS" starttime="20191011 13:06:14.515" endtime="20191011 13:06:15.516"></status>
</kw>
<kw name="Wait Until Element Is Visible" library="SeleniumLibrary">
<doc>Waits until element ``locator`` is visible.</doc>
<arguments>
<arg>${locator}</arg>
</arguments>
<status status="PASS" starttime="20191011 13:06:15.516" endtime="20191011 13:06:15.532"></status>
</kw>
<kw name="Get Text" library="SeleniumLibrary">
<doc>Returns the text value of element identified by ``locator``.</doc>
<arguments>
<arg>${locator}</arg>
</arguments>
<assign>
<var>${text}</var>
</assign>
<msg timestamp="20191011 13:06:15.548" level="INFO">${text} = ...</msg>
<status status="PASS" starttime="20191011 13:06:15.532" endtime="20191011 13:06:15.548"></status>
</kw>
<kw name="Run Keyword And Ignore Error" library="BuiltIn">
<doc>Runs the given keyword with the given arguments and ignores possible error.</doc>
<arguments>
<arg>Exit For Loop If</arg>
<arg>${text} &gt; 0</arg>
</arguments>
<kw name="Exit For Loop If" library="BuiltIn">
<doc>Stops executing the enclosing for loop if the ``condition`` is true.</doc>
<arguments>
<arg>${text} &gt; 0</arg>
</arguments>
<msg timestamp="20191011 13:06:15.548" level="FAIL">Evaluating expression '... &gt; 0' failed: TypeError: '&gt;' not supported between instances of 'ellipsis' and 'int'</msg>
<status status="FAIL" starttime="20191011 13:06:15.548" endtime="20191011 13:06:15.548"></status>
</kw>
<status status="PASS" starttime="20191011 13:06:15.548" endtime="20191011 13:06:15.548"></status>
</kw>
<status status="PASS" starttime="20191011 13:06:14.515" endtime="20191011 13:06:15.548"></status>
</kw>
<kw name="${interval} = 3" type="foritem">
<kw name="Sleep" library="BuiltIn">
<doc>Pauses the test executed for the given time.</doc>
<arguments>
<arg>1s</arg>
</arguments>
<msg timestamp="20191011 13:06:16.556" level="INFO">Slept 1 second</msg>
<status status="PASS" starttime="20191011 13:06:15.548" endtime="20191011 13:06:16.556"></status>
</kw>
<kw name="Wait Until Element Is Visible" library="SeleniumLibrary">
<doc>Waits until element ``locator`` is visible.</doc>
<arguments>
<arg>${locator}</arg>
</arguments>
<status status="PASS" starttime="20191011 13:06:16.556" endtime="20191011 13:06:16.572"></status>
</kw>
<kw name="Get Text" library="SeleniumLibrary">
<doc>Returns the text value of element identified by ``locator``.</doc>
<arguments>
<arg>${locator}</arg>
</arguments>
<assign>
<var>${text}</var>
</assign>
<msg timestamp="20191011 13:06:16.580" level="INFO">${text} = 13</msg>
<status status="PASS" starttime="20191011 13:06:16.572" endtime="20191011 13:06:16.580"></status>
</kw>
<kw name="Run Keyword And Ignore Error" library="BuiltIn">
<doc>Runs the given keyword with the given arguments and ignores possible error.</doc>
<arguments>
<arg>Exit For Loop If</arg>
<arg>${text} &gt; 0</arg>
</arguments>
<kw name="Exit For Loop If" library="BuiltIn">
<doc>Stops executing the enclosing for loop if the ``condition`` is true.</doc>
<arguments>
<arg>${text} &gt; 0</arg>
</arguments>
<msg timestamp="20191011 13:06:16.588" level="INFO">Exiting for loop altogether.</msg>
<status status="PASS" starttime="20191011 13:06:16.580" endtime="20191011 13:06:16.588"></status>
</kw>
<status status="PASS" starttime="20191011 13:06:16.580" endtime="20191011 13:06:16.588"></status>
</kw>
<status status="PASS" starttime="20191011 13:06:15.548" endtime="20191011 13:06:16.588"></status>
</kw>
<status status="PASS" starttime="20191011 13:06:12.406" endtime="20191011 13:06:16.588"></status>
</kw>
<kw name="Run Keyword If" library="BuiltIn">
<doc>Runs the given keyword with the given arguments, if ``condition`` is true.</doc>
<arguments>
<arg>${condition}</arg>
<arg>Unselect Frame</arg>
</arguments>
<status status="PASS" starttime="20191011 13:06:16.588" endtime="20191011 13:06:16.588"></status>
</kw>
<msg timestamp="20191011 13:06:16.588" level="INFO">${crashlytics} = 13</msg>
<status status="PASS" starttime="20191011 13:06:03.487" endtime="20191011 13:06:16.588"></status>
</kw>
<kw name="Set Global Variable" library="BuiltIn">
<doc>Makes a variable available globally in all tests and suites.</doc>
<arguments>
<arg>${crashlytics}</arg>
</arguments>
<msg timestamp="20191011 13:06:16.588" level="INFO">${crashlytics} = 13</msg>
<status status="PASS" starttime="20191011 13:06:16.588" endtime="20191011 13:06:16.588"></status>
</kw>
<msg timestamp="20191011 13:06:16.588" level="INFO">${crashlytics} = 13</msg>
<status status="PASS" starttime="20191011 13:05:32.286" endtime="20191011 13:06:16.588"></status>
</kw>
<kw name="Get Active User" library="Firebase">
<assign>
<var>${activeUser}</var>
</assign>
<kw name="Login Firebase" library="Firebase">
<kw name="Get Variable Value" library="BuiltIn">
<doc>Returns variable value or ``default`` if the variable does not exist.</doc>
<arguments>
<arg>${loginFirebase}</arg>
<arg>${false}</arg>
</arguments>
<assign>
<var>${loginFirebase}</var>
</assign>
<msg timestamp="20191011 13:06:16.588" level="INFO">${loginFirebase} = True</msg>
<status status="PASS" starttime="20191011 13:06:16.588" endtime="20191011 13:06:16.588"></status>
</kw>
<kw name="Return From Keyword If" library="BuiltIn">
<doc>Returns from the enclosing user keyword if ``condition`` is true.</doc>
<arguments>
<arg>${loginFirebase} == ${true}</arg>
</arguments>
<msg timestamp="20191011 13:06:16.588" level="INFO">Returning from the enclosing user keyword.</msg>
<status status="PASS" starttime="20191011 13:06:16.588" endtime="20191011 13:06:16.588"></status>
</kw>
<status status="PASS" starttime="20191011 13:06:16.588" endtime="20191011 13:06:16.588"></status>
</kw>
<kw name="Get Today Epoch" library="Firebase">
<assign>
<var>${today}</var>
</assign>
<kw name="Get Time" library="BuiltIn">
<doc>Returns the given time in the requested format.</doc>
<arguments>
<arg>year,month,day</arg>
</arguments>
<assign>
<var>${y}</var>
<var>${m}</var>
<var>${d}</var>
</assign>
<msg timestamp="20191011 13:06:16.588" level="INFO">${y} = 2019</msg>
<msg timestamp="20191011 13:06:16.588" level="INFO">${m} = 10</msg>
<msg timestamp="20191011 13:06:16.588" level="INFO">${d} = 11</msg>
<status status="PASS" starttime="20191011 13:06:16.588" endtime="20191011 13:06:16.588"></status>
</kw>
<kw name="Get Time" library="BuiltIn">
<doc>Returns the given time in the requested format.</doc>
<arguments>
<arg>epoch</arg>
<arg>${y}-${m}-${d} 00:00:00</arg>
</arguments>
<assign>
<var>${epoch}</var>
</assign>
<msg timestamp="20191011 13:06:16.588" level="INFO">${epoch} = 1570726800</msg>
<status status="PASS" starttime="20191011 13:06:16.588" endtime="20191011 13:06:16.588"></status>
</kw>
<kw name="Set Variable" library="BuiltIn">
<doc>Returns the given values which can then be assigned to a variables.</doc>
<arguments>
<arg>${epoch}000</arg>
</arguments>
<assign>
<var>${begin}</var>
</assign>
<msg timestamp="20191011 13:06:16.588" level="INFO">${begin} = 1570726800000</msg>
<status status="PASS" starttime="20191011 13:06:16.588" endtime="20191011 13:06:16.588"></status>
</kw>
<kw name="Set Variable" library="BuiltIn">
<doc>Returns the given values which can then be assigned to a variables.</doc>
<arguments>
<arg>${epoch+86399}000</arg>
</arguments>
<assign>
<var>${end}</var>
</assign>
<msg timestamp="20191011 13:06:16.588" level="INFO">${end} = 1570813199000</msg>
<status status="PASS" starttime="20191011 13:06:16.588" endtime="20191011 13:06:16.588"></status>
</kw>
<msg timestamp="20191011 13:06:16.588" level="INFO">${today} = ['1570726800000', '1570813199000']</msg>
<status status="PASS" starttime="20191011 13:06:16.588" endtime="20191011 13:06:16.588"></status>
</kw>
<kw name="Redirect" library="Firebase">
<arguments>
<arg>https://analytics.google.com/analytics/app/mobile/?authuser=0&amp;hl=th&amp;fpn=828751992199#/p182686739/mobile/overview?fpn=828751992199&amp;swu=1&amp;sgu=1&amp;sus=not_upgraded&amp;t=${today[0]}</arg>
</arguments>
<kw name="${interval} IN RANGE [ 5 ]" type="for">
<kw name="${interval} = 0" type="foritem">
<kw name="Go To" library="SeleniumLibrary">
<doc>Navigates the active browser instance to the provided ``url``.</doc>
<arguments>
<arg>${url}</arg>
</arguments>
<msg timestamp="20191011 13:06:16.588" level="INFO">Opening url 'https://analytics.google.com/analytics/app/mobile/?authuser=0&amp;hl=th&amp;fpn=828751992199#/p182686739/mobile/overview?fpn=828751992199&amp;swu=1&amp;sgu=1&amp;sus=not_upgraded&amp;t=1570726800000'</msg>
<status status="PASS" starttime="20191011 13:06:16.588" endtime="20191011 13:06:21.041"></status>
</kw>
<kw name="Run Keyword And Return Status" library="BuiltIn">
<doc>Runs the given keyword with given arguments and returns the status as a Boolean value.</doc>
<arguments>
<arg>Location Should Contain</arg>
<arg>${url}</arg>
</arguments>
<assign>
<var>${condition}</var>
</assign>
<kw name="Location Should Contain" library="SeleniumLibrary">
<doc>Verifies that current URL contains ``expected``.</doc>
<arguments>
<arg>${url}</arg>
</arguments>
<msg timestamp="20191011 13:06:21.041" level="INFO">Current location contains 'https://analytics.google.com/analytics/app/mobile/?authuser=0&amp;hl=th&amp;fpn=828751992199#/p182686739/mobile/overview?fpn=828751992199&amp;swu=1&amp;sgu=1&amp;sus=not_upgraded&amp;t=1570726800000'.</msg>
<status status="PASS" starttime="20191011 13:06:21.041" endtime="20191011 13:06:21.041"></status>
</kw>
<msg timestamp="20191011 13:06:21.041" level="INFO">${condition} = True</msg>
<status status="PASS" starttime="20191011 13:06:21.041" endtime="20191011 13:06:21.041"></status>
</kw>
<kw name="Exit For Loop If" library="BuiltIn">
<doc>Stops executing the enclosing for loop if the ``condition`` is true.</doc>
<arguments>
<arg>${condition}</arg>
</arguments>
<msg timestamp="20191011 13:06:21.041" level="INFO">Exiting for loop altogether.</msg>
<status status="PASS" starttime="20191011 13:06:21.041" endtime="20191011 13:06:21.041"></status>
</kw>
<status status="PASS" starttime="20191011 13:06:16.588" endtime="20191011 13:06:21.041"></status>
</kw>
<status status="PASS" starttime="20191011 13:06:16.588" endtime="20191011 13:06:21.041"></status>
</kw>
<status status="PASS" starttime="20191011 13:06:16.588" endtime="20191011 13:06:21.041"></status>
</kw>
<kw name="Get Actually Text" library="Firebase">
<arguments>
<arg>css=.counter</arg>
</arguments>
<assign>
<var>${activeUser}</var>
</assign>
<kw name="Evaluate" library="BuiltIn">
<doc>Evaluates the given expression in Python and returns the results.</doc>
<arguments>
<arg>'${iframe}' != ''</arg>
</arguments>
<assign>
<var>${condition}</var>
</assign>
<msg timestamp="20191011 13:06:21.041" level="INFO">${condition} = False</msg>
<status status="PASS" starttime="20191011 13:06:21.041" endtime="20191011 13:06:21.041"></status>
</kw>
<kw name="Run Keyword If" library="BuiltIn">
<doc>Runs the given keyword with the given arguments, if ``condition`` is true.</doc>
<arguments>
<arg>${condition}</arg>
<arg>Select Frame</arg>
<arg>${iframe}</arg>
</arguments>
<status status="PASS" starttime="20191011 13:06:21.041" endtime="20191011 13:06:21.041"></status>
</kw>
<kw name="Wait Until Element Is Visible" library="SeleniumLibrary">
<doc>Waits until element ``locator`` is visible.</doc>
<arguments>
<arg>${locator}</arg>
</arguments>
<status status="PASS" starttime="20191011 13:06:21.041" endtime="20191011 13:06:25.958"></status>
</kw>
<kw name="${interval} IN RANGE [ 5 ]" type="for">
<kw name="${interval} = 0" type="foritem">
<kw name="Sleep" library="BuiltIn">
<doc>Pauses the test executed for the given time.</doc>
<arguments>
<arg>1s</arg>
</arguments>
<msg timestamp="20191011 13:06:26.966" level="INFO">Slept 1 second</msg>
<status status="PASS" starttime="20191011 13:06:25.958" endtime="20191011 13:06:26.966"></status>
</kw>
<kw name="Wait Until Element Is Visible" library="SeleniumLibrary">
<doc>Waits until element ``locator`` is visible.</doc>
<arguments>
<arg>${locator}</arg>
</arguments>
<status status="PASS" starttime="20191011 13:06:26.966" endtime="20191011 13:06:27.246"></status>
</kw>
<kw name="Get Text" library="SeleniumLibrary">
<doc>Returns the text value of element identified by ``locator``.</doc>
<arguments>
<arg>${locator}</arg>
</arguments>
<assign>
<var>${text}</var>
</assign>
<msg timestamp="20191011 13:06:27.334" level="INFO">${text} = 133</msg>
<status status="PASS" starttime="20191011 13:06:27.246" endtime="20191011 13:06:27.334"></status>
</kw>
<kw name="Run Keyword And Ignore Error" library="BuiltIn">
<doc>Runs the given keyword with the given arguments and ignores possible error.</doc>
<arguments>
<arg>Exit For Loop If</arg>
<arg>${text} &gt; 0</arg>
</arguments>
<kw name="Exit For Loop If" library="BuiltIn">
<doc>Stops executing the enclosing for loop if the ``condition`` is true.</doc>
<arguments>
<arg>${text} &gt; 0</arg>
</arguments>
<msg timestamp="20191011 13:06:27.334" level="INFO">Exiting for loop altogether.</msg>
<status status="PASS" starttime="20191011 13:06:27.334" endtime="20191011 13:06:27.334"></status>
</kw>
<status status="PASS" starttime="20191011 13:06:27.334" endtime="20191011 13:06:27.334"></status>
</kw>
<status status="PASS" starttime="20191011 13:06:25.958" endtime="20191011 13:06:27.334"></status>
</kw>
<status status="PASS" starttime="20191011 13:06:25.958" endtime="20191011 13:06:27.334"></status>
</kw>
<kw name="Run Keyword If" library="BuiltIn">
<doc>Runs the given keyword with the given arguments, if ``condition`` is true.</doc>
<arguments>
<arg>${condition}</arg>
<arg>Unselect Frame</arg>
</arguments>
<status status="PASS" starttime="20191011 13:06:27.334" endtime="20191011 13:06:27.334"></status>
</kw>
<msg timestamp="20191011 13:06:27.334" level="INFO">${activeUser} = 133</msg>
<status status="PASS" starttime="20191011 13:06:21.041" endtime="20191011 13:06:27.334"></status>
</kw>
<kw name="Set Global Variable" library="BuiltIn">
<doc>Makes a variable available globally in all tests and suites.</doc>
<arguments>
<arg>${activeUser}</arg>
</arguments>
<msg timestamp="20191011 13:06:27.334" level="INFO">${activeUser} = 133</msg>
<status status="PASS" starttime="20191011 13:06:27.334" endtime="20191011 13:06:27.334"></status>
</kw>
<msg timestamp="20191011 13:06:27.334" level="INFO">${activeUser} = 133</msg>
<status status="PASS" starttime="20191011 13:06:16.588" endtime="20191011 13:06:27.334"></status>
</kw>
<kw name="Get Events" library="Firebase">
<assign>
<var>${events}</var>
</assign>
<kw name="Login Firebase" library="Firebase">
<kw name="Get Variable Value" library="BuiltIn">
<doc>Returns variable value or ``default`` if the variable does not exist.</doc>
<arguments>
<arg>${loginFirebase}</arg>
<arg>${false}</arg>
</arguments>
<assign>
<var>${loginFirebase}</var>
</assign>
<msg timestamp="20191011 13:06:27.334" level="INFO">${loginFirebase} = True</msg>
<status status="PASS" starttime="20191011 13:06:27.334" endtime="20191011 13:06:27.334"></status>
</kw>
<kw name="Return From Keyword If" library="BuiltIn">
<doc>Returns from the enclosing user keyword if ``condition`` is true.</doc>
<arguments>
<arg>${loginFirebase} == ${true}</arg>
</arguments>
<msg timestamp="20191011 13:06:27.334" level="INFO">Returning from the enclosing user keyword.</msg>
<status status="PASS" starttime="20191011 13:06:27.334" endtime="20191011 13:06:27.334"></status>
</kw>
<status status="PASS" starttime="20191011 13:06:27.334" endtime="20191011 13:06:27.334"></status>
</kw>
<kw name="Get Today Epoch" library="Firebase">
<assign>
<var>${today}</var>
</assign>
<kw name="Get Time" library="BuiltIn">
<doc>Returns the given time in the requested format.</doc>
<arguments>
<arg>year,month,day</arg>
</arguments>
<assign>
<var>${y}</var>
<var>${m}</var>
<var>${d}</var>
</assign>
<msg timestamp="20191011 13:06:27.334" level="INFO">${y} = 2019</msg>
<msg timestamp="20191011 13:06:27.334" level="INFO">${m} = 10</msg>
<msg timestamp="20191011 13:06:27.334" level="INFO">${d} = 11</msg>
<status status="PASS" starttime="20191011 13:06:27.334" endtime="20191011 13:06:27.334"></status>
</kw>
<kw name="Get Time" library="BuiltIn">
<doc>Returns the given time in the requested format.</doc>
<arguments>
<arg>epoch</arg>
<arg>${y}-${m}-${d} 00:00:00</arg>
</arguments>
<assign>
<var>${epoch}</var>
</assign>
<msg timestamp="20191011 13:06:27.334" level="INFO">${epoch} = 1570726800</msg>
<status status="PASS" starttime="20191011 13:06:27.334" endtime="20191011 13:06:27.334"></status>
</kw>
<kw name="Set Variable" library="BuiltIn">
<doc>Returns the given values which can then be assigned to a variables.</doc>
<arguments>
<arg>${epoch}000</arg>
</arguments>
<assign>
<var>${begin}</var>
</assign>
<msg timestamp="20191011 13:06:27.334" level="INFO">${begin} = 1570726800000</msg>
<status status="PASS" starttime="20191011 13:06:27.334" endtime="20191011 13:06:27.334"></status>
</kw>
<kw name="Set Variable" library="BuiltIn">
<doc>Returns the given values which can then be assigned to a variables.</doc>
<arguments>
<arg>${epoch+86399}000</arg>
</arguments>
<assign>
<var>${end}</var>
</assign>
<msg timestamp="20191011 13:06:27.334" level="INFO">${end} = 1570813199000</msg>
<status status="PASS" starttime="20191011 13:06:27.334" endtime="20191011 13:06:27.334"></status>
</kw>
<msg timestamp="20191011 13:06:27.334" level="INFO">${today} = ['1570726800000', '1570813199000']</msg>
<status status="PASS" starttime="20191011 13:06:27.334" endtime="20191011 13:06:27.334"></status>
</kw>
<kw name="Create List" library="BuiltIn">
<doc>Returns a list containing given items.</doc>
<arguments>
<arg>app_remove</arg>
<arg>open_app</arg>
<arg>profile_edit_click</arg>
<arg>profile_view</arg>
<arg>profile_card_change</arg>
<arg>profile_interest_change</arg>
<arg>register_viz</arg>
</arguments>
<assign>
<var>${searchEvents}</var>
</assign>
<msg timestamp="20191011 13:06:27.334" level="INFO">${searchEvents} = ['app_remove', 'open_app', 'profile_edit_click', 'profile_view', 'profile_card_change', 'profile_interest_change', 'register_viz']</msg>
<status status="PASS" starttime="20191011 13:06:27.334" endtime="20191011 13:06:27.334"></status>
</kw>
<kw name="Create List" library="BuiltIn">
<doc>Returns a list containing given items.</doc>
<assign>
<var>${events}</var>
</assign>
<msg timestamp="20191011 13:06:27.342" level="INFO">${events} = []</msg>
<status status="PASS" starttime="20191011 13:06:27.342" endtime="20191011 13:06:27.342"></status>
</kw>
<kw name="${searchEvent} IN [ @{searchEvents} ]" type="for">
<kw name="${searchEvent} = app_remove" type="foritem">
<kw name="Redirect" library="Firebase">
<arguments>
<arg>https://analytics.google.com/analytics/app/mobile/?authuser=0&amp;hl=th&amp;fpn=828751992199#/p182686739/m/events/overview?t=${today[0]}&amp;fpn=828751992199&amp;sus=not_upgraded&amp;sgu=1&amp;swu=1&amp;params=_r..layout.pageNumber%3D0%26_u..pageSize%3D25%26_u.dateOption%3Dtoday%26_r..layout.searchTerm%3D${searchEvent}</arg>
</arguments>
<kw name="${interval} IN RANGE [ 5 ]" type="for">
<kw name="${interval} = 0" type="foritem">
<kw name="Go To" library="SeleniumLibrary">
<doc>Navigates the active browser instance to the provided ``url``.</doc>
<arguments>
<arg>${url}</arg>
</arguments>
<msg timestamp="20191011 13:06:27.342" level="INFO">Opening url 'https://analytics.google.com/analytics/app/mobile/?authuser=0&amp;hl=th&amp;fpn=828751992199#/p182686739/m/events/overview?t=1570726800000&amp;fpn=828751992199&amp;sus=not_upgraded&amp;sgu=1&amp;swu=1&amp;params=_r..layout.pageNumber%3D0%26_u..pageSize%3D25%26_u.dateOption%3Dtoday%26_r..layout.searchTerm%3Dapp_remove'</msg>
<status status="PASS" starttime="20191011 13:06:27.342" endtime="20191011 13:06:27.374"></status>
</kw>
<kw name="Run Keyword And Return Status" library="BuiltIn">
<doc>Runs the given keyword with given arguments and returns the status as a Boolean value.</doc>
<arguments>
<arg>Location Should Contain</arg>
<arg>${url}</arg>
</arguments>
<assign>
<var>${condition}</var>
</assign>
<kw name="Location Should Contain" library="SeleniumLibrary">
<doc>Verifies that current URL contains ``expected``.</doc>
<arguments>
<arg>${url}</arg>
</arguments>
<msg timestamp="20191011 13:06:27.382" level="INFO">Current location contains 'https://analytics.google.com/analytics/app/mobile/?authuser=0&amp;hl=th&amp;fpn=828751992199#/p182686739/m/events/overview?t=1570726800000&amp;fpn=828751992199&amp;sus=not_upgraded&amp;sgu=1&amp;swu=1&amp;params=_r..layout.pageNumber%3D0%26_u..pageSize%3D25%26_u.dateOption%3Dtoday%26_r..layout.searchTerm%3Dapp_remove'.</msg>
<status status="PASS" starttime="20191011 13:06:27.374" endtime="20191011 13:06:27.382"></status>
</kw>
<msg timestamp="20191011 13:06:27.382" level="INFO">${condition} = True</msg>
<status status="PASS" starttime="20191011 13:06:27.374" endtime="20191011 13:06:27.382"></status>
</kw>
<kw name="Exit For Loop If" library="BuiltIn">
<doc>Stops executing the enclosing for loop if the ``condition`` is true.</doc>
<arguments>
<arg>${condition}</arg>
</arguments>
<msg timestamp="20191011 13:06:27.382" level="INFO">Exiting for loop altogether.</msg>
<status status="PASS" starttime="20191011 13:06:27.382" endtime="20191011 13:06:27.382"></status>
</kw>
<status status="PASS" starttime="20191011 13:06:27.342" endtime="20191011 13:06:27.382"></status>
</kw>
<status status="PASS" starttime="20191011 13:06:27.342" endtime="20191011 13:06:27.382"></status>
</kw>
<status status="PASS" starttime="20191011 13:06:27.342" endtime="20191011 13:06:27.382"></status>
</kw>
<kw name="Wait Until Element Contains" library="SeleniumLibrary">
<doc>Waits until element ``locator`` contains ``text``.</doc>
<arguments>
<arg>css=.event-name</arg>
<arg>${searchEvent}</arg>
</arguments>
<status status="PASS" starttime="20191011 13:06:27.382" endtime="20191011 13:06:29.706"></status>
</kw>
<kw name="Get Actually Text" library="Firebase">
<arguments>
<arg>xpath=(//*[@class="data ng-binding"])[1]</arg>
</arguments>
<assign>
<var>${event}</var>
</assign>
<kw name="Evaluate" library="BuiltIn">
<doc>Evaluates the given expression in Python and returns the results.</doc>
<arguments>
<arg>'${iframe}' != ''</arg>
</arguments>
<assign>
<var>${condition}</var>
</assign>
<msg timestamp="20191011 13:06:29.706" level="INFO">${condition} = False</msg>
<status status="PASS" starttime="20191011 13:06:29.706" endtime="20191011 13:06:29.706"></status>
</kw>
<kw name="Run Keyword If" library="BuiltIn">
<doc>Runs the given keyword with the given arguments, if ``condition`` is true.</doc>
<arguments>
<arg>${condition}</arg>
<arg>Select Frame</arg>
<arg>${iframe}</arg>
</arguments>
<status status="PASS" starttime="20191011 13:06:29.706" endtime="20191011 13:06:29.706"></status>
</kw>
<kw name="Wait Until Element Is Visible" library="SeleniumLibrary">
<doc>Waits until element ``locator`` is visible.</doc>
<arguments>
<arg>${locator}</arg>
</arguments>
<status status="PASS" starttime="20191011 13:06:29.706" endtime="20191011 13:06:29.730"></status>
</kw>
<kw name="${interval} IN RANGE [ 5 ]" type="for">
<kw name="${interval} = 0" type="foritem">
<kw name="Sleep" library="BuiltIn">
<doc>Pauses the test executed for the given time.</doc>
<arguments>
<arg>1s</arg>
</arguments>
<msg timestamp="20191011 13:06:30.735" level="INFO">Slept 1 second</msg>
<status status="PASS" starttime="20191011 13:06:29.730" endtime="20191011 13:06:30.735"></status>
</kw>
<kw name="Wait Until Element Is Visible" library="SeleniumLibrary">
<doc>Waits until element ``locator`` is visible.</doc>
<arguments>
<arg>${locator}</arg>
</arguments>
<status status="PASS" starttime="20191011 13:06:30.735" endtime="20191011 13:06:30.751"></status>
</kw>
<kw name="Get Text" library="SeleniumLibrary">
<doc>Returns the text value of element identified by ``locator``.</doc>
<arguments>
<arg>${locator}</arg>
</arguments>
<assign>
<var>${text}</var>
</assign>
<msg timestamp="20191011 13:06:30.767" level="INFO">${text} = 37</msg>
<status status="PASS" starttime="20191011 13:06:30.751" endtime="20191011 13:06:30.767"></status>
</kw>
<kw name="Run Keyword And Ignore Error" library="BuiltIn">
<doc>Runs the given keyword with the given arguments and ignores possible error.</doc>
<arguments>
<arg>Exit For Loop If</arg>
<arg>${text} &gt; 0</arg>
</arguments>
<kw name="Exit For Loop If" library="BuiltIn">
<doc>Stops executing the enclosing for loop if the ``condition`` is true.</doc>
<arguments>
<arg>${text} &gt; 0</arg>
</arguments>
<msg timestamp="20191011 13:06:30.767" level="INFO">Exiting for loop altogether.</msg>
<status status="PASS" starttime="20191011 13:06:30.767" endtime="20191011 13:06:30.767"></status>
</kw>
<status status="PASS" starttime="20191011 13:06:30.767" endtime="20191011 13:06:30.767"></status>
</kw>
<status status="PASS" starttime="20191011 13:06:29.730" endtime="20191011 13:06:30.767"></status>
</kw>
<status status="PASS" starttime="20191011 13:06:29.730" endtime="20191011 13:06:30.767"></status>
</kw>
<kw name="Run Keyword If" library="BuiltIn">
<doc>Runs the given keyword with the given arguments, if ``condition`` is true.</doc>
<arguments>
<arg>${condition}</arg>
<arg>Unselect Frame</arg>
</arguments>
<status status="PASS" starttime="20191011 13:06:30.767" endtime="20191011 13:06:30.767"></status>
</kw>
<msg timestamp="20191011 13:06:30.767" level="INFO">${event} = 37</msg>
<status status="PASS" starttime="20191011 13:06:29.706" endtime="20191011 13:06:30.767"></status>
</kw>
<kw name="Append To List" library="Collections">
<doc>Adds ``values`` to the end of ``list``.</doc>
<arguments>
<arg>${events}</arg>
<arg>${event}</arg>
</arguments>
<status status="PASS" starttime="20191011 13:06:30.767" endtime="20191011 13:06:30.767"></status>
</kw>
<status status="PASS" starttime="20191011 13:06:27.342" endtime="20191011 13:06:30.767"></status>
</kw>
<kw name="${searchEvent} = open_app" type="foritem">
<kw name="Redirect" library="Firebase">
<arguments>
<arg>https://analytics.google.com/analytics/app/mobile/?authuser=0&amp;hl=th&amp;fpn=828751992199#/p182686739/m/events/overview?t=${today[0]}&amp;fpn=828751992199&amp;sus=not_upgraded&amp;sgu=1&amp;swu=1&amp;params=_r..layout.pageNumber%3D0%26_u..pageSize%3D25%26_u.dateOption%3Dtoday%26_r..layout.searchTerm%3D${searchEvent}</arg>
</arguments>
<kw name="${interval} IN RANGE [ 5 ]" type="for">
<kw name="${interval} = 0" type="foritem">
<kw name="Go To" library="SeleniumLibrary">
<doc>Navigates the active browser instance to the provided ``url``.</doc>
<arguments>
<arg>${url}</arg>
</arguments>
<msg timestamp="20191011 13:06:30.767" level="INFO">Opening url 'https://analytics.google.com/analytics/app/mobile/?authuser=0&amp;hl=th&amp;fpn=828751992199#/p182686739/m/events/overview?t=1570726800000&amp;fpn=828751992199&amp;sus=not_upgraded&amp;sgu=1&amp;swu=1&amp;params=_r..layout.pageNumber%3D0%26_u..pageSize%3D25%26_u.dateOption%3Dtoday%26_r..layout.searchTerm%3Dopen_app'</msg>
<status status="PASS" starttime="20191011 13:06:30.767" endtime="20191011 13:06:30.775"></status>
</kw>
<kw name="Run Keyword And Return Status" library="BuiltIn">
<doc>Runs the given keyword with given arguments and returns the status as a Boolean value.</doc>
<arguments>
<arg>Location Should Contain</arg>
<arg>${url}</arg>
</arguments>
<assign>
<var>${condition}</var>
</assign>
<kw name="Location Should Contain" library="SeleniumLibrary">
<doc>Verifies that current URL contains ``expected``.</doc>
<arguments>
<arg>${url}</arg>
</arguments>
<msg timestamp="20191011 13:06:30.783" level="INFO">Current location contains 'https://analytics.google.com/analytics/app/mobile/?authuser=0&amp;hl=th&amp;fpn=828751992199#/p182686739/m/events/overview?t=1570726800000&amp;fpn=828751992199&amp;sus=not_upgraded&amp;sgu=1&amp;swu=1&amp;params=_r..layout.pageNumber%3D0%26_u..pageSize%3D25%26_u.dateOption%3Dtoday%26_r..layout.searchTerm%3Dopen_app'.</msg>
<status status="PASS" starttime="20191011 13:06:30.775" endtime="20191011 13:06:30.783"></status>
</kw>
<msg timestamp="20191011 13:06:30.783" level="INFO">${condition} = True</msg>
<status status="PASS" starttime="20191011 13:06:30.775" endtime="20191011 13:06:30.783"></status>
</kw>
<kw name="Exit For Loop If" library="BuiltIn">
<doc>Stops executing the enclosing for loop if the ``condition`` is true.</doc>
<arguments>
<arg>${condition}</arg>
</arguments>
<msg timestamp="20191011 13:06:30.783" level="INFO">Exiting for loop altogether.</msg>
<status status="PASS" starttime="20191011 13:06:30.783" endtime="20191011 13:06:30.783"></status>
</kw>
<status status="PASS" starttime="20191011 13:06:30.767" endtime="20191011 13:06:30.783"></status>
</kw>
<status status="PASS" starttime="20191011 13:06:30.767" endtime="20191011 13:06:30.783"></status>
</kw>
<status status="PASS" starttime="20191011 13:06:30.767" endtime="20191011 13:06:30.783"></status>
</kw>
<kw name="Wait Until Element Contains" library="SeleniumLibrary">
<doc>Waits until element ``locator`` contains ``text``.</doc>
<arguments>
<arg>css=.event-name</arg>
<arg>${searchEvent}</arg>
</arguments>
<status status="PASS" starttime="20191011 13:06:30.783" endtime="20191011 13:06:31.769"></status>
</kw>
<kw name="Get Actually Text" library="Firebase">
<arguments>
<arg>xpath=(//*[@class="data ng-binding"])[1]</arg>
</arguments>
<assign>
<var>${event}</var>
</assign>
<kw name="Evaluate" library="BuiltIn">
<doc>Evaluates the given expression in Python and returns the results.</doc>
<arguments>
<arg>'${iframe}' != ''</arg>
</arguments>
<assign>
<var>${condition}</var>
</assign>
<msg timestamp="20191011 13:06:31.769" level="INFO">${condition} = False</msg>
<status status="PASS" starttime="20191011 13:06:31.769" endtime="20191011 13:06:31.769"></status>
</kw>
<kw name="Run Keyword If" library="BuiltIn">
<doc>Runs the given keyword with the given arguments, if ``condition`` is true.</doc>
<arguments>
<arg>${condition}</arg>
<arg>Select Frame</arg>
<arg>${iframe}</arg>
</arguments>
<status status="PASS" starttime="20191011 13:06:31.769" endtime="20191011 13:06:31.769"></status>
</kw>
<kw name="Wait Until Element Is Visible" library="SeleniumLibrary">
<doc>Waits until element ``locator`` is visible.</doc>
<arguments>
<arg>${locator}</arg>
</arguments>
<status status="PASS" starttime="20191011 13:06:31.769" endtime="20191011 13:06:31.793"></status>
</kw>
<kw name="${interval} IN RANGE [ 5 ]" type="for">
<kw name="${interval} = 0" type="foritem">
<kw name="Sleep" library="BuiltIn">
<doc>Pauses the test executed for the given time.</doc>
<arguments>
<arg>1s</arg>
</arguments>
<msg timestamp="20191011 13:06:32.795" level="INFO">Slept 1 second</msg>
<status status="PASS" starttime="20191011 13:06:31.793" endtime="20191011 13:06:32.795"></status>
</kw>
<kw name="Wait Until Element Is Visible" library="SeleniumLibrary">
<doc>Waits until element ``locator`` is visible.</doc>
<arguments>
<arg>${locator}</arg>
</arguments>
<status status="PASS" starttime="20191011 13:06:32.795" endtime="20191011 13:06:32.811"></status>
</kw>
<kw name="Get Text" library="SeleniumLibrary">
<doc>Returns the text value of element identified by ``locator``.</doc>
<arguments>
<arg>${locator}</arg>
</arguments>
<assign>
<var>${text}</var>
</assign>
<msg timestamp="20191011 13:06:32.819" level="INFO">${text} = 284</msg>
<status status="PASS" starttime="20191011 13:06:32.811" endtime="20191011 13:06:32.819"></status>
</kw>
<kw name="Run Keyword And Ignore Error" library="BuiltIn">
<doc>Runs the given keyword with the given arguments and ignores possible error.</doc>
<arguments>
<arg>Exit For Loop If</arg>
<arg>${text} &gt; 0</arg>
</arguments>
<kw name="Exit For Loop If" library="BuiltIn">
<doc>Stops executing the enclosing for loop if the ``condition`` is true.</doc>
<arguments>
<arg>${text} &gt; 0</arg>
</arguments>
<msg timestamp="20191011 13:06:32.827" level="INFO">Exiting for loop altogether.</msg>
<status status="PASS" starttime="20191011 13:06:32.827" endtime="20191011 13:06:32.827"></status>
</kw>
<status status="PASS" starttime="20191011 13:06:32.827" endtime="20191011 13:06:32.827"></status>
</kw>
<status status="PASS" starttime="20191011 13:06:31.793" endtime="20191011 13:06:32.827"></status>
</kw>
<status status="PASS" starttime="20191011 13:06:31.793" endtime="20191011 13:06:32.827"></status>
</kw>
<kw name="Run Keyword If" library="BuiltIn">
<doc>Runs the given keyword with the given arguments, if ``condition`` is true.</doc>
<arguments>
<arg>${condition}</arg>
<arg>Unselect Frame</arg>
</arguments>
<status status="PASS" starttime="20191011 13:06:32.827" endtime="20191011 13:06:32.827"></status>
</kw>
<msg timestamp="20191011 13:06:32.827" level="INFO">${event} = 284</msg>
<status status="PASS" starttime="20191011 13:06:31.769" endtime="20191011 13:06:32.827"></status>
</kw>
<kw name="Append To List" library="Collections">
<doc>Adds ``values`` to the end of ``list``.</doc>
<arguments>
<arg>${events}</arg>
<arg>${event}</arg>
</arguments>
<status status="PASS" starttime="20191011 13:06:32.827" endtime="20191011 13:06:32.827"></status>
</kw>
<status status="PASS" starttime="20191011 13:06:30.767" endtime="20191011 13:06:32.827"></status>
</kw>
<kw name="${searchEvent} = profile_edit_click" type="foritem">
<kw name="Redirect" library="Firebase">
<arguments>
<arg>https://analytics.google.com/analytics/app/mobile/?authuser=0&amp;hl=th&amp;fpn=828751992199#/p182686739/m/events/overview?t=${today[0]}&amp;fpn=828751992199&amp;sus=not_upgraded&amp;sgu=1&amp;swu=1&amp;params=_r..layout.pageNumber%3D0%26_u..pageSize%3D25%26_u.dateOption%3Dtoday%26_r..layout.searchTerm%3D${searchEvent}</arg>
</arguments>
<kw name="${interval} IN RANGE [ 5 ]" type="for">
<kw name="${interval} = 0" type="foritem">
<kw name="Go To" library="SeleniumLibrary">
<doc>Navigates the active browser instance to the provided ``url``.</doc>
<arguments>
<arg>${url}</arg>
</arguments>
<msg timestamp="20191011 13:06:32.827" level="INFO">Opening url 'https://analytics.google.com/analytics/app/mobile/?authuser=0&amp;hl=th&amp;fpn=828751992199#/p182686739/m/events/overview?t=1570726800000&amp;fpn=828751992199&amp;sus=not_upgraded&amp;sgu=1&amp;swu=1&amp;params=_r..layout.pageNumber%3D0%26_u..pageSize%3D25%26_u.dateOption%3Dtoday%26_r..layout.searchTerm%3Dprofile_edit_click'</msg>
<status status="PASS" starttime="20191011 13:06:32.827" endtime="20191011 13:06:32.835"></status>
</kw>
<kw name="Run Keyword And Return Status" library="BuiltIn">
<doc>Runs the given keyword with given arguments and returns the status as a Boolean value.</doc>
<arguments>
<arg>Location Should Contain</arg>
<arg>${url}</arg>
</arguments>
<assign>
<var>${condition}</var>
</assign>
<kw name="Location Should Contain" library="SeleniumLibrary">
<doc>Verifies that current URL contains ``expected``.</doc>
<arguments>
<arg>${url}</arg>
</arguments>
<msg timestamp="20191011 13:06:32.835" level="INFO">Current location contains 'https://analytics.google.com/analytics/app/mobile/?authuser=0&amp;hl=th&amp;fpn=828751992199#/p182686739/m/events/overview?t=1570726800000&amp;fpn=828751992199&amp;sus=not_upgraded&amp;sgu=1&amp;swu=1&amp;params=_r..layout.pageNumber%3D0%26_u..pageSize%3D25%26_u.dateOption%3Dtoday%26_r..layout.searchTerm%3Dprofile_edit_click'.</msg>
<status status="PASS" starttime="20191011 13:06:32.835" endtime="20191011 13:06:32.835"></status>
</kw>
<msg timestamp="20191011 13:06:32.835" level="INFO">${condition} = True</msg>
<status status="PASS" starttime="20191011 13:06:32.835" endtime="20191011 13:06:32.835"></status>
</kw>
<kw name="Exit For Loop If" library="BuiltIn">
<doc>Stops executing the enclosing for loop if the ``condition`` is true.</doc>
<arguments>
<arg>${condition}</arg>
</arguments>
<msg timestamp="20191011 13:06:32.835" level="INFO">Exiting for loop altogether.</msg>
<status status="PASS" starttime="20191011 13:06:32.835" endtime="20191011 13:06:32.835"></status>
</kw>
<status status="PASS" starttime="20191011 13:06:32.827" endtime="20191011 13:06:32.835"></status>
</kw>
<status status="PASS" starttime="20191011 13:06:32.827" endtime="20191011 13:06:32.835"></status>
</kw>
<status status="PASS" starttime="20191011 13:06:32.827" endtime="20191011 13:06:32.835"></status>
</kw>
<kw name="Wait Until Element Contains" library="SeleniumLibrary">
<doc>Waits until element ``locator`` contains ``text``.</doc>
<arguments>
<arg>css=.event-name</arg>
<arg>${searchEvent}</arg>
</arguments>
<msg timestamp="20191011 13:06:34.034" level="INFO">Suppressing StaleElementReferenceException from Selenium.</msg>
<status status="PASS" starttime="20191011 13:06:32.835" endtime="20191011 13:06:34.243"></status>
</kw>
<kw name="Get Actually Text" library="Firebase">
<arguments>
<arg>xpath=(//*[@class="data ng-binding"])[1]</arg>
</arguments>
<assign>
<var>${event}</var>
</assign>
<kw name="Evaluate" library="BuiltIn">
<doc>Evaluates the given expression in Python and returns the results.</doc>
<arguments>
<arg>'${iframe}' != ''</arg>
</arguments>
<assign>
<var>${condition}</var>
</assign>
<msg timestamp="20191011 13:06:34.243" level="INFO">${condition} = False</msg>
<status status="PASS" starttime="20191011 13:06:34.243" endtime="20191011 13:06:34.243"></status>
</kw>
<kw name="Run Keyword If" library="BuiltIn">
<doc>Runs the given keyword with the given arguments, if ``condition`` is true.</doc>
<arguments>
<arg>${condition}</arg>
<arg>Select Frame</arg>
<arg>${iframe}</arg>
</arguments>
<status status="PASS" starttime="20191011 13:06:34.243" endtime="20191011 13:06:34.243"></status>
</kw>
<kw name="Wait Until Element Is Visible" library="SeleniumLibrary">
<doc>Waits until element ``locator`` is visible.</doc>
<arguments>
<arg>${locator}</arg>
</arguments>
<status status="PASS" starttime="20191011 13:06:34.243" endtime="20191011 13:06:34.259"></status>
</kw>
<kw name="${interval} IN RANGE [ 5 ]" type="for">
<kw name="${interval} = 0" type="foritem">
<kw name="Sleep" library="BuiltIn">
<doc>Pauses the test executed for the given time.</doc>
<arguments>
<arg>1s</arg>
</arguments>
<msg timestamp="20191011 13:06:35.269" level="INFO">Slept 1 second</msg>
<status status="PASS" starttime="20191011 13:06:34.267" endtime="20191011 13:06:35.269"></status>
</kw>
<kw name="Wait Until Element Is Visible" library="SeleniumLibrary">
<doc>Waits until element ``locator`` is visible.</doc>
<arguments>
<arg>${locator}</arg>
</arguments>
<status status="PASS" starttime="20191011 13:06:35.269" endtime="20191011 13:06:35.285"></status>
</kw>
<kw name="Get Text" library="SeleniumLibrary">
<doc>Returns the text value of element identified by ``locator``.</doc>
<arguments>
<arg>${locator}</arg>
</arguments>
<assign>
<var>${text}</var>
</assign>
<msg timestamp="20191011 13:06:35.293" level="INFO">${text} = 7</msg>
<status status="PASS" starttime="20191011 13:06:35.285" endtime="20191011 13:06:35.293"></status>
</kw>
<kw name="Run Keyword And Ignore Error" library="BuiltIn">
<doc>Runs the given keyword with the given arguments and ignores possible error.</doc>
<arguments>
<arg>Exit For Loop If</arg>
<arg>${text} &gt; 0</arg>
</arguments>
<kw name="Exit For Loop If" library="BuiltIn">
<doc>Stops executing the enclosing for loop if the ``condition`` is true.</doc>
<arguments>
<arg>${text} &gt; 0</arg>
</arguments>
<msg timestamp="20191011 13:06:35.301" level="INFO">Exiting for loop altogether.</msg>
<status status="PASS" starttime="20191011 13:06:35.301" endtime="20191011 13:06:35.301"></status>
</kw>
<status status="PASS" starttime="20191011 13:06:35.293" endtime="20191011 13:06:35.301"></status>
</kw>
<status status="PASS" starttime="20191011 13:06:34.267" endtime="20191011 13:06:35.301"></status>
</kw>
<status status="PASS" starttime="20191011 13:06:34.259" endtime="20191011 13:06:35.301"></status>
</kw>
<kw name="Run Keyword If" library="BuiltIn">
<doc>Runs the given keyword with the given arguments, if ``condition`` is true.</doc>
<arguments>
<arg>${condition}</arg>
<arg>Unselect Frame</arg>
</arguments>
<status status="PASS" starttime="20191011 13:06:35.301" endtime="20191011 13:06:35.301"></status>
</kw>
<msg timestamp="20191011 13:06:35.301" level="INFO">${event} = 7</msg>
<status status="PASS" starttime="20191011 13:06:34.243" endtime="20191011 13:06:35.301"></status>
</kw>
<kw name="Append To List" library="Collections">
<doc>Adds ``values`` to the end of ``list``.</doc>
<arguments>
<arg>${events}</arg>
<arg>${event}</arg>
</arguments>
<status status="PASS" starttime="20191011 13:06:35.301" endtime="20191011 13:06:35.301"></status>
</kw>
<status status="PASS" starttime="20191011 13:06:32.827" endtime="20191011 13:06:35.301"></status>
</kw>
<kw name="${searchEvent} = profile_view" type="foritem">
<kw name="Redirect" library="Firebase">
<arguments>
<arg>https://analytics.google.com/analytics/app/mobile/?authuser=0&amp;hl=th&amp;fpn=828751992199#/p182686739/m/events/overview?t=${today[0]}&amp;fpn=828751992199&amp;sus=not_upgraded&amp;sgu=1&amp;swu=1&amp;params=_r..layout.pageNumber%3D0%26_u..pageSize%3D25%26_u.dateOption%3Dtoday%26_r..layout.searchTerm%3D${searchEvent}</arg>
</arguments>
<kw name="${interval} IN RANGE [ 5 ]" type="for">
<kw name="${interval} = 0" type="foritem">
<kw name="Go To" library="SeleniumLibrary">
<doc>Navigates the active browser instance to the provided ``url``.</doc>
<arguments>
<arg>${url}</arg>
</arguments>
<msg timestamp="20191011 13:06:35.301" level="INFO">Opening url 'https://analytics.google.com/analytics/app/mobile/?authuser=0&amp;hl=th&amp;fpn=828751992199#/p182686739/m/events/overview?t=1570726800000&amp;fpn=828751992199&amp;sus=not_upgraded&amp;sgu=1&amp;swu=1&amp;params=_r..layout.pageNumber%3D0%26_u..pageSize%3D25%26_u.dateOption%3Dtoday%26_r..layout.searchTerm%3Dprofile_view'</msg>
<status status="PASS" starttime="20191011 13:06:35.301" endtime="20191011 13:06:35.309"></status>
</kw>
<kw name="Run Keyword And Return Status" library="BuiltIn">
<doc>Runs the given keyword with given arguments and returns the status as a Boolean value.</doc>
<arguments>
<arg>Location Should Contain</arg>
<arg>${url}</arg>
</arguments>
<assign>
<var>${condition}</var>
</assign>
<kw name="Location Should Contain" library="SeleniumLibrary">
<doc>Verifies that current URL contains ``expected``.</doc>
<arguments>
<arg>${url}</arg>
</arguments>
<msg timestamp="20191011 13:06:35.309" level="INFO">Current location contains 'https://analytics.google.com/analytics/app/mobile/?authuser=0&amp;hl=th&amp;fpn=828751992199#/p182686739/m/events/overview?t=1570726800000&amp;fpn=828751992199&amp;sus=not_upgraded&amp;sgu=1&amp;swu=1&amp;params=_r..layout.pageNumber%3D0%26_u..pageSize%3D25%26_u.dateOption%3Dtoday%26_r..layout.searchTerm%3Dprofile_view'.</msg>
<status status="PASS" starttime="20191011 13:06:35.309" endtime="20191011 13:06:35.309"></status>
</kw>
<msg timestamp="20191011 13:06:35.309" level="INFO">${condition} = True</msg>
<status status="PASS" starttime="20191011 13:06:35.309" endtime="20191011 13:06:35.309"></status>
</kw>
<kw name="Exit For Loop If" library="BuiltIn">
<doc>Stops executing the enclosing for loop if the ``condition`` is true.</doc>
<arguments>
<arg>${condition}</arg>
</arguments>
<msg timestamp="20191011 13:06:35.309" level="INFO">Exiting for loop altogether.</msg>
<status status="PASS" starttime="20191011 13:06:35.309" endtime="20191011 13:06:35.309"></status>
</kw>
<status status="PASS" starttime="20191011 13:06:35.301" endtime="20191011 13:06:35.309"></status>
</kw>
<status status="PASS" starttime="20191011 13:06:35.301" endtime="20191011 13:06:35.309"></status>
</kw>
<status status="PASS" starttime="20191011 13:06:35.301" endtime="20191011 13:06:35.309"></status>
</kw>
<kw name="Wait Until Element Contains" library="SeleniumLibrary">
<doc>Waits until element ``locator`` contains ``text``.</doc>
<arguments>
<arg>css=.event-name</arg>
<arg>${searchEvent}</arg>
</arguments>
<status status="PASS" starttime="20191011 13:06:35.309" endtime="20191011 13:06:36.547"></status>
</kw>
<kw name="Get Actually Text" library="Firebase">
<arguments>
<arg>xpath=(//*[@class="data ng-binding"])[1]</arg>
</arguments>
<assign>
<var>${event}</var>
</assign>
<kw name="Evaluate" library="BuiltIn">
<doc>Evaluates the given expression in Python and returns the results.</doc>
<arguments>
<arg>'${iframe}' != ''</arg>
</arguments>
<assign>
<var>${condition}</var>
</assign>
<msg timestamp="20191011 13:06:36.547" level="INFO">${condition} = False</msg>
<status status="PASS" starttime="20191011 13:06:36.547" endtime="20191011 13:06:36.547"></status>
</kw>
<kw name="Run Keyword If" library="BuiltIn">
<doc>Runs the given keyword with the given arguments, if ``condition`` is true.</doc>
<arguments>
<arg>${condition}</arg>
<arg>Select Frame</arg>
<arg>${iframe}</arg>
</arguments>
<status status="PASS" starttime="20191011 13:06:36.547" endtime="20191011 13:06:36.547"></status>
</kw>
<kw name="Wait Until Element Is Visible" library="SeleniumLibrary">
<doc>Waits until element ``locator`` is visible.</doc>
<arguments>
<arg>${locator}</arg>
</arguments>
<status status="PASS" starttime="20191011 13:06:36.547" endtime="20191011 13:06:36.563"></status>
</kw>
<kw name="${interval} IN RANGE [ 5 ]" type="for">
<kw name="${interval} = 0" type="foritem">
<kw name="Sleep" library="BuiltIn">
<doc>Pauses the test executed for the given time.</doc>
<arguments>
<arg>1s</arg>
</arguments>
<msg timestamp="20191011 13:06:37.579" level="INFO">Slept 1 second</msg>
<status status="PASS" starttime="20191011 13:06:36.563" endtime="20191011 13:06:37.579"></status>
</kw>
<kw name="Wait Until Element Is Visible" library="SeleniumLibrary">
<doc>Waits until element ``locator`` is visible.</doc>
<arguments>
<arg>${locator}</arg>
</arguments>
<status status="PASS" starttime="20191011 13:06:37.579" endtime="20191011 13:06:37.595"></status>
</kw>
<kw name="Get Text" library="SeleniumLibrary">
<doc>Returns the text value of element identified by ``locator``.</doc>
<arguments>
<arg>${locator}</arg>
</arguments>
<assign>
<var>${text}</var>
</assign>
<msg timestamp="20191011 13:06:37.603" level="INFO">${text} = 36</msg>
<status status="PASS" starttime="20191011 13:06:37.595" endtime="20191011 13:06:37.603"></status>
</kw>
<kw name="Run Keyword And Ignore Error" library="BuiltIn">
<doc>Runs the given keyword with the given arguments and ignores possible error.</doc>
<arguments>
<arg>Exit For Loop If</arg>
<arg>${text} &gt; 0</arg>
</arguments>
<kw name="Exit For Loop If" library="BuiltIn">
<doc>Stops executing the enclosing for loop if the ``condition`` is true.</doc>
<arguments>
<arg>${text} &gt; 0</arg>
</arguments>
<msg timestamp="20191011 13:06:37.603" level="INFO">Exiting for loop altogether.</msg>
<status status="PASS" starttime="20191011 13:06:37.603" endtime="20191011 13:06:37.603"></status>
</kw>
<status status="PASS" starttime="20191011 13:06:37.603" endtime="20191011 13:06:37.603"></status>
</kw>
<status status="PASS" starttime="20191011 13:06:36.563" endtime="20191011 13:06:37.603"></status>
</kw>
<status status="PASS" starttime="20191011 13:06:36.563" endtime="20191011 13:06:37.603"></status>
</kw>
<kw name="Run Keyword If" library="BuiltIn">
<doc>Runs the given keyword with the given arguments, if ``condition`` is true.</doc>
<arguments>
<arg>${condition}</arg>
<arg>Unselect Frame</arg>
</arguments>
<status status="PASS" starttime="20191011 13:06:37.611" endtime="20191011 13:06:37.611"></status>
</kw>
<msg timestamp="20191011 13:06:37.611" level="INFO">${event} = 36</msg>
<status status="PASS" starttime="20191011 13:06:36.547" endtime="20191011 13:06:37.611"></status>
</kw>
<kw name="Append To List" library="Collections">
<doc>Adds ``values`` to the end of ``list``.</doc>
<arguments>
<arg>${events}</arg>
<arg>${event}</arg>
</arguments>
<status status="PASS" starttime="20191011 13:06:37.611" endtime="20191011 13:06:37.611"></status>
</kw>
<status status="PASS" starttime="20191011 13:06:35.301" endtime="20191011 13:06:37.611"></status>
</kw>
<kw name="${searchEvent} = profile_card_change" type="foritem">
<kw name="Redirect" library="Firebase">
<arguments>
<arg>https://analytics.google.com/analytics/app/mobile/?authuser=0&amp;hl=th&amp;fpn=828751992199#/p182686739/m/events/overview?t=${today[0]}&amp;fpn=828751992199&amp;sus=not_upgraded&amp;sgu=1&amp;swu=1&amp;params=_r..layout.pageNumber%3D0%26_u..pageSize%3D25%26_u.dateOption%3Dtoday%26_r..layout.searchTerm%3D${searchEvent}</arg>
</arguments>
<kw name="${interval} IN RANGE [ 5 ]" type="for">
<kw name="${interval} = 0" type="foritem">
<kw name="Go To" library="SeleniumLibrary">
<doc>Navigates the active browser instance to the provided ``url``.</doc>
<arguments>
<arg>${url}</arg>
</arguments>
<msg timestamp="20191011 13:06:37.611" level="INFO">Opening url 'https://analytics.google.com/analytics/app/mobile/?authuser=0&amp;hl=th&amp;fpn=828751992199#/p182686739/m/events/overview?t=1570726800000&amp;fpn=828751992199&amp;sus=not_upgraded&amp;sgu=1&amp;swu=1&amp;params=_r..layout.pageNumber%3D0%26_u..pageSize%3D25%26_u.dateOption%3Dtoday%26_r..layout.searchTerm%3Dprofile_card_change'</msg>
<status status="PASS" starttime="20191011 13:06:37.611" endtime="20191011 13:06:37.619"></status>
</kw>
<kw name="Run Keyword And Return Status" library="BuiltIn">
<doc>Runs the given keyword with given arguments and returns the status as a Boolean value.</doc>
<arguments>
<arg>Location Should Contain</arg>
<arg>${url}</arg>
</arguments>
<assign>
<var>${condition}</var>
</assign>
<kw name="Location Should Contain" library="SeleniumLibrary">
<doc>Verifies that current URL contains ``expected``.</doc>
<arguments>
<arg>${url}</arg>
</arguments>
<msg timestamp="20191011 13:06:37.619" level="INFO">Current location contains 'https://analytics.google.com/analytics/app/mobile/?authuser=0&amp;hl=th&amp;fpn=828751992199#/p182686739/m/events/overview?t=1570726800000&amp;fpn=828751992199&amp;sus=not_upgraded&amp;sgu=1&amp;swu=1&amp;params=_r..layout.pageNumber%3D0%26_u..pageSize%3D25%26_u.dateOption%3Dtoday%26_r..layout.searchTerm%3Dprofile_card_change'.</msg>
<status status="PASS" starttime="20191011 13:06:37.619" endtime="20191011 13:06:37.619"></status>
</kw>
<msg timestamp="20191011 13:06:37.619" level="INFO">${condition} = True</msg>
<status status="PASS" starttime="20191011 13:06:37.619" endtime="20191011 13:06:37.619"></status>
</kw>
<kw name="Exit For Loop If" library="BuiltIn">
<doc>Stops executing the enclosing for loop if the ``condition`` is true.</doc>
<arguments>
<arg>${condition}</arg>
</arguments>
<msg timestamp="20191011 13:06:37.619" level="INFO">Exiting for loop altogether.</msg>
<status status="PASS" starttime="20191011 13:06:37.619" endtime="20191011 13:06:37.619"></status>
</kw>
<status status="PASS" starttime="20191011 13:06:37.611" endtime="20191011 13:06:37.619"></status>
</kw>
<status status="PASS" starttime="20191011 13:06:37.611" endtime="20191011 13:06:37.619"></status>
</kw>
<status status="PASS" starttime="20191011 13:06:37.611" endtime="20191011 13:06:37.619"></status>
</kw>
<kw name="Wait Until Element Contains" library="SeleniumLibrary">
<doc>Waits until element ``locator`` contains ``text``.</doc>
<arguments>
<arg>css=.event-name</arg>
<arg>${searchEvent}</arg>
</arguments>
<status status="PASS" starttime="20191011 13:06:37.619" endtime="20191011 13:06:38.602"></status>
</kw>
<kw name="Get Actually Text" library="Firebase">
<arguments>
<arg>xpath=(//*[@class="data ng-binding"])[1]</arg>
</arguments>
<assign>
<var>${event}</var>
</assign>
<kw name="Evaluate" library="BuiltIn">
<doc>Evaluates the given expression in Python and returns the results.</doc>
<arguments>
<arg>'${iframe}' != ''</arg>
</arguments>
<assign>
<var>${condition}</var>
</assign>
<msg timestamp="20191011 13:06:38.602" level="INFO">${condition} = False</msg>
<status status="PASS" starttime="20191011 13:06:38.602" endtime="20191011 13:06:38.602"></status>
</kw>
<kw name="Run Keyword If" library="BuiltIn">
<doc>Runs the given keyword with the given arguments, if ``condition`` is true.</doc>
<arguments>
<arg>${condition}</arg>
<arg>Select Frame</arg>
<arg>${iframe}</arg>
</arguments>
<status status="PASS" starttime="20191011 13:06:38.602" endtime="20191011 13:06:38.602"></status>
</kw>
<kw name="Wait Until Element Is Visible" library="SeleniumLibrary">
<doc>Waits until element ``locator`` is visible.</doc>
<arguments>
<arg>${locator}</arg>
</arguments>
<status status="PASS" starttime="20191011 13:06:38.602" endtime="20191011 13:06:38.618"></status>
</kw>
<kw name="${interval} IN RANGE [ 5 ]" type="for">
<kw name="${interval} = 0" type="foritem">
<kw name="Sleep" library="BuiltIn">
<doc>Pauses the test executed for the given time.</doc>
<arguments>
<arg>1s</arg>
</arguments>
<msg timestamp="20191011 13:06:39.634" level="INFO">Slept 1 second</msg>
<status status="PASS" starttime="20191011 13:06:38.618" endtime="20191011 13:06:39.634"></status>
</kw>
<kw name="Wait Until Element Is Visible" library="SeleniumLibrary">
<doc>Waits until element ``locator`` is visible.</doc>
<arguments>
<arg>${locator}</arg>
</arguments>
<status status="PASS" starttime="20191011 13:06:39.634" endtime="20191011 13:06:39.650"></status>
</kw>
<kw name="Get Text" library="SeleniumLibrary">
<doc>Returns the text value of element identified by ``locator``.</doc>
<arguments>
<arg>${locator}</arg>
</arguments>
<assign>
<var>${text}</var>
</assign>
<msg timestamp="20191011 13:06:39.666" level="INFO">${text} = 6</msg>
<status status="PASS" starttime="20191011 13:06:39.650" endtime="20191011 13:06:39.666"></status>
</kw>
<kw name="Run Keyword And Ignore Error" library="BuiltIn">
<doc>Runs the given keyword with the given arguments and ignores possible error.</doc>
<arguments>
<arg>Exit For Loop If</arg>
<arg>${text} &gt; 0</arg>
</arguments>
<kw name="Exit For Loop If" library="BuiltIn">
<doc>Stops executing the enclosing for loop if the ``condition`` is true.</doc>
<arguments>
<arg>${text} &gt; 0</arg>
</arguments>
<msg timestamp="20191011 13:06:39.666" level="INFO">Exiting for loop altogether.</msg>
<status status="PASS" starttime="20191011 13:06:39.666" endtime="20191011 13:06:39.666"></status>
</kw>
<status status="PASS" starttime="20191011 13:06:39.666" endtime="20191011 13:06:39.666"></status>
</kw>
<status status="PASS" starttime="20191011 13:06:38.618" endtime="20191011 13:06:39.666"></status>
</kw>
<status status="PASS" starttime="20191011 13:06:38.618" endtime="20191011 13:06:39.666"></status>
</kw>
<kw name="Run Keyword If" library="BuiltIn">
<doc>Runs the given keyword with the given arguments, if ``condition`` is true.</doc>
<arguments>
<arg>${condition}</arg>
<arg>Unselect Frame</arg>
</arguments>
<status status="PASS" starttime="20191011 13:06:39.666" endtime="20191011 13:06:39.666"></status>
</kw>
<msg timestamp="20191011 13:06:39.666" level="INFO">${event} = 6</msg>
<status status="PASS" starttime="20191011 13:06:38.602" endtime="20191011 13:06:39.666"></status>
</kw>
<kw name="Append To List" library="Collections">
<doc>Adds ``values`` to the end of ``list``.</doc>
<arguments>
<arg>${events}</arg>
<arg>${event}</arg>
</arguments>
<status status="PASS" starttime="20191011 13:06:39.666" endtime="20191011 13:06:39.666"></status>
</kw>
<status status="PASS" starttime="20191011 13:06:37.611" endtime="20191011 13:06:39.666"></status>
</kw>
<kw name="${searchEvent} = profile_interest_change" type="foritem">
<kw name="Redirect" library="Firebase">
<arguments>
<arg>https://analytics.google.com/analytics/app/mobile/?authuser=0&amp;hl=th&amp;fpn=828751992199#/p182686739/m/events/overview?t=${today[0]}&amp;fpn=828751992199&amp;sus=not_upgraded&amp;sgu=1&amp;swu=1&amp;params=_r..layout.pageNumber%3D0%26_u..pageSize%3D25%26_u.dateOption%3Dtoday%26_r..layout.searchTerm%3D${searchEvent}</arg>
</arguments>
<kw name="${interval} IN RANGE [ 5 ]" type="for">
<kw name="${interval} = 0" type="foritem">
<kw name="Go To" library="SeleniumLibrary">
<doc>Navigates the active browser instance to the provided ``url``.</doc>
<arguments>
<arg>${url}</arg>
</arguments>
<msg timestamp="20191011 13:06:39.666" level="INFO">Opening url 'https://analytics.google.com/analytics/app/mobile/?authuser=0&amp;hl=th&amp;fpn=828751992199#/p182686739/m/events/overview?t=1570726800000&amp;fpn=828751992199&amp;sus=not_upgraded&amp;sgu=1&amp;swu=1&amp;params=_r..layout.pageNumber%3D0%26_u..pageSize%3D25%26_u.dateOption%3Dtoday%26_r..layout.searchTerm%3Dprofile_interest_change'</msg>
<status status="PASS" starttime="20191011 13:06:39.666" endtime="20191011 13:06:39.674"></status>
</kw>
<kw name="Run Keyword And Return Status" library="BuiltIn">
<doc>Runs the given keyword with given arguments and returns the status as a Boolean value.</doc>
<arguments>
<arg>Location Should Contain</arg>
<arg>${url}</arg>
</arguments>
<assign>
<var>${condition}</var>
</assign>
<kw name="Location Should Contain" library="SeleniumLibrary">
<doc>Verifies that current URL contains ``expected``.</doc>
<arguments>
<arg>${url}</arg>
</arguments>
<msg timestamp="20191011 13:06:39.682" level="INFO">Current location contains 'https://analytics.google.com/analytics/app/mobile/?authuser=0&amp;hl=th&amp;fpn=828751992199#/p182686739/m/events/overview?t=1570726800000&amp;fpn=828751992199&amp;sus=not_upgraded&amp;sgu=1&amp;swu=1&amp;params=_r..layout.pageNumber%3D0%26_u..pageSize%3D25%26_u.dateOption%3Dtoday%26_r..layout.searchTerm%3Dprofile_interest_change'.</msg>
[...]
</kw>
<status status="PASS" starttime="20191011 13:07:10.605" endtime="20191011 13:07:11.611"></status>
</kw>
<kw name="${interval} = 1" type="foritem">
<kw name="Sleep" library="BuiltIn">
<doc>Pauses the test executed for the given time.</doc>
<arguments>
<arg>1s</arg>
</arguments>
<msg timestamp="20191011 13:07:12.613" level="INFO">Slept 1 second</msg>
<status status="PASS" starttime="20191011 13:07:11.611" endtime="20191011 13:07:12.613"></status>
</kw>
<kw name="Get Element Count" library="SeleniumLibrary">
<doc>Returns number of elements matching ``locator``.</doc>
<arguments>
<arg>css=div.graph-panel__chart canvas.flot-base</arg>
</arguments>
<assign>
<var>${showGraph}</var>
</assign>
<msg timestamp="20191011 13:07:12.634" level="INFO">${showGraph} = 2</msg>
<status status="PASS" starttime="20191011 13:07:12.613" endtime="20191011 13:07:12.634"></status>
</kw>
<kw name="Exit For Loop If" library="BuiltIn">
<doc>Stops executing the enclosing for loop if the ``condition`` is true.</doc>
<arguments>
<arg>${countGraph} == ${showGraph}</arg>
</arguments>
<status status="PASS" starttime="20191011 13:07:12.634" endtime="20191011 13:07:12.635"></status>
</kw>
<status status="PASS" starttime="20191011 13:07:11.611" endtime="20191011 13:07:12.635"></status>
</kw>
<kw name="${interval} = 2" type="foritem">
<kw name="Sleep" library="BuiltIn">
<doc>Pauses the test executed for the given time.</doc>
<arguments>
<arg>1s</arg>
</arguments>
<msg timestamp="20191011 13:07:13.636" level="INFO">Slept 1 second</msg>
<status status="PASS" starttime="20191011 13:07:12.635" endtime="20191011 13:07:13.636"></status>
</kw>
<kw name="Get Element Count" library="SeleniumLibrary">
<doc>Returns number of elements matching ``locator``.</doc>
<arguments>
<arg>css=div.graph-panel__chart canvas.flot-base</arg>
</arguments>
<assign>
<var>${showGraph}</var>
</assign>
<msg timestamp="20191011 13:07:13.718" level="INFO">${showGraph} = 5</msg>
<status status="PASS" starttime="20191011 13:07:13.636" endtime="20191011 13:07:13.718"></status>
</kw>
<kw name="Exit For Loop If" library="BuiltIn">
<doc>Stops executing the enclosing for loop if the ``condition`` is true.</doc>
<arguments>
<arg>${countGraph} == ${showGraph}</arg>
</arguments>
<msg timestamp="20191011 13:07:13.719" level="INFO">Exiting for loop altogether.</msg>
<status status="PASS" starttime="20191011 13:07:13.718" endtime="20191011 13:07:13.719"></status>
</kw>
<status status="PASS" starttime="20191011 13:07:12.635" endtime="20191011 13:07:13.719"></status>
</kw>
<status status="PASS" starttime="20191011 13:07:10.605" endtime="20191011 13:07:13.719"></status>
</kw>
<kw name="Wait Until Element Is Not Visible" library="SeleniumLibrary">
<doc>Waits until element ``locator`` is not visible.</doc>
<arguments>
<arg>css=div.table-panel-scroll.ng-hide</arg>
</arguments>
<status status="PASS" starttime="20191011 13:07:13.719" endtime="20191011 13:07:13.733"></status>
</kw>
<status status="PASS" starttime="20191011 13:07:09.534" endtime="20191011 13:07:13.734"></status>
</kw>
<kw name="Get Offset Height" library="Grafana">
<assign>
<var>${height}</var>
</assign>
<kw name="Execute Javascript" library="SeleniumLibrary">
<doc>Executes the given JavaScript code with possible arguments.</doc>
<arguments>
<arg>return document.getElementsByClassName('navbar')[0].offsetHeight</arg>
</arguments>
<assign>
<var>${navbar}</var>
</assign>
<msg timestamp="20191011 13:07:13.734" level="INFO">Executing JavaScript:
return document.getElementsByClassName('navbar')[0].offsetHeight
Without any arguments.</msg>
<msg timestamp="20191011 13:07:13.739" level="INFO">${navbar} = 55</msg>
<status status="PASS" starttime="20191011 13:07:13.734" endtime="20191011 13:07:13.739"></status>
</kw>
<kw name="Execute Javascript" library="SeleniumLibrary">
<doc>Executes the given JavaScript code with possible arguments.</doc>
<arguments>
<arg>return document.getElementsByClassName('dashboard-container')[0].offsetHeight</arg>
</arguments>
<assign>
<var>${container}</var>
</assign>
<msg timestamp="20191011 13:07:13.740" level="INFO">Executing JavaScript:
return document.getElementsByClassName('dashboard-container')[0].offsetHeight
Without any arguments.</msg>
<msg timestamp="20191011 13:07:13.744" level="INFO">${container} = 1981</msg>
<status status="PASS" starttime="20191011 13:07:13.739" endtime="20191011 13:07:13.744"></status>
</kw>
<msg timestamp="20191011 13:07:13.744" level="INFO">${height} = 2036</msg>
<status status="PASS" starttime="20191011 13:07:13.734" endtime="20191011 13:07:13.744"></status>
</kw>
<kw name="Set Window Size" library="SeleniumLibrary">
<doc>Sets current windows size to given ``width`` and ``height``.</doc>
<arguments>
<arg>${GRAFANA_WIDTH}</arg>
<arg>${height}</arg>
</arguments>
<status status="PASS" starttime="20191011 13:07:13.745" endtime="20191011 13:07:13.766"></status>
</kw>
<kw name="Capture Page Screenshot" library="SeleniumLibrary">
<doc>Takes screenshot of the current page and embeds it into log file.</doc>
<arguments>
<arg>${GRAFANA_SSPATH}/D01_1.png</arg>
</arguments>
<assign>
<var>${path}</var>
</assign>
<msg timestamp="20191011 13:07:13.883" level="INFO" html="yes">&lt;/td&gt;&lt;/tr&gt;&lt;tr&gt;&lt;td colspan="3"&gt;&lt;a href="Grafana_2019-10-11_13-06-54/D01_1.png"&gt;&lt;img src="Grafana_2019-10-11_13-06-54/D01_1.png" width="800px"&gt;&lt;/a&gt;</msg>
<msg timestamp="20191011 13:07:13.884" level="INFO">${path} = C:\Users\Tephudsadin\testbot\DailyReportV5\siampiwat_report\Result\Grafana_2019-10-11_13-06-54\D01_1.png</msg>
<status status="PASS" starttime="20191011 13:07:13.767" endtime="20191011 13:07:13.884"></status>
</kw>
<status status="PASS" starttime="20191011 13:07:09.078" endtime="20191011 13:07:13.884"></status>
</kw>
<kw name="Get System Monitor D01_2 Screen" library="Grafana">
<kw name="Login Grafana" library="Grafana">
<kw name="Get Variable Value" library="BuiltIn">
<doc>Returns variable value or ``default`` if the variable does not exist.</doc>
<arguments>
<arg>${loginGrafana}</arg>
<arg>${false}</arg>
</arguments>
<assign>
<var>${loginGrafana}</var>
</assign>
<msg timestamp="20191011 13:07:13.885" level="INFO">${loginGrafana} = True</msg>
<status status="PASS" starttime="20191011 13:07:13.885" endtime="20191011 13:07:13.885"></status>
</kw>
<kw name="Return From Keyword If" library="BuiltIn">
<doc>Returns from the enclosing user keyword if ``condition`` is true.</doc>
<arguments>
<arg>${loginGrafana} == ${true}</arg>
</arguments>
<msg timestamp="20191011 13:07:13.886" level="INFO">Returning from the enclosing user keyword.</msg>
<status status="PASS" starttime="20191011 13:07:13.885" endtime="20191011 13:07:13.886"></status>
</kw>
<status status="PASS" starttime="20191011 13:07:13.885" endtime="20191011 13:07:13.886"></status>
</kw>
<kw name="Set Window Size" library="SeleniumLibrary">
<doc>Sets current windows size to given ``width`` and ``height``.</doc>
<arguments>
<arg>${GRAFANA_WIDTH}</arg>
<arg>${GRAFANA_HEIGHT}</arg>
</arguments>
<status status="PASS" starttime="20191011 13:07:13.886" endtime="20191011 13:07:13.913"></status>
</kw>
<kw name="Go To" library="SeleniumLibrary">
<doc>Navigates the active browser instance to the provided ``url``.</doc>
<arguments>
<arg>http://grafana.siampiwat.in:3000/d/000000012/zabbix-system-monitoring?orgId=1&amp;var-group=Damocles&amp;var-host=D01_2</arg>
</arguments>
<msg timestamp="20191011 13:07:13.913" level="INFO">Opening url 'http://grafana.siampiwat.in:3000/d/000000012/zabbix-system-monitoring?orgId=1&amp;var-group=Damocles&amp;var-host=D01_2'</msg>
<status status="PASS" starttime="20191011 13:07:13.913" endtime="20191011 13:07:14.345"></status>
</kw>
<kw name="Wait Until Graph And Table Are Visible" library="Grafana">
<kw name="Wait Until Element Is Visible" library="SeleniumLibrary">
<doc>Waits until element ``locator`` is visible.</doc>
<arguments>
<arg>css=div.graph-panel__chart</arg>
</arguments>
<status status="PASS" starttime="20191011 13:07:14.345" endtime="20191011 13:07:15.358"></status>
</kw>
<kw name="Get Element Count" library="SeleniumLibrary">
<doc>Returns number of elements matching ``locator``.</doc>
<arguments>
<arg>css=div.graph-panel__chart</arg>
</arguments>
<assign>
<var>${countGraph}</var>
</assign>
<msg timestamp="20191011 13:07:15.366" level="INFO">${countGraph} = 5</msg>
<status status="PASS" starttime="20191011 13:07:15.359" endtime="20191011 13:07:15.366"></status>
</kw>
<kw name="${interval} IN RANGE [ 15 ]" type="for">
<kw name="${interval} = 0" type="foritem">
<kw name="Sleep" library="BuiltIn">
<doc>Pauses the test executed for the given time.</doc>
<arguments>
<arg>1s</arg>
</arguments>
<msg timestamp="20191011 13:07:16.368" level="INFO">Slept 1 second</msg>
<status status="PASS" starttime="20191011 13:07:15.367" endtime="20191011 13:07:16.368"></status>
</kw>
<kw name="Get Element Count" library="SeleniumLibrary">
<doc>Returns number of elements matching ``locator``.</doc>
<arguments>
<arg>css=div.graph-panel__chart canvas.flot-base</arg>
</arguments>
<assign>
<var>${showGraph}</var>
</assign>
<msg timestamp="20191011 13:07:16.372" level="INFO">${showGraph} = 0</msg>
<status status="PASS" starttime="20191011 13:07:16.368" endtime="20191011 13:07:16.372"></status>
</kw>
<kw name="Exit For Loop If" library="BuiltIn">
<doc>Stops executing the enclosing for loop if the ``condition`` is true.</doc>
<arguments>
<arg>${countGraph} == ${showGraph}</arg>
</arguments>
<status status="PASS" starttime="20191011 13:07:16.372" endtime="20191011 13:07:16.372"></status>
</kw>
<status status="PASS" starttime="20191011 13:07:15.367" endtime="20191011 13:07:16.372"></status>
</kw>
<kw name="${interval} = 1" type="foritem">
<kw name="Sleep" library="BuiltIn">
<doc>Pauses the test executed for the given time.</doc>
<arguments>
<arg>1s</arg>
</arguments>
<msg timestamp="20191011 13:07:17.374" level="INFO">Slept 1 second</msg>
<status status="PASS" starttime="20191011 13:07:16.373" endtime="20191011 13:07:17.374"></status>
</kw>
<kw name="Get Element Count" library="SeleniumLibrary">
<doc>Returns number of elements matching ``locator``.</doc>
<arguments>
<arg>css=div.graph-panel__chart canvas.flot-base</arg>
</arguments>
<assign>
<var>${showGraph}</var>
</assign>
<msg timestamp="20191011 13:07:17.384" level="INFO">${showGraph} = 3</msg>
<status status="PASS" starttime="20191011 13:07:17.374" endtime="20191011 13:07:17.384"></status>
</kw>
<kw name="Exit For Loop If" library="BuiltIn">
<doc>Stops executing the enclosing for loop if the ``condition`` is true.</doc>
<arguments>
<arg>${countGraph} == ${showGraph}</arg>
</arguments>
<status status="PASS" starttime="20191011 13:07:17.384" endtime="20191011 13:07:17.385"></status>
</kw>
<status status="PASS" starttime="20191011 13:07:16.372" endtime="20191011 13:07:17.385"></status>
</kw>
<kw name="${interval} = 2" type="foritem">
<kw name="Sleep" library="BuiltIn">
<doc>Pauses the test executed for the given time.</doc>
<arguments>
<arg>1s</arg>
</arguments>
<msg timestamp="20191011 13:07:18.385" level="INFO">Slept 1 second</msg>
<status status="PASS" starttime="20191011 13:07:17.385" endtime="20191011 13:07:18.385"></status>
</kw>
<kw name="Get Element Count" library="SeleniumLibrary">
<doc>Returns number of elements matching ``locator``.</doc>
<arguments>
<arg>css=div.graph-panel__chart canvas.flot-base</arg>
</arguments>
<assign>
<var>${showGraph}</var>
</assign>
<msg timestamp="20191011 13:07:18.500" level="INFO">${showGraph} = 5</msg>
<status status="PASS" starttime="20191011 13:07:18.385" endtime="20191011 13:07:18.500"></status>
</kw>
<kw name="Exit For Loop If" library="BuiltIn">
<doc>Stops executing the enclosing for loop if the ``condition`` is true.</doc>
<arguments>
<arg>${countGraph} == ${showGraph}</arg>
</arguments>
<msg timestamp="20191011 13:07:18.500" level="INFO">Exiting for loop altogether.</msg>
<status status="PASS" starttime="20191011 13:07:18.500" endtime="20191011 13:07:18.500"></status>
</kw>
<status status="PASS" starttime="20191011 13:07:17.385" endtime="20191011 13:07:18.500"></status>
</kw>
<status status="PASS" starttime="20191011 13:07:15.366" endtime="20191011 13:07:18.501"></status>
</kw>
<kw name="Wait Until Element Is Not Visible" library="SeleniumLibrary">
<doc>Waits until element ``locator`` is not visible.</doc>
<arguments>
<arg>css=div.table-panel-scroll.ng-hide</arg>
</arguments>
<status status="PASS" starttime="20191011 13:07:18.501" endtime="20191011 13:07:18.505"></status>
</kw>
<status status="PASS" starttime="20191011 13:07:14.345" endtime="20191011 13:07:18.505"></status>
</kw>
<kw name="Get Offset Height" library="Grafana">
<assign>
<var>${height}</var>
</assign>
<kw name="Execute Javascript" library="SeleniumLibrary">
<doc>Executes the given JavaScript code with possible arguments.</doc>
<arguments>
<arg>return document.getElementsByClassName('navbar')[0].offsetHeight</arg>
</arguments>
<assign>
<var>${navbar}</var>
</assign>
<msg timestamp="20191011 13:07:18.506" level="INFO">Executing JavaScript:
return document.getElementsByClassName('navbar')[0].offsetHeight
Without any arguments.</msg>
<msg timestamp="20191011 13:07:18.536" level="INFO">${navbar} = 55</msg>
<status status="PASS" starttime="20191011 13:07:18.505" endtime="20191011 13:07:18.536"></status>
</kw>
<kw name="Execute Javascript" library="SeleniumLibrary">
<doc>Executes the given JavaScript code with possible arguments.</doc>
<arguments>
<arg>return document.getElementsByClassName('dashboard-container')[0].offsetHeight</arg>
</arguments>
<assign>
<var>${container}</var>
</assign>
<msg timestamp="20191011 13:07:18.536" level="INFO">Executing JavaScript:
return document.getElementsByClassName('dashboard-container')[0].offsetHeight
Without any arguments.</msg>
<msg timestamp="20191011 13:07:18.541" level="INFO">${container} = 1981</msg>
<status status="PASS" starttime="20191011 13:07:18.536" endtime="20191011 13:07:18.542"></status>
</kw>
<msg timestamp="20191011 13:07:18.542" level="INFO">${height} = 2036</msg>
<status status="PASS" starttime="20191011 13:07:18.505" endtime="20191011 13:07:18.542"></status>
</kw>
<kw name="Set Window Size" library="SeleniumLibrary">
<doc>Sets current windows size to given ``width`` and ``height``.</doc>
<arguments>
<arg>${GRAFANA_WIDTH}</arg>
<arg>${height}</arg>
</arguments>
<status status="PASS" starttime="20191011 13:07:18.543" endtime="20191011 13:07:18.561"></status>
</kw>
<kw name="Capture Page Screenshot" library="SeleniumLibrary">
<doc>Takes screenshot of the current page and embeds it into log file.</doc>
<arguments>
<arg>${GRAFANA_SSPATH}/D01_2.png</arg>
</arguments>
<assign>
<var>${path}</var>
</assign>
<msg timestamp="20191011 13:07:18.673" level="INFO" html="yes">&lt;/td&gt;&lt;/tr&gt;&lt;tr&gt;&lt;td colspan="3"&gt;&lt;a href="Grafana_2019-10-11_13-06-54/D01_2.png"&gt;&lt;img src="Grafana_2019-10-11_13-06-54/D01_2.png" width="800px"&gt;&lt;/a&gt;</msg>
<msg timestamp="20191011 13:07:18.674" level="INFO">${path} = C:\Users\Tephudsadin\testbot\DailyReportV5\siampiwat_report\Result\Grafana_2019-10-11_13-06-54\D01_2.png</msg>
<status status="PASS" starttime="20191011 13:07:18.561" endtime="20191011 13:07:18.674"></status>
</kw>
<status status="PASS" starttime="20191011 13:07:13.884" endtime="20191011 13:07:18.674"></status>
</kw>
<kw name="Cap Firebase" library="Grafana">
<kw name="Open Chrome" library="Common">
<arguments>
<arg>https://docs.google.com/spreadsheets/d/12s2lIKxptnOdkBUyfApN856IUPNej-CO0R3a3JrKlaw/edit#gid=1230677867</arg>
</arguments>
<kw name="Get Variable Value" library="BuiltIn">
<doc>Returns variable value or ``default`` if the variable does not exist.</doc>
<arguments>
<arg>${openChrome}</arg>
<arg>${false}</arg>
</arguments>
<assign>
<var>${openChrome}</var>
</assign>
<msg timestamp="20191011 13:07:18.675" level="INFO">${openChrome} = True</msg>
<status status="PASS" starttime="20191011 13:07:18.675" endtime="20191011 13:07:18.675"></status>
</kw>
<kw name="Run Keyword If" library="BuiltIn">
<doc>Runs the given keyword with the given arguments, if ``condition`` is true.</doc>
<arguments>
<arg>${openChrome}</arg>
<arg>Go To</arg>
<arg>${url}</arg>
</arguments>
<kw name="Go To" library="SeleniumLibrary">
<doc>Navigates the active browser instance to the provided ``url``.</doc>
<arguments>
<arg>${url}</arg>
</arguments>
<msg timestamp="20191011 13:07:18.676" level="INFO">Opening url 'https://docs.google.com/spreadsheets/d/12s2lIKxptnOdkBUyfApN856IUPNej-CO0R3a3JrKlaw/edit#gid=1230677867'</msg>
<status status="PASS" starttime="20191011 13:07:18.676" endtime="20191011 13:07:28.920"></status>
</kw>
<status status="PASS" starttime="20191011 13:07:18.675" endtime="20191011 13:07:28.920"></status>
</kw>
<kw name="Return From Keyword If" library="BuiltIn">
<doc>Returns from the enclosing user keyword if ``condition`` is true.</doc>
<arguments>
<arg>${openChrome} == ${true}</arg>
</arguments>
<msg timestamp="20191011 13:07:28.920" level="INFO">Returning from the enclosing user keyword.</msg>
<status status="PASS" starttime="20191011 13:07:28.920" endtime="20191011 13:07:28.920"></status>
</kw>
<status status="PASS" starttime="20191011 13:07:18.675" endtime="20191011 13:07:28.920"></status>
</kw>
<kw name="Set Window Size" library="SeleniumLibrary">
<doc>Sets current windows size to given ``width`` and ``height``.</doc>
<arguments>
<arg>${GRAFANA_WIDTH}</arg>
<arg>${GRAFANA_HEIGHT}</arg>
</arguments>
<status status="PASS" starttime="20191011 13:07:28.920" endtime="20191011 13:07:28.960"></status>
</kw>
<kw name="Capture Page Screenshot" library="SeleniumLibrary">
<doc>Takes screenshot of the current page and embeds it into log file.</doc>
<arguments>
<arg>${GRAFANA_SSPATH}/Firebase.png</arg>
</arguments>
<assign>
<var>${path}</var>
</assign>
<msg timestamp="20191011 13:07:29.128" level="INFO" html="yes">&lt;/td&gt;&lt;/tr&gt;&lt;tr&gt;&lt;td colspan="3"&gt;&lt;a href="Grafana_2019-10-11_13-06-54/Firebase.png"&gt;&lt;img src="Grafana_2019-10-11_13-06-54/Firebase.png" width="800px"&gt;&lt;/a&gt;</msg>
<msg timestamp="20191011 13:07:29.128" level="INFO">${path} = C:\Users\Tephudsadin\testbot\DailyReportV5\siampiwat_report\Result\Grafana_2019-10-11_13-06-54\Firebase.png</msg>
<status status="PASS" starttime="20191011 13:07:28.960" endtime="20191011 13:07:29.128"></status>
</kw>
<status status="PASS" starttime="20191011 13:07:18.674" endtime="20191011 13:07:29.128"></status>
</kw>
<status status="PASS" starttime="20191011 13:05:32.286" endtime="20191011 13:07:29.128" critical="yes"></status>
</test>
<kw name="Close Chrome" library="Common" type="teardown">
<kw name="Return From Keyword If" library="BuiltIn">
<doc>Returns from the enclosing user keyword if ``condition`` is true.</doc>
<arguments>
<arg>${openChrome} == ${false}</arg>
</arguments>
<status status="PASS" starttime="20191011 13:07:29.128" endtime="20191011 13:07:29.128"></status>
</kw>
<kw name="Close Browser" library="SeleniumLibrary">
<doc>Closes the current browser.</doc>
<status status="PASS" starttime="20191011 13:07:29.128" endtime="20191011 13:07:30.813"></status>
</kw>
<kw name="Set Global Variable" library="BuiltIn">
<doc>Makes a variable available globally in all tests and suites.</doc>
<arguments>
<arg>${openChrome}</arg>
<arg>${false}</arg>
</arguments>
<msg timestamp="20191011 13:07:30.813" level="INFO">${openChrome} = False</msg>
<status status="PASS" starttime="20191011 13:07:30.813" endtime="20191011 13:07:30.813"></status>
</kw>
<status status="PASS" starttime="20191011 13:07:29.128" endtime="20191011 13:07:30.813"></status>
</kw>
<status status="PASS" starttime="20191011 13:05:24.126" endtime="20191011 13:07:30.813"></status>
</suite>
<statistics>
<total>
<stat pass="1" fail="0">Critical Tests</stat>
<stat pass="1" fail="0">All Tests</stat>
</total>
<tag>
</tag>
<suite>
<stat pass="1" fail="0" id="s1" name="Report">Report</stat>
</suite>
</statistics>
<errors>
</errors>
</robot>
